[ 2016-12-12T15:16:30+08:00 ] ::1 /webdemo/admin
INFO: [ app_init ] --START--
INFO: Run Behavior\BuildLiteBehavior [ RunTime:0.000000s ]
INFO: [ app_init ] --END-- [ RunTime:0.001000s ]
INFO: [ app_begin ] --START--
INFO: Run Behavior\ReadHtmlCacheBehavior [ RunTime:0.001000s ]
INFO: [ app_begin ] --END-- [ RunTime:0.001000s ]
NOTIC: [2048] Declaration of Admin\Controller\IndexController::theme() should be compatible with Think\Controller::theme($theme) G:\xampp\htdocs\webdemo\Application\Admin\Controller\IndexController.class.php 第 130 行.
INFO: [ view_parse ] --START--
INFO: [ template_filter ] --START--
INFO: Run Behavior\ContentReplaceBehavior [ RunTime:0.000000s ]
INFO: [ template_filter ] --END-- [ RunTime:0.001000s ]
INFO: Run Behavior\ParseTemplateBehavior [ RunTime:0.047003s ]
INFO: [ view_parse ] --END-- [ RunTime:0.047003s ]
INFO: [ view_filter ] --START--
INFO: Run Behavior\WriteHtmlCacheBehavior [ RunTime:0.007000s ]
INFO: [ view_filter ] --END-- [ RunTime:0.007000s ]
INFO: [ app_end ] --START--
INFO: Run Behavior\ShowPageTraceBehavior [ RunTime:0.012001s ]
INFO: [ app_end ] --END-- [ RunTime:0.012001s ]

[ 2016-12-12T15:16:30+08:00 ] ::1 /webdemo/index.php/Admin/Index/topframe
INFO: [ app_init ] --START--
INFO: Run Behavior\BuildLiteBehavior [ RunTime:0.000000s ]
INFO: [ app_init ] --END-- [ RunTime:0.000000s ]
INFO: [ app_begin ] --START--
INFO: Run Behavior\ReadHtmlCacheBehavior [ RunTime:0.000000s ]
INFO: [ app_begin ] --END-- [ RunTime:0.000000s ]
NOTIC: [2048] Declaration of Admin\Controller\IndexController::theme() should be compatible with Think\Controller::theme($theme) G:\xampp\htdocs\webdemo\Application\Admin\Controller\IndexController.class.php 第 130 行.
INFO: [ view_parse ] --START--
INFO: [ template_filter ] --START--
INFO: Run Behavior\ContentReplaceBehavior [ RunTime:0.000000s ]
INFO: [ template_filter ] --END-- [ RunTime:0.000000s ]
INFO: Run Behavior\ParseTemplateBehavior [ RunTime:0.015001s ]
INFO: [ view_parse ] --END-- [ RunTime:0.015001s ]
INFO: [ view_filter ] --START--
INFO: Run Behavior\WriteHtmlCacheBehavior [ RunTime:0.000000s ]
INFO: [ view_filter ] --END-- [ RunTime:0.000000s ]
INFO: [ app_end ] --START--
INFO: Run Behavior\ShowPageTraceBehavior [ RunTime:0.001000s ]
INFO: [ app_end ] --END-- [ RunTime:0.001000s ]

[ 2016-12-12T15:16:30+08:00 ] ::1 /webdemo/index.php/Admin/Index/leftframe
INFO: [ app_init ] --START--
INFO: Run Behavior\BuildLiteBehavior [ RunTime:0.000000s ]
INFO: [ app_init ] --END-- [ RunTime:0.001000s ]
INFO: [ app_begin ] --START--
INFO: Run Behavior\ReadHtmlCacheBehavior [ RunTime:0.001000s ]
INFO: [ app_begin ] --END-- [ RunTime:0.001000s ]
NOTIC: [2048] Declaration of Admin\Controller\IndexController::theme() should be compatible with Think\Controller::theme($theme) G:\xampp\htdocs\webdemo\Application\Admin\Controller\IndexController.class.php 第 130 行.
INFO: [ view_parse ] --START--
INFO: [ template_filter ] --START--
INFO: Run Behavior\ContentReplaceBehavior [ RunTime:0.001000s ]
INFO: [ template_filter ] --END-- [ RunTime:0.001000s ]
INFO: Run Behavior\ParseTemplateBehavior [ RunTime:0.016001s ]
INFO: [ view_parse ] --END-- [ RunTime:0.016001s ]
INFO: [ view_filter ] --START--
INFO: Run Behavior\WriteHtmlCacheBehavior [ RunTime:0.000000s ]
INFO: [ view_filter ] --END-- [ RunTime:0.000000s ]
INFO: [ app_end ] --START--
INFO: Run Behavior\ShowPageTraceBehavior [ RunTime:0.001000s ]
INFO: [ app_end ] --END-- [ RunTime:0.001000s ]

[ 2016-12-12T15:16:30+08:00 ] ::1 /webdemo/index.php/Admin/Index/defaultframe
INFO: [ app_init ] --START--
INFO: Run Behavior\BuildLiteBehavior [ RunTime:0.000000s ]
INFO: [ app_init ] --END-- [ RunTime:0.000000s ]
INFO: [ app_begin ] --START--
INFO: Run Behavior\ReadHtmlCacheBehavior [ RunTime:0.001000s ]
INFO: [ app_begin ] --END-- [ RunTime:0.001000s ]
NOTIC: [2048] Declaration of Admin\Controller\IndexController::theme() should be compatible with Think\Controller::theme($theme) G:\xampp\htdocs\webdemo\Application\Admin\Controller\IndexController.class.php 第 130 行.
INFO: [ view_parse ] --START--
INFO: [ template_filter ] --START--
INFO: Run Behavior\ContentReplaceBehavior [ RunTime:0.000000s ]
INFO: [ template_filter ] --END-- [ RunTime:0.000000s ]
INFO: Run Behavior\ParseTemplateBehavior [ RunTime:0.033002s ]
INFO: [ view_parse ] --END-- [ RunTime:0.033002s ]
INFO: [ view_filter ] --START--
INFO: Run Behavior\WriteHtmlCacheBehavior [ RunTime:0.000000s ]
INFO: [ view_filter ] --END-- [ RunTime:0.000000s ]
INFO: [ app_end ] --START--
INFO: Run Behavior\ShowPageTraceBehavior [ RunTime:0.001000s ]
INFO: [ app_end ] --END-- [ RunTime:0.001000s ]

[ 2016-12-12T17:15:37+08:00 ] ::1 /webdemo/index.php/Admin/Index/setting
INFO: [ app_init ] --START--
INFO: Run Behavior\BuildLiteBehavior [ RunTime:0.000000s ]
INFO: [ app_init ] --END-- [ RunTime:0.000000s ]
INFO: [ app_begin ] --START--
INFO: Run Behavior\ReadHtmlCacheBehavior [ RunTime:0.000000s ]
INFO: [ app_begin ] --END-- [ RunTime:0.000000s ]
NOTIC: [2048] Declaration of Admin\Controller\IndexController::theme() should be compatible with Think\Controller::theme($theme) G:\xampp\htdocs\webdemo\Application\Admin\Controller\IndexController.class.php 第 130 行.
SQL: SHOW COLUMNS FROM `setting` [ RunTime:0.0030s ]
SQL: SELECT * FROM `setting`  [ RunTime:0.0010s ]
INFO: [ view_parse ] --START--
INFO: [ template_filter ] --START--
INFO: Run Behavior\ContentReplaceBehavior [ RunTime:0.000000s ]
INFO: [ template_filter ] --END-- [ RunTime:0.000000s ]
INFO: Run Behavior\ParseTemplateBehavior [ RunTime:0.049003s ]
INFO: [ view_parse ] --END-- [ RunTime:0.049003s ]
INFO: [ view_filter ] --START--
INFO: Run Behavior\WriteHtmlCacheBehavior [ RunTime:0.000000s ]
INFO: [ view_filter ] --END-- [ RunTime:0.000000s ]
INFO: [ app_end ] --START--
INFO: Run Behavior\ShowPageTraceBehavior [ RunTime:0.000000s ]
INFO: [ app_end ] --END-- [ RunTime:0.000000s ]

[ 2016-12-12T17:15:39+08:00 ] ::1 /webdemo/index.php/Admin/Index/nav
INFO: [ app_init ] --START--
INFO: Run Behavior\BuildLiteBehavior [ RunTime:0.000000s ]
INFO: [ app_init ] --END-- [ RunTime:0.000000s ]
INFO: [ app_begin ] --START--
INFO: Run Behavior\ReadHtmlCacheBehavior [ RunTime:0.001001s ]
INFO: [ app_begin ] --END-- [ RunTime:0.001001s ]
NOTIC: [2048] Declaration of Admin\Controller\IndexController::theme() should be compatible with Think\Controller::theme($theme) G:\xampp\htdocs\webdemo\Application\Admin\Controller\IndexController.class.php 第 130 行.
SQL: SHOW COLUMNS FROM `navigation` [ RunTime:0.0030s ]
SQL: SELECT * FROM `navigation` WHERE ( level=1 )  [ RunTime:0.0080s ]
SQL: SELECT * FROM `navigation` WHERE ( level=2 )  [ RunTime:0.0000s ]
SQL: SELECT * FROM `navigation` WHERE ( level=3 )  [ RunTime:0.0010s ]
NOTIC: [8] Undefined variable: infoName G:\xampp\htdocs\webdemo\Application\Admin\Controller\IndexController.class.php 第 99 行.
NOTIC: [8] Undefined variable: infoName G:\xampp\htdocs\webdemo\Application\Admin\Controller\IndexController.class.php 第 99 行.
NOTIC: [8] Undefined variable: infoName G:\xampp\htdocs\webdemo\Application\Admin\Controller\IndexController.class.php 第 99 行.
INFO: [ view_parse ] --START--
INFO: [ template_filter ] --START--
INFO: Run Behavior\ContentReplaceBehavior [ RunTime:0.001000s ]
INFO: [ template_filter ] --END-- [ RunTime:0.001000s ]
INFO: Run Behavior\ParseTemplateBehavior [ RunTime:0.015001s ]
INFO: [ view_parse ] --END-- [ RunTime:0.015001s ]
INFO: [ view_filter ] --START--
INFO: Run Behavior\WriteHtmlCacheBehavior [ RunTime:0.001000s ]
INFO: [ view_filter ] --END-- [ RunTime:0.001000s ]
INFO: [ app_end ] --START--
INFO: Run Behavior\ShowPageTraceBehavior [ RunTime:0.001000s ]
INFO: [ app_end ] --END-- [ RunTime:0.001000s ]

[ 2016-12-12T17:15:40+08:00 ] ::1 /webdemo/index.php/Admin/config/nav.html?action=addLevel1&type=page
INFO: [ app_init ] --START--
INFO: Run Behavior\BuildLiteBehavior [ RunTime:0.000000s ]
INFO: [ app_init ] --END-- [ RunTime:0.000000s ]
INFO: [ app_begin ] --START--
INFO: Run Behavior\ReadHtmlCacheBehavior [ RunTime:0.001000s ]
INFO: [ app_begin ] --END-- [ RunTime:0.001000s ]
INFO: [ view_parse ] --START--
INFO: [ template_filter ] --START--
INFO: Run Behavior\ContentReplaceBehavior [ RunTime:0.000000s ]
INFO: [ template_filter ] --END-- [ RunTime:0.000000s ]
NOTIC: [8] Undefined variable: data G:\xampp\htdocs\webdemo\Application\Runtime\Cache\Admin\da294f32921676f0e09dd3c6d83fe0cd.php 第 61 行.
NOTIC: [8] Undefined variable: data G:\xampp\htdocs\webdemo\Application\Runtime\Cache\Admin\da294f32921676f0e09dd3c6d83fe0cd.php 第 63 行.
INFO: Run Behavior\ParseTemplateBehavior [ RunTime:0.006001s ]
INFO: [ view_parse ] --END-- [ RunTime:0.006001s ]
INFO: [ view_filter ] --START--
INFO: Run Behavior\WriteHtmlCacheBehavior [ RunTime:0.000000s ]
INFO: [ view_filter ] --END-- [ RunTime:0.000000s ]
INFO: [ app_end ] --START--
INFO: Run Behavior\ShowPageTraceBehavior [ RunTime:0.001000s ]
INFO: [ app_end ] --END-- [ RunTime:0.001000s ]

[ 2016-12-12T17:15:41+08:00 ] ::1 /webdemo/index.php/Admin/Config/nav.html?action=addLevel1&type=article
INFO: [ app_init ] --START--
INFO: Run Behavior\BuildLiteBehavior [ RunTime:0.000000s ]
INFO: [ app_init ] --END-- [ RunTime:0.000000s ]
INFO: [ app_begin ] --START--
INFO: Run Behavior\ReadHtmlCacheBehavior [ RunTime:0.000000s ]
INFO: [ app_begin ] --END-- [ RunTime:0.000000s ]
INFO: [ view_parse ] --START--
INFO: [ template_filter ] --START--
INFO: Run Behavior\ContentReplaceBehavior [ RunTime:0.000000s ]
INFO: [ template_filter ] --END-- [ RunTime:0.001000s ]
NOTIC: [8] Undefined variable: data G:\xampp\htdocs\webdemo\Application\Runtime\Cache\Admin\60d342835ca68343b9add616f56a2435.php 第 59 行.
NOTIC: [8] Undefined variable: data G:\xampp\htdocs\webdemo\Application\Runtime\Cache\Admin\60d342835ca68343b9add616f56a2435.php 第 62 行.
NOTIC: [8] Undefined variable: data G:\xampp\htdocs\webdemo\Application\Runtime\Cache\Admin\60d342835ca68343b9add616f56a2435.php 第 66 行.
NOTIC: [8] Undefined variable: data G:\xampp\htdocs\webdemo\Application\Runtime\Cache\Admin\60d342835ca68343b9add616f56a2435.php 第 73 行.
NOTIC: [8] Undefined variable: data G:\xampp\htdocs\webdemo\Application\Runtime\Cache\Admin\60d342835ca68343b9add616f56a2435.php 第 77 行.
NOTIC: [8] Undefined variable: data G:\xampp\htdocs\webdemo\Application\Runtime\Cache\Admin\60d342835ca68343b9add616f56a2435.php 第 81 行.
INFO: Run Behavior\ParseTemplateBehavior [ RunTime:0.020001s ]
INFO: [ view_parse ] --END-- [ RunTime:0.020001s ]
INFO: [ view_filter ] --START--
INFO: Run Behavior\WriteHtmlCacheBehavior [ RunTime:0.000000s ]
INFO: [ view_filter ] --END-- [ RunTime:0.000000s ]
INFO: [ app_end ] --START--
INFO: Run Behavior\ShowPageTraceBehavior [ RunTime:0.001000s ]
INFO: [ app_end ] --END-- [ RunTime:0.001000s ]

[ 2016-12-12T17:15:41+08:00 ] ::1 /webdemo/index.php/Admin/Config/nav.html?action=addLevel1&type=product
INFO: [ app_init ] --START--
INFO: Run Behavior\BuildLiteBehavior [ RunTime:0.000000s ]
INFO: [ app_init ] --END-- [ RunTime:0.000000s ]
INFO: [ app_begin ] --START--
INFO: Run Behavior\ReadHtmlCacheBehavior [ RunTime:0.000000s ]
INFO: [ app_begin ] --END-- [ RunTime:0.000000s ]
INFO: [ view_parse ] --START--
INFO: [ template_filter ] --START--
INFO: Run Behavior\ContentReplaceBehavior [ RunTime:0.000000s ]
INFO: [ template_filter ] --END-- [ RunTime:0.000000s ]
NOTIC: [8] Undefined variable: data G:\xampp\htdocs\webdemo\Application\Runtime\Cache\Admin\dd79349152d7e0f06126afaa37d0685b.php 第 59 行.
NOTIC: [8] Undefined variable: data G:\xampp\htdocs\webdemo\Application\Runtime\Cache\Admin\dd79349152d7e0f06126afaa37d0685b.php 第 62 行.
NOTIC: [8] Undefined variable: data G:\xampp\htdocs\webdemo\Application\Runtime\Cache\Admin\dd79349152d7e0f06126afaa37d0685b.php 第 65 行.
NOTIC: [8] Undefined variable: data G:\xampp\htdocs\webdemo\Application\Runtime\Cache\Admin\dd79349152d7e0f06126afaa37d0685b.php 第 72 行.
NOTIC: [8] Undefined variable: data G:\xampp\htdocs\webdemo\Application\Runtime\Cache\Admin\dd79349152d7e0f06126afaa37d0685b.php 第 76 行.
NOTIC: [8] Undefined variable: data G:\xampp\htdocs\webdemo\Application\Runtime\Cache\Admin\dd79349152d7e0f06126afaa37d0685b.php 第 80 行.
INFO: Run Behavior\ParseTemplateBehavior [ RunTime:0.012000s ]
INFO: [ view_parse ] --END-- [ RunTime:0.012000s ]
INFO: [ view_filter ] --START--
INFO: Run Behavior\WriteHtmlCacheBehavior [ RunTime:0.001000s ]
INFO: [ view_filter ] --END-- [ RunTime:0.001000s ]
INFO: [ app_end ] --START--
INFO: Run Behavior\ShowPageTraceBehavior [ RunTime:0.000000s ]
INFO: [ app_end ] --END-- [ RunTime:0.000000s ]

[ 2016-12-12T17:15:42+08:00 ] ::1 /webdemo/index.php/Admin/Config/nav.html?action=addLevel1&type=url
INFO: [ app_init ] --START--
INFO: Run Behavior\BuildLiteBehavior [ RunTime:0.000000s ]
INFO: [ app_init ] --END-- [ RunTime:0.000000s ]
INFO: [ app_begin ] --START--
INFO: Run Behavior\ReadHtmlCacheBehavior [ RunTime:0.001000s ]
INFO: [ app_begin ] --END-- [ RunTime:0.001000s ]
INFO: [ view_parse ] --START--
INFO: [ template_filter ] --START--
INFO: Run Behavior\ContentReplaceBehavior [ RunTime:0.000000s ]
INFO: [ template_filter ] --END-- [ RunTime:0.000000s ]
NOTIC: [8] Undefined variable: data G:\xampp\htdocs\webdemo\Application\Runtime\Cache\Admin\8948c87d9ed213b423373e22a74a8438.php 第 59 行.
NOTIC: [8] Undefined variable: data G:\xampp\htdocs\webdemo\Application\Runtime\Cache\Admin\8948c87d9ed213b423373e22a74a8438.php 第 61 行.
NOTIC: [8] Undefined variable: data G:\xampp\htdocs\webdemo\Application\Runtime\Cache\Admin\8948c87d9ed213b423373e22a74a8438.php 第 63 行.
NOTIC: [8] Undefined variable: data G:\xampp\htdocs\webdemo\Application\Runtime\Cache\Admin\8948c87d9ed213b423373e22a74a8438.php 第 65 行.
NOTIC: [8] Undefined variable: data G:\xampp\htdocs\webdemo\Application\Runtime\Cache\Admin\8948c87d9ed213b423373e22a74a8438.php 第 72 行.
NOTIC: [8] Undefined variable: data G:\xampp\htdocs\webdemo\Application\Runtime\Cache\Admin\8948c87d9ed213b423373e22a74a8438.php 第 76 行.
NOTIC: [8] Undefined variable: data G:\xampp\htdocs\webdemo\Application\Runtime\Cache\Admin\8948c87d9ed213b423373e22a74a8438.php 第 80 行.
INFO: Run Behavior\ParseTemplateBehavior [ RunTime:0.006000s ]
INFO: [ view_parse ] --END-- [ RunTime:0.006000s ]
INFO: [ view_filter ] --START--
INFO: Run Behavior\WriteHtmlCacheBehavior [ RunTime:0.001000s ]
INFO: [ view_filter ] --END-- [ RunTime:0.001000s ]
INFO: [ app_end ] --START--
INFO: Run Behavior\ShowPageTraceBehavior [ RunTime:0.000000s ]
INFO: [ app_end ] --END-- [ RunTime:0.000000s ]

[ 2016-12-12T17:15:43+08:00 ] ::1 /webdemo/index.php/Admin/Config/nav.html?action=addLevel1&type=page
INFO: [ app_init ] --START--
INFO: Run Behavior\BuildLiteBehavior [ RunTime:0.000000s ]
INFO: [ app_init ] --END-- [ RunTime:0.000000s ]
INFO: [ app_begin ] --START--
INFO: Run Behavior\ReadHtmlCacheBehavior [ RunTime:0.000000s ]
INFO: [ app_begin ] --END-- [ RunTime:0.001000s ]
INFO: [ view_parse ] --START--
INFO: [ template_filter ] --START--
INFO: Run Behavior\ContentReplaceBehavior [ RunTime:0.001000s ]
INFO: [ template_filter ] --END-- [ RunTime:0.001000s ]
NOTIC: [8] Undefined variable: data G:\xampp\htdocs\webdemo\Application\Runtime\Cache\Admin\da294f32921676f0e09dd3c6d83fe0cd.php 第 61 行.
NOTIC: [8] Undefined variable: data G:\xampp\htdocs\webdemo\Application\Runtime\Cache\Admin\da294f32921676f0e09dd3c6d83fe0cd.php 第 63 行.
INFO: Run Behavior\ParseTemplateBehavior [ RunTime:0.005000s ]
INFO: [ view_parse ] --END-- [ RunTime:0.005000s ]
INFO: [ view_filter ] --START--
INFO: Run Behavior\WriteHtmlCacheBehavior [ RunTime:0.001000s ]
INFO: [ view_filter ] --END-- [ RunTime:0.001000s ]
INFO: [ app_end ] --START--
INFO: Run Behavior\ShowPageTraceBehavior [ RunTime:0.000000s ]
INFO: [ app_end ] --END-- [ RunTime:0.000000s ]

[ 2016-12-12T17:15:46+08:00 ] ::1 /webdemo/index.php/Admin/Index/nav
INFO: [ app_init ] --START--
INFO: Run Behavior\BuildLiteBehavior [ RunTime:0.000000s ]
INFO: [ app_init ] --END-- [ RunTime:0.000000s ]
INFO: [ app_begin ] --START--
INFO: Run Behavior\ReadHtmlCacheBehavior [ RunTime:0.000000s ]
INFO: [ app_begin ] --END-- [ RunTime:0.000000s ]
NOTIC: [2048] Declaration of Admin\Controller\IndexController::theme() should be compatible with Think\Controller::theme($theme) G:\xampp\htdocs\webdemo\Application\Admin\Controller\IndexController.class.php 第 130 行.
SQL: SHOW COLUMNS FROM `navigation` [ RunTime:0.0030s ]
SQL: SELECT * FROM `navigation` WHERE ( level=1 )  [ RunTime:0.0000s ]
SQL: SELECT * FROM `navigation` WHERE ( level=2 )  [ RunTime:0.0000s ]
SQL: SELECT * FROM `navigation` WHERE ( level=3 )  [ RunTime:0.0000s ]
NOTIC: [8] Undefined variable: infoName G:\xampp\htdocs\webdemo\Application\Admin\Controller\IndexController.class.php 第 99 行.
NOTIC: [8] Undefined variable: infoName G:\xampp\htdocs\webdemo\Application\Admin\Controller\IndexController.class.php 第 99 行.
NOTIC: [8] Undefined variable: infoName G:\xampp\htdocs\webdemo\Application\Admin\Controller\IndexController.class.php 第 99 行.
INFO: [ view_parse ] --START--
INFO: [ template_filter ] --START--
INFO: Run Behavior\ContentReplaceBehavior [ RunTime:0.000000s ]
INFO: [ template_filter ] --END-- [ RunTime:0.000000s ]
INFO: Run Behavior\ParseTemplateBehavior [ RunTime:0.006000s ]
INFO: [ view_parse ] --END-- [ RunTime:0.006000s ]
INFO: [ view_filter ] --START--
INFO: Run Behavior\WriteHtmlCacheBehavior [ RunTime:0.001000s ]
INFO: [ view_filter ] --END-- [ RunTime:0.001000s ]
INFO: [ app_end ] --START--
INFO: Run Behavior\ShowPageTraceBehavior [ RunTime:0.001000s ]
INFO: [ app_end ] --END-- [ RunTime:0.001000s ]

[ 2016-12-12T17:15:47+08:00 ] ::1 /webdemo/index.php/Admin/Index/nav
INFO: [ app_init ] --START--
INFO: Run Behavior\BuildLiteBehavior [ RunTime:0.000000s ]
INFO: [ app_init ] --END-- [ RunTime:0.000000s ]
INFO: [ app_begin ] --START--
INFO: Run Behavior\ReadHtmlCacheBehavior [ RunTime:0.001000s ]
INFO: [ app_begin ] --END-- [ RunTime:0.001000s ]
NOTIC: [2048] Declaration of Admin\Controller\IndexController::theme() should be compatible with Think\Controller::theme($theme) G:\xampp\htdocs\webdemo\Application\Admin\Controller\IndexController.class.php 第 130 行.
SQL: SHOW COLUMNS FROM `navigation` [ RunTime:0.0030s ]
SQL: SELECT * FROM `navigation` WHERE ( level=1 )  [ RunTime:0.0000s ]
SQL: SELECT * FROM `navigation` WHERE ( level=2 )  [ RunTime:0.0010s ]
SQL: SELECT * FROM `navigation` WHERE ( level=3 )  [ RunTime:0.0000s ]
NOTIC: [8] Undefined variable: infoName G:\xampp\htdocs\webdemo\Application\Admin\Controller\IndexController.class.php 第 99 行.
NOTIC: [8] Undefined variable: infoName G:\xampp\htdocs\webdemo\Application\Admin\Controller\IndexController.class.php 第 99 行.
NOTIC: [8] Undefined variable: infoName G:\xampp\htdocs\webdemo\Application\Admin\Controller\IndexController.class.php 第 99 行.
INFO: [ view_parse ] --START--
INFO: [ template_filter ] --START--
INFO: Run Behavior\ContentReplaceBehavior [ RunTime:0.000000s ]
INFO: [ template_filter ] --END-- [ RunTime:0.000000s ]
INFO: Run Behavior\ParseTemplateBehavior [ RunTime:0.006001s ]
INFO: [ view_parse ] --END-- [ RunTime:0.006001s ]
INFO: [ view_filter ] --START--
INFO: Run Behavior\WriteHtmlCacheBehavior [ RunTime:0.000000s ]
INFO: [ view_filter ] --END-- [ RunTime:0.000000s ]
INFO: [ app_end ] --START--
INFO: Run Behavior\ShowPageTraceBehavior [ RunTime:0.001000s ]
INFO: [ app_end ] --END-- [ RunTime:0.001000s ]

[ 2016-12-12T17:15:48+08:00 ] ::1 /webdemo/index.php/Admin/Config/nav.html?id=1&action=connect
INFO: [ app_init ] --START--
INFO: Run Behavior\BuildLiteBehavior [ RunTime:0.000000s ]
INFO: [ app_init ] --END-- [ RunTime:0.001000s ]
INFO: [ app_begin ] --START--
INFO: Run Behavior\ReadHtmlCacheBehavior [ RunTime:0.000000s ]
INFO: [ app_begin ] --END-- [ RunTime:0.000000s ]
INFO: [ app_end ] --START--
INFO: Run Behavior\ShowPageTraceBehavior [ RunTime:0.001000s ]
INFO: [ app_end ] --END-- [ RunTime:0.001000s ]

[ 2016-12-12T17:15:51+08:00 ] ::1 /webdemo/index.php/Admin/Config/nav.html?id=1&action=add
INFO: [ app_init ] --START--
INFO: Run Behavior\BuildLiteBehavior [ RunTime:0.000000s ]
INFO: [ app_init ] --END-- [ RunTime:0.000000s ]
INFO: [ app_begin ] --START--
INFO: Run Behavior\ReadHtmlCacheBehavior [ RunTime:0.000000s ]
INFO: [ app_begin ] --END-- [ RunTime:0.000000s ]
INFO: [ app_end ] --START--
INFO: Run Behavior\ShowPageTraceBehavior [ RunTime:0.000000s ]
INFO: [ app_end ] --END-- [ RunTime:0.000000s ]

[ 2016-12-12T17:15:53+08:00 ] ::1 /webdemo/index.php/Admin/Config/nav.html?id=1&action=edit
INFO: [ app_init ] --START--
INFO: Run Behavior\BuildLiteBehavior [ RunTime:0.000000s ]
INFO: [ app_init ] --END-- [ RunTime:0.000000s ]
INFO: [ app_begin ] --START--
INFO: Run Behavior\ReadHtmlCacheBehavior [ RunTime:0.000000s ]
INFO: [ app_begin ] --END-- [ RunTime:0.000000s ]
INFO: [ app_end ] --START--
INFO: Run Behavior\ShowPageTraceBehavior [ RunTime:0.001000s ]
INFO: [ app_end ] --END-- [ RunTime:0.001000s ]

[ 2016-12-12T17:29:36+08:00 ] ::1 /webdemo/index.php/Admin/config/nav.html?action=addLevel1&type=page
INFO: [ app_init ] --START--
INFO: Run Behavior\BuildLiteBehavior [ RunTime:0.000000s ]
INFO: [ app_init ] --END-- [ RunTime:0.000000s ]
INFO: [ app_begin ] --START--
INFO: Run Behavior\ReadHtmlCacheBehavior [ RunTime:0.000000s ]
INFO: [ app_begin ] --END-- [ RunTime:0.000000s ]
INFO: [ view_parse ] --START--
INFO: [ template_filter ] --START--
INFO: Run Behavior\ContentReplaceBehavior [ RunTime:0.000000s ]
INFO: [ template_filter ] --END-- [ RunTime:0.000000s ]
NOTIC: [8] Undefined variable: data G:\xampp\htdocs\webdemo\Application\Runtime\Cache\Admin\da294f32921676f0e09dd3c6d83fe0cd.php 第 61 行.
NOTIC: [8] Undefined variable: data G:\xampp\htdocs\webdemo\Application\Runtime\Cache\Admin\da294f32921676f0e09dd3c6d83fe0cd.php 第 63 行.
INFO: Run Behavior\ParseTemplateBehavior [ RunTime:0.019600s ]
INFO: [ view_parse ] --END-- [ RunTime:0.019600s ]
INFO: [ view_filter ] --START--
INFO: Run Behavior\WriteHtmlCacheBehavior [ RunTime:0.000000s ]
INFO: [ view_filter ] --END-- [ RunTime:0.000000s ]
INFO: [ app_end ] --START--
INFO: Run Behavior\ShowPageTraceBehavior [ RunTime:0.001000s ]
INFO: [ app_end ] --END-- [ RunTime:0.001000s ]

[ 2016-12-12T17:29:39+08:00 ] ::1 /webdemo/index.php/Admin/Index/nav
INFO: [ app_init ] --START--
INFO: Run Behavior\BuildLiteBehavior [ RunTime:0.000000s ]
INFO: [ app_init ] --END-- [ RunTime:0.000000s ]
INFO: [ app_begin ] --START--
INFO: Run Behavior\ReadHtmlCacheBehavior [ RunTime:0.000000s ]
INFO: [ app_begin ] --END-- [ RunTime:0.000000s ]
NOTIC: [2048] Declaration of Admin\Controller\IndexController::theme() should be compatible with Think\Controller::theme($theme) G:\xampp\htdocs\webdemo\Application\Admin\Controller\IndexController.class.php 第 130 行.
SQL: SHOW COLUMNS FROM `navigation` [ RunTime:0.0030s ]
SQL: SELECT * FROM `navigation` WHERE ( level=1 )  [ RunTime:0.0010s ]
SQL: SELECT * FROM `navigation` WHERE ( level=2 )  [ RunTime:0.0000s ]
SQL: SELECT * FROM `navigation` WHERE ( level=3 )  [ RunTime:0.0000s ]
NOTIC: [8] Undefined variable: infoName G:\xampp\htdocs\webdemo\Application\Admin\Controller\IndexController.class.php 第 99 行.
NOTIC: [8] Undefined variable: infoName G:\xampp\htdocs\webdemo\Application\Admin\Controller\IndexController.class.php 第 99 行.
NOTIC: [8] Undefined variable: infoName G:\xampp\htdocs\webdemo\Application\Admin\Controller\IndexController.class.php 第 99 行.
INFO: [ view_parse ] --START--
INFO: [ template_filter ] --START--
INFO: Run Behavior\ContentReplaceBehavior [ RunTime:0.000000s ]
INFO: [ template_filter ] --END-- [ RunTime:0.000000s ]
INFO: Run Behavior\ParseTemplateBehavior [ RunTime:0.007000s ]
INFO: [ view_parse ] --END-- [ RunTime:0.007000s ]
INFO: [ view_filter ] --START--
INFO: Run Behavior\WriteHtmlCacheBehavior [ RunTime:0.000000s ]
INFO: [ view_filter ] --END-- [ RunTime:0.000000s ]
INFO: [ app_end ] --START--
INFO: Run Behavior\ShowPageTraceBehavior [ RunTime:0.000000s ]
INFO: [ app_end ] --END-- [ RunTime:0.001000s ]

[ 2016-12-12T17:29:48+08:00 ] ::1 /webdemo/index.php/Admin/Index/nav
INFO: [ app_init ] --START--
INFO: Run Behavior\BuildLiteBehavior [ RunTime:0.000000s ]
INFO: [ app_init ] --END-- [ RunTime:0.001000s ]
INFO: [ app_begin ] --START--
INFO: Run Behavior\ReadHtmlCacheBehavior [ RunTime:0.000000s ]
INFO: [ app_begin ] --END-- [ RunTime:0.000000s ]
NOTIC: [2048] Declaration of Admin\Controller\IndexController::theme() should be compatible with Think\Controller::theme($theme) G:\xampp\htdocs\webdemo\Application\Admin\Controller\IndexController.class.php 第 130 行.
SQL: SHOW COLUMNS FROM `navigation` [ RunTime:0.0030s ]
SQL: SELECT * FROM `navigation` WHERE ( level=1 )  [ RunTime:0.0000s ]
SQL: SELECT * FROM `navigation` WHERE ( level=2 )  [ RunTime:0.0000s ]
SQL: SELECT * FROM `navigation` WHERE ( level=3 )  [ RunTime:0.0000s ]
NOTIC: [8] Undefined variable: infoName G:\xampp\htdocs\webdemo\Application\Admin\Controller\IndexController.class.php 第 99 行.
NOTIC: [8] Undefined variable: infoName G:\xampp\htdocs\webdemo\Application\Admin\Controller\IndexController.class.php 第 99 行.
NOTIC: [8] Undefined variable: infoName G:\xampp\htdocs\webdemo\Application\Admin\Controller\IndexController.class.php 第 99 行.
INFO: [ view_parse ] --START--
INFO: [ template_filter ] --START--
INFO: Run Behavior\ContentReplaceBehavior [ RunTime:0.000000s ]
INFO: [ template_filter ] --END-- [ RunTime:0.000000s ]
INFO: Run Behavior\ParseTemplateBehavior [ RunTime:0.006000s ]
INFO: [ view_parse ] --END-- [ RunTime:0.006000s ]
INFO: [ view_filter ] --START--
INFO: Run Behavior\WriteHtmlCacheBehavior [ RunTime:0.000000s ]
INFO: [ view_filter ] --END-- [ RunTime:0.000000s ]
INFO: [ app_end ] --START--
INFO: Run Behavior\ShowPageTraceBehavior [ RunTime:0.000000s ]
INFO: [ app_end ] --END-- [ RunTime:0.000000s ]

[ 2016-12-12T17:29:50+08:00 ] ::1 /webdemo/index.php/Admin/Index/setting
INFO: [ app_init ] --START--
INFO: Run Behavior\BuildLiteBehavior [ RunTime:0.000000s ]
INFO: [ app_init ] --END-- [ RunTime:0.000000s ]
INFO: [ app_begin ] --START--
INFO: Run Behavior\ReadHtmlCacheBehavior [ RunTime:0.001000s ]
INFO: [ app_begin ] --END-- [ RunTime:0.001000s ]
NOTIC: [2048] Declaration of Admin\Controller\IndexController::theme() should be compatible with Think\Controller::theme($theme) G:\xampp\htdocs\webdemo\Application\Admin\Controller\IndexController.class.php 第 130 行.
SQL: SHOW COLUMNS FROM `setting` [ RunTime:0.0030s ]
SQL: SELECT * FROM `setting`  [ RunTime:0.0000s ]
INFO: [ view_parse ] --START--
INFO: [ template_filter ] --START--
INFO: Run Behavior\ContentReplaceBehavior [ RunTime:0.000000s ]
INFO: [ template_filter ] --END-- [ RunTime:0.000000s ]
INFO: Run Behavior\ParseTemplateBehavior [ RunTime:0.009001s ]
INFO: [ view_parse ] --END-- [ RunTime:0.009001s ]
INFO: [ view_filter ] --START--
INFO: Run Behavior\WriteHtmlCacheBehavior [ RunTime:0.000000s ]
INFO: [ view_filter ] --END-- [ RunTime:0.000000s ]
INFO: [ app_end ] --START--
INFO: Run Behavior\ShowPageTraceBehavior [ RunTime:0.000000s ]
INFO: [ app_end ] --END-- [ RunTime:0.000000s ]

[ 2016-12-12T17:29:52+08:00 ] ::1 /webdemo/index.php/Admin/Index/nav
INFO: [ app_init ] --START--
INFO: Run Behavior\BuildLiteBehavior [ RunTime:0.000000s ]
INFO: [ app_init ] --END-- [ RunTime:0.000000s ]
INFO: [ app_begin ] --START--
INFO: Run Behavior\ReadHtmlCacheBehavior [ RunTime:0.000000s ]
INFO: [ app_begin ] --END-- [ RunTime:0.000000s ]
NOTIC: [2048] Declaration of Admin\Controller\IndexController::theme() should be compatible with Think\Controller::theme($theme) G:\xampp\htdocs\webdemo\Application\Admin\Controller\IndexController.class.php 第 130 行.
SQL: SHOW COLUMNS FROM `navigation` [ RunTime:0.0030s ]
SQL: SELECT * FROM `navigation` WHERE ( level=1 )  [ RunTime:0.0000s ]
SQL: SELECT * FROM `navigation` WHERE ( level=2 )  [ RunTime:0.0000s ]
SQL: SELECT * FROM `navigation` WHERE ( level=3 )  [ RunTime:0.0000s ]
NOTIC: [8] Undefined variable: infoName G:\xampp\htdocs\webdemo\Application\Admin\Controller\IndexController.class.php 第 99 行.
NOTIC: [8] Undefined variable: infoName G:\xampp\htdocs\webdemo\Application\Admin\Controller\IndexController.class.php 第 99 行.
NOTIC: [8] Undefined variable: infoName G:\xampp\htdocs\webdemo\Application\Admin\Controller\IndexController.class.php 第 99 行.
INFO: [ view_parse ] --START--
INFO: [ template_filter ] --START--
INFO: Run Behavior\ContentReplaceBehavior [ RunTime:0.000000s ]
INFO: [ template_filter ] --END-- [ RunTime:0.000000s ]
INFO: Run Behavior\ParseTemplateBehavior [ RunTime:0.006000s ]
INFO: [ view_parse ] --END-- [ RunTime:0.006000s ]
INFO: [ view_filter ] --START--
INFO: Run Behavior\WriteHtmlCacheBehavior [ RunTime:0.000000s ]
INFO: [ view_filter ] --END-- [ RunTime:0.000000s ]
INFO: [ app_end ] --START--
INFO: Run Behavior\ShowPageTraceBehavior [ RunTime:0.001000s ]
INFO: [ app_end ] --END-- [ RunTime:0.001000s ]

[ 2016-12-12T17:29:56+08:00 ] ::1 /webdemo/index.php/Admin/Index/nav
INFO: [ app_init ] --START--
INFO: Run Behavior\BuildLiteBehavior [ RunTime:0.000000s ]
INFO: [ app_init ] --END-- [ RunTime:0.000000s ]
INFO: [ app_begin ] --START--
INFO: Run Behavior\ReadHtmlCacheBehavior [ RunTime:0.001000s ]
INFO: [ app_begin ] --END-- [ RunTime:0.001000s ]
NOTIC: [2048] Declaration of Admin\Controller\IndexController::theme() should be compatible with Think\Controller::theme($theme) G:\xampp\htdocs\webdemo\Application\Admin\Controller\IndexController.class.php 第 130 行.
SQL: SHOW COLUMNS FROM `navigation` [ RunTime:0.0030s ]
SQL: SELECT * FROM `navigation` WHERE ( level=1 )  [ RunTime:0.0000s ]
SQL: SELECT * FROM `navigation` WHERE ( level=2 )  [ RunTime:0.0000s ]
SQL: SELECT * FROM `navigation` WHERE ( level=3 )  [ RunTime:0.0000s ]
NOTIC: [8] Undefined variable: infoName G:\xampp\htdocs\webdemo\Application\Admin\Controller\IndexController.class.php 第 99 行.
NOTIC: [8] Undefined variable: infoName G:\xampp\htdocs\webdemo\Application\Admin\Controller\IndexController.class.php 第 99 行.
NOTIC: [8] Undefined variable: infoName G:\xampp\htdocs\webdemo\Application\Admin\Controller\IndexController.class.php 第 99 行.
INFO: [ view_parse ] --START--
INFO: [ template_filter ] --START--
INFO: Run Behavior\ContentReplaceBehavior [ RunTime:0.000000s ]
INFO: [ template_filter ] --END-- [ RunTime:0.000000s ]
INFO: Run Behavior\ParseTemplateBehavior [ RunTime:0.007000s ]
INFO: [ view_parse ] --END-- [ RunTime:0.007000s ]
INFO: [ view_filter ] --START--
INFO: Run Behavior\WriteHtmlCacheBehavior [ RunTime:0.000000s ]
INFO: [ view_filter ] --END-- [ RunTime:0.000000s ]
INFO: [ app_end ] --START--
INFO: Run Behavior\ShowPageTraceBehavior [ RunTime:0.001000s ]
INFO: [ app_end ] --END-- [ RunTime:0.001000s ]

[ 2016-12-12T17:29:57+08:00 ] ::1 /webdemo/index.php/Admin/Index/nav
INFO: [ app_init ] --START--
INFO: Run Behavior\BuildLiteBehavior [ RunTime:0.000000s ]
INFO: [ app_init ] --END-- [ RunTime:0.000000s ]
INFO: [ app_begin ] --START--
INFO: Run Behavior\ReadHtmlCacheBehavior [ RunTime:0.000000s ]
INFO: [ app_begin ] --END-- [ RunTime:0.000000s ]
NOTIC: [2048] Declaration of Admin\Controller\IndexController::theme() should be compatible with Think\Controller::theme($theme) G:\xampp\htdocs\webdemo\Application\Admin\Controller\IndexController.class.php 第 130 行.
SQL: SHOW COLUMNS FROM `navigation` [ RunTime:0.0030s ]
SQL: SELECT * FROM `navigation` WHERE ( level=1 )  [ RunTime:0.0010s ]
SQL: SELECT * FROM `navigation` WHERE ( level=2 )  [ RunTime:0.0000s ]
SQL: SELECT * FROM `navigation` WHERE ( level=3 )  [ RunTime:0.0000s ]
NOTIC: [8] Undefined variable: infoName G:\xampp\htdocs\webdemo\Application\Admin\Controller\IndexController.class.php 第 99 行.
NOTIC: [8] Undefined variable: infoName G:\xampp\htdocs\webdemo\Application\Admin\Controller\IndexController.class.php 第 99 行.
NOTIC: [8] Undefined variable: infoName G:\xampp\htdocs\webdemo\Application\Admin\Controller\IndexController.class.php 第 99 行.
INFO: [ view_parse ] --START--
INFO: [ template_filter ] --START--
INFO: Run Behavior\ContentReplaceBehavior [ RunTime:0.000000s ]
INFO: [ template_filter ] --END-- [ RunTime:0.000000s ]
INFO: Run Behavior\ParseTemplateBehavior [ RunTime:0.006000s ]
INFO: [ view_parse ] --END-- [ RunTime:0.006000s ]
INFO: [ view_filter ] --START--
INFO: Run Behavior\WriteHtmlCacheBehavior [ RunTime:0.000000s ]
INFO: [ view_filter ] --END-- [ RunTime:0.000000s ]
INFO: [ app_end ] --START--
INFO: Run Behavior\ShowPageTraceBehavior [ RunTime:0.001000s ]
INFO: [ app_end ] --END-- [ RunTime:0.001000s ]

[ 2016-12-12T17:30:01+08:00 ] ::1 /webdemo/admin
INFO: [ app_init ] --START--
INFO: Run Behavior\BuildLiteBehavior [ RunTime:0.001000s ]
INFO: [ app_init ] --END-- [ RunTime:0.001000s ]
INFO: [ app_begin ] --START--
INFO: Run Behavior\ReadHtmlCacheBehavior [ RunTime:0.001000s ]
INFO: [ app_begin ] --END-- [ RunTime:0.001000s ]
NOTIC: [2048] Declaration of Admin\Controller\IndexController::theme() should be compatible with Think\Controller::theme($theme) G:\xampp\htdocs\webdemo\Application\Admin\Controller\IndexController.class.php 第 130 行.
INFO: [ view_parse ] --START--
INFO: [ template_filter ] --START--
INFO: Run Behavior\ContentReplaceBehavior [ RunTime:0.000000s ]
INFO: [ template_filter ] --END-- [ RunTime:0.000000s ]
INFO: Run Behavior\ParseTemplateBehavior [ RunTime:0.005001s ]
INFO: [ view_parse ] --END-- [ RunTime:0.005001s ]
INFO: [ view_filter ] --START--
INFO: Run Behavior\WriteHtmlCacheBehavior [ RunTime:0.001000s ]
INFO: [ view_filter ] --END-- [ RunTime:0.001000s ]
INFO: [ app_end ] --START--
INFO: Run Behavior\ShowPageTraceBehavior [ RunTime:0.000000s ]
INFO: [ app_end ] --END-- [ RunTime:0.000000s ]

[ 2016-12-12T17:30:01+08:00 ] ::1 /webdemo/index.php/Admin/Index/defaultframe
INFO: [ app_init ] --START--
INFO: Run Behavior\BuildLiteBehavior [ RunTime:0.000000s ]
INFO: [ app_init ] --END-- [ RunTime:0.000000s ]
INFO: [ app_begin ] --START--
INFO: Run Behavior\ReadHtmlCacheBehavior [ RunTime:0.001000s ]
INFO: [ app_begin ] --END-- [ RunTime:0.001000s ]
NOTIC: [2048] Declaration of Admin\Controller\IndexController::theme() should be compatible with Think\Controller::theme($theme) G:\xampp\htdocs\webdemo\Application\Admin\Controller\IndexController.class.php 第 130 行.
INFO: [ view_parse ] --START--
INFO: [ template_filter ] --START--
INFO: Run Behavior\ContentReplaceBehavior [ RunTime:0.000000s ]
INFO: [ template_filter ] --END-- [ RunTime:0.001000s ]
INFO: Run Behavior\ParseTemplateBehavior [ RunTime:0.005001s ]
INFO: [ view_parse ] --END-- [ RunTime:0.006001s ]
INFO: [ view_filter ] --START--
INFO: Run Behavior\WriteHtmlCacheBehavior [ RunTime:0.000000s ]
INFO: [ view_filter ] --END-- [ RunTime:0.000000s ]
INFO: [ app_end ] --START--
INFO: Run Behavior\ShowPageTraceBehavior [ RunTime:0.000000s ]
INFO: [ app_end ] --END-- [ RunTime:0.000000s ]

[ 2016-12-12T17:30:01+08:00 ] ::1 /webdemo/index.php/Admin/Index/leftframe
INFO: [ app_init ] --START--
INFO: Run Behavior\BuildLiteBehavior [ RunTime:0.000000s ]
INFO: [ app_init ] --END-- [ RunTime:0.000000s ]
INFO: [ app_begin ] --START--
INFO: Run Behavior\ReadHtmlCacheBehavior [ RunTime:0.000000s ]
INFO: [ app_begin ] --END-- [ RunTime:0.000000s ]
NOTIC: [2048] Declaration of Admin\Controller\IndexController::theme() should be compatible with Think\Controller::theme($theme) G:\xampp\htdocs\webdemo\Application\Admin\Controller\IndexController.class.php 第 130 行.
INFO: [ view_parse ] --START--
INFO: [ template_filter ] --START--
INFO: Run Behavior\ContentReplaceBehavior [ RunTime:0.001000s ]
INFO: [ template_filter ] --END-- [ RunTime:0.001000s ]
INFO: Run Behavior\ParseTemplateBehavior [ RunTime:0.006000s ]
INFO: [ view_parse ] --END-- [ RunTime:0.006000s ]
INFO: [ view_filter ] --START--
INFO: Run Behavior\WriteHtmlCacheBehavior [ RunTime:0.000000s ]
INFO: [ view_filter ] --END-- [ RunTime:0.000000s ]
INFO: [ app_end ] --START--
INFO: Run Behavior\ShowPageTraceBehavior [ RunTime:0.001000s ]
INFO: [ app_end ] --END-- [ RunTime:0.001000s ]

[ 2016-12-12T17:30:01+08:00 ] ::1 /webdemo/index.php/Admin/Index/topframe
INFO: [ app_init ] --START--
INFO: Run Behavior\BuildLiteBehavior [ RunTime:0.000000s ]
INFO: [ app_init ] --END-- [ RunTime:0.000000s ]
INFO: [ app_begin ] --START--
INFO: Run Behavior\ReadHtmlCacheBehavior [ RunTime:0.000000s ]
INFO: [ app_begin ] --END-- [ RunTime:0.000000s ]
NOTIC: [2048] Declaration of Admin\Controller\IndexController::theme() should be compatible with Think\Controller::theme($theme) G:\xampp\htdocs\webdemo\Application\Admin\Controller\IndexController.class.php 第 130 行.
INFO: [ view_parse ] --START--
INFO: [ template_filter ] --START--
INFO: Run Behavior\ContentReplaceBehavior [ RunTime:0.000000s ]
INFO: [ template_filter ] --END-- [ RunTime:0.000000s ]
INFO: Run Behavior\ParseTemplateBehavior [ RunTime:0.005001s ]
INFO: [ view_parse ] --END-- [ RunTime:0.005001s ]
INFO: [ view_filter ] --START--
INFO: Run Behavior\WriteHtmlCacheBehavior [ RunTime:0.000000s ]
INFO: [ view_filter ] --END-- [ RunTime:0.000000s ]
INFO: [ app_end ] --START--
INFO: Run Behavior\ShowPageTraceBehavior [ RunTime:0.001000s ]
INFO: [ app_end ] --END-- [ RunTime:0.001000s ]

[ 2016-12-12T17:30:03+08:00 ] ::1 /webdemo/index.php/Admin/Index/setting
INFO: [ app_init ] --START--
INFO: Run Behavior\BuildLiteBehavior [ RunTime:0.000000s ]
INFO: [ app_init ] --END-- [ RunTime:0.000000s ]
INFO: [ app_begin ] --START--
INFO: Run Behavior\ReadHtmlCacheBehavior [ RunTime:0.001000s ]
INFO: [ app_begin ] --END-- [ RunTime:0.001000s ]
NOTIC: [2048] Declaration of Admin\Controller\IndexController::theme() should be compatible with Think\Controller::theme($theme) G:\xampp\htdocs\webdemo\Application\Admin\Controller\IndexController.class.php 第 130 行.
SQL: SHOW COLUMNS FROM `setting` [ RunTime:0.0030s ]
SQL: SELECT * FROM `setting`  [ RunTime:0.0000s ]
INFO: [ view_parse ] --START--
INFO: [ template_filter ] --START--
INFO: Run Behavior\ContentReplaceBehavior [ RunTime:0.000000s ]
INFO: [ template_filter ] --END-- [ RunTime:0.000000s ]
INFO: Run Behavior\ParseTemplateBehavior [ RunTime:0.009001s ]
INFO: [ view_parse ] --END-- [ RunTime:0.009001s ]
INFO: [ view_filter ] --START--
INFO: Run Behavior\WriteHtmlCacheBehavior [ RunTime:0.001000s ]
INFO: [ view_filter ] --END-- [ RunTime:0.001000s ]
INFO: [ app_end ] --START--
INFO: Run Behavior\ShowPageTraceBehavior [ RunTime:0.000000s ]
INFO: [ app_end ] --END-- [ RunTime:0.000000s ]

[ 2016-12-12T17:30:05+08:00 ] ::1 /webdemo/index.php/Admin/Index/nav
INFO: [ app_init ] --START--
INFO: Run Behavior\BuildLiteBehavior [ RunTime:0.000000s ]
INFO: [ app_init ] --END-- [ RunTime:0.000000s ]
INFO: [ app_begin ] --START--
INFO: Run Behavior\ReadHtmlCacheBehavior [ RunTime:0.001000s ]
INFO: [ app_begin ] --END-- [ RunTime:0.001000s ]
NOTIC: [2048] Declaration of Admin\Controller\IndexController::theme() should be compatible with Think\Controller::theme($theme) G:\xampp\htdocs\webdemo\Application\Admin\Controller\IndexController.class.php 第 130 行.
SQL: SHOW COLUMNS FROM `navigation` [ RunTime:0.0030s ]
SQL: SELECT * FROM `navigation` WHERE ( level=1 )  [ RunTime:0.0000s ]
SQL: SELECT * FROM `navigation` WHERE ( level=2 )  [ RunTime:0.0010s ]
SQL: SELECT * FROM `navigation` WHERE ( level=3 )  [ RunTime:0.0000s ]
NOTIC: [8] Undefined variable: infoName G:\xampp\htdocs\webdemo\Application\Admin\Controller\IndexController.class.php 第 99 行.
NOTIC: [8] Undefined variable: infoName G:\xampp\htdocs\webdemo\Application\Admin\Controller\IndexController.class.php 第 99 行.
NOTIC: [8] Undefined variable: infoName G:\xampp\htdocs\webdemo\Application\Admin\Controller\IndexController.class.php 第 99 行.
INFO: [ view_parse ] --START--
INFO: [ template_filter ] --START--
INFO: Run Behavior\ContentReplaceBehavior [ RunTime:0.000000s ]
INFO: [ template_filter ] --END-- [ RunTime:0.000000s ]
INFO: Run Behavior\ParseTemplateBehavior [ RunTime:0.006000s ]
INFO: [ view_parse ] --END-- [ RunTime:0.006000s ]
INFO: [ view_filter ] --START--
INFO: Run Behavior\WriteHtmlCacheBehavior [ RunTime:0.000000s ]
INFO: [ view_filter ] --END-- [ RunTime:0.000000s ]
INFO: [ app_end ] --START--
INFO: Run Behavior\ShowPageTraceBehavior [ RunTime:0.000000s ]
INFO: [ app_end ] --END-- [ RunTime:0.000000s ]

[ 2016-12-12T17:30:06+08:00 ] ::1 /webdemo/index.php/Admin/config/nav.html?action=addLevel1&type=page
INFO: [ app_init ] --START--
INFO: Run Behavior\BuildLiteBehavior [ RunTime:0.000000s ]
INFO: [ app_init ] --END-- [ RunTime:0.000000s ]
INFO: [ app_begin ] --START--
INFO: Run Behavior\ReadHtmlCacheBehavior [ RunTime:0.001000s ]
INFO: [ app_begin ] --END-- [ RunTime:0.001000s ]
INFO: [ view_parse ] --START--
INFO: [ template_filter ] --START--
INFO: Run Behavior\ContentReplaceBehavior [ RunTime:0.001000s ]
INFO: [ template_filter ] --END-- [ RunTime:0.001000s ]
NOTIC: [8] Undefined variable: data G:\xampp\htdocs\webdemo\Application\Runtime\Cache\Admin\da294f32921676f0e09dd3c6d83fe0cd.php 第 61 行.
NOTIC: [8] Undefined variable: data G:\xampp\htdocs\webdemo\Application\Runtime\Cache\Admin\da294f32921676f0e09dd3c6d83fe0cd.php 第 63 行.
INFO: Run Behavior\ParseTemplateBehavior [ RunTime:0.006000s ]
INFO: [ view_parse ] --END-- [ RunTime:0.006000s ]
INFO: [ view_filter ] --START--
INFO: Run Behavior\WriteHtmlCacheBehavior [ RunTime:0.000000s ]
INFO: [ view_filter ] --END-- [ RunTime:0.000000s ]
INFO: [ app_end ] --START--
INFO: Run Behavior\ShowPageTraceBehavior [ RunTime:0.001000s ]
INFO: [ app_end ] --END-- [ RunTime:0.001000s ]

[ 2016-12-12T17:30:10+08:00 ] ::1 /webdemo/index.php/Admin/Index/nav
INFO: [ app_init ] --START--
INFO: Run Behavior\BuildLiteBehavior [ RunTime:0.000000s ]
INFO: [ app_init ] --END-- [ RunTime:0.000000s ]
INFO: [ app_begin ] --START--
INFO: Run Behavior\ReadHtmlCacheBehavior [ RunTime:0.001000s ]
INFO: [ app_begin ] --END-- [ RunTime:0.001000s ]
NOTIC: [2048] Declaration of Admin\Controller\IndexController::theme() should be compatible with Think\Controller::theme($theme) G:\xampp\htdocs\webdemo\Application\Admin\Controller\IndexController.class.php 第 130 行.
SQL: SHOW COLUMNS FROM `navigation` [ RunTime:0.0030s ]
SQL: SELECT * FROM `navigation` WHERE ( level=1 )  [ RunTime:0.0000s ]
SQL: SELECT * FROM `navigation` WHERE ( level=2 )  [ RunTime:0.0010s ]
SQL: SELECT * FROM `navigation` WHERE ( level=3 )  [ RunTime:0.0000s ]
NOTIC: [8] Undefined variable: infoName G:\xampp\htdocs\webdemo\Application\Admin\Controller\IndexController.class.php 第 99 行.
NOTIC: [8] Undefined variable: infoName G:\xampp\htdocs\webdemo\Application\Admin\Controller\IndexController.class.php 第 99 行.
NOTIC: [8] Undefined variable: infoName G:\xampp\htdocs\webdemo\Application\Admin\Controller\IndexController.class.php 第 99 行.
INFO: [ view_parse ] --START--
INFO: [ template_filter ] --START--
INFO: Run Behavior\ContentReplaceBehavior [ RunTime:0.000000s ]
INFO: [ template_filter ] --END-- [ RunTime:0.000000s ]
INFO: Run Behavior\ParseTemplateBehavior [ RunTime:0.006000s ]
INFO: [ view_parse ] --END-- [ RunTime:0.006000s ]
INFO: [ view_filter ] --START--
INFO: Run Behavior\WriteHtmlCacheBehavior [ RunTime:0.001000s ]
INFO: [ view_filter ] --END-- [ RunTime:0.001000s ]
INFO: [ app_end ] --START--
INFO: Run Behavior\ShowPageTraceBehavior [ RunTime:0.000000s ]
INFO: [ app_end ] --END-- [ RunTime:0.000000s ]

[ 2016-12-12T17:30:17+08:00 ] ::1 /webdemo/index.php/Admin/Index/nav
INFO: [ app_init ] --START--
INFO: Run Behavior\BuildLiteBehavior [ RunTime:0.000000s ]
INFO: [ app_init ] --END-- [ RunTime:0.000000s ]
INFO: [ app_begin ] --START--
INFO: Run Behavior\ReadHtmlCacheBehavior [ RunTime:0.001000s ]
INFO: [ app_begin ] --END-- [ RunTime:0.001000s ]
NOTIC: [2048] Declaration of Admin\Controller\IndexController::theme() should be compatible with Think\Controller::theme($theme) G:\xampp\htdocs\webdemo\Application\Admin\Controller\IndexController.class.php 第 130 行.
SQL: SHOW COLUMNS FROM `navigation` [ RunTime:0.0030s ]
SQL: SELECT * FROM `navigation` WHERE ( level=1 )  [ RunTime:0.0000s ]
SQL: SELECT * FROM `navigation` WHERE ( level=2 )  [ RunTime:0.0000s ]
SQL: SELECT * FROM `navigation` WHERE ( level=3 )  [ RunTime:0.0000s ]
NOTIC: [8] Undefined variable: infoName G:\xampp\htdocs\webdemo\Application\Admin\Controller\IndexController.class.php 第 99 行.
NOTIC: [8] Undefined variable: infoName G:\xampp\htdocs\webdemo\Application\Admin\Controller\IndexController.class.php 第 99 行.
NOTIC: [8] Undefined variable: infoName G:\xampp\htdocs\webdemo\Application\Admin\Controller\IndexController.class.php 第 99 行.
INFO: [ view_parse ] --START--
INFO: [ template_filter ] --START--
INFO: Run Behavior\ContentReplaceBehavior [ RunTime:0.000000s ]
INFO: [ template_filter ] --END-- [ RunTime:0.000000s ]
INFO: Run Behavior\ParseTemplateBehavior [ RunTime:0.006000s ]
INFO: [ view_parse ] --END-- [ RunTime:0.006000s ]
INFO: [ view_filter ] --START--
INFO: Run Behavior\WriteHtmlCacheBehavior [ RunTime:0.000000s ]
INFO: [ view_filter ] --END-- [ RunTime:0.000000s ]
INFO: [ app_end ] --START--
INFO: Run Behavior\ShowPageTraceBehavior [ RunTime:0.000000s ]
INFO: [ app_end ] --END-- [ RunTime:0.001000s ]

[ 2016-12-12T17:30:19+08:00 ] ::1 /webdemo/index.php/Admin/Index/nav
INFO: [ app_init ] --START--
INFO: Run Behavior\BuildLiteBehavior [ RunTime:0.000000s ]
INFO: [ app_init ] --END-- [ RunTime:0.000000s ]
INFO: [ app_begin ] --START--
INFO: Run Behavior\ReadHtmlCacheBehavior [ RunTime:0.000000s ]
INFO: [ app_begin ] --END-- [ RunTime:0.000000s ]
NOTIC: [2048] Declaration of Admin\Controller\IndexController::theme() should be compatible with Think\Controller::theme($theme) G:\xampp\htdocs\webdemo\Application\Admin\Controller\IndexController.class.php 第 130 行.
SQL: SHOW COLUMNS FROM `navigation` [ RunTime:0.0030s ]
SQL: SELECT * FROM `navigation` WHERE ( level=1 )  [ RunTime:0.0000s ]
SQL: SELECT * FROM `navigation` WHERE ( level=2 )  [ RunTime:0.0010s ]
SQL: SELECT * FROM `navigation` WHERE ( level=3 )  [ RunTime:0.0000s ]
NOTIC: [8] Undefined variable: infoName G:\xampp\htdocs\webdemo\Application\Admin\Controller\IndexController.class.php 第 99 行.
NOTIC: [8] Undefined variable: infoName G:\xampp\htdocs\webdemo\Application\Admin\Controller\IndexController.class.php 第 99 行.
NOTIC: [8] Undefined variable: infoName G:\xampp\htdocs\webdemo\Application\Admin\Controller\IndexController.class.php 第 99 行.
INFO: [ view_parse ] --START--
INFO: [ template_filter ] --START--
INFO: Run Behavior\ContentReplaceBehavior [ RunTime:0.000000s ]
INFO: [ template_filter ] --END-- [ RunTime:0.000000s ]
INFO: Run Behavior\ParseTemplateBehavior [ RunTime:0.006000s ]
INFO: [ view_parse ] --END-- [ RunTime:0.006000s ]
INFO: [ view_filter ] --START--
INFO: Run Behavior\WriteHtmlCacheBehavior [ RunTime:0.000000s ]
INFO: [ view_filter ] --END-- [ RunTime:0.000000s ]
INFO: [ app_end ] --START--
INFO: Run Behavior\ShowPageTraceBehavior [ RunTime:0.001000s ]
INFO: [ app_end ] --END-- [ RunTime:0.001000s ]

[ 2016-12-12T17:30:21+08:00 ] ::1 /webdemo/index.php/Admin/Index/nav
INFO: [ app_init ] --START--
INFO: Run Behavior\BuildLiteBehavior [ RunTime:0.000000s ]
INFO: [ app_init ] --END-- [ RunTime:0.000000s ]
INFO: [ app_begin ] --START--
INFO: Run Behavior\ReadHtmlCacheBehavior [ RunTime:0.000000s ]
INFO: [ app_begin ] --END-- [ RunTime:0.000000s ]
NOTIC: [2048] Declaration of Admin\Controller\IndexController::theme() should be compatible with Think\Controller::theme($theme) G:\xampp\htdocs\webdemo\Application\Admin\Controller\IndexController.class.php 第 130 行.
SQL: SHOW COLUMNS FROM `navigation` [ RunTime:0.0030s ]
SQL: SELECT * FROM `navigation` WHERE ( level=1 )  [ RunTime:0.0000s ]
SQL: SELECT * FROM `navigation` WHERE ( level=2 )  [ RunTime:0.0000s ]
SQL: SELECT * FROM `navigation` WHERE ( level=3 )  [ RunTime:0.0000s ]
NOTIC: [8] Undefined variable: infoName G:\xampp\htdocs\webdemo\Application\Admin\Controller\IndexController.class.php 第 99 行.
NOTIC: [8] Undefined variable: infoName G:\xampp\htdocs\webdemo\Application\Admin\Controller\IndexController.class.php 第 99 行.
NOTIC: [8] Undefined variable: infoName G:\xampp\htdocs\webdemo\Application\Admin\Controller\IndexController.class.php 第 99 行.
INFO: [ view_parse ] --START--
INFO: [ template_filter ] --START--
INFO: Run Behavior\ContentReplaceBehavior [ RunTime:0.000000s ]
INFO: [ template_filter ] --END-- [ RunTime:0.000000s ]
INFO: Run Behavior\ParseTemplateBehavior [ RunTime:0.006000s ]
INFO: [ view_parse ] --END-- [ RunTime:0.006000s ]
INFO: [ view_filter ] --START--
INFO: Run Behavior\WriteHtmlCacheBehavior [ RunTime:0.001001s ]
INFO: [ view_filter ] --END-- [ RunTime:0.001001s ]
INFO: [ app_end ] --START--
INFO: Run Behavior\ShowPageTraceBehavior [ RunTime:0.001000s ]
INFO: [ app_end ] --END-- [ RunTime:0.001000s ]

[ 2016-12-12T17:30:24+08:00 ] ::1 /webdemo/index.php/Admin/Index/setting
INFO: [ app_init ] --START--
INFO: Run Behavior\BuildLiteBehavior [ RunTime:0.000000s ]
INFO: [ app_init ] --END-- [ RunTime:0.001000s ]
INFO: [ app_begin ] --START--
INFO: Run Behavior\ReadHtmlCacheBehavior [ RunTime:0.000000s ]
INFO: [ app_begin ] --END-- [ RunTime:0.000000s ]
NOTIC: [2048] Declaration of Admin\Controller\IndexController::theme() should be compatible with Think\Controller::theme($theme) G:\xampp\htdocs\webdemo\Application\Admin\Controller\IndexController.class.php 第 130 行.
SQL: SHOW COLUMNS FROM `setting` [ RunTime:0.0030s ]
SQL: SELECT * FROM `setting`  [ RunTime:0.0000s ]
INFO: [ view_parse ] --START--
INFO: [ template_filter ] --START--
INFO: Run Behavior\ContentReplaceBehavior [ RunTime:0.000000s ]
INFO: [ template_filter ] --END-- [ RunTime:0.000000s ]
INFO: Run Behavior\ParseTemplateBehavior [ RunTime:0.009000s ]
INFO: [ view_parse ] --END-- [ RunTime:0.009000s ]
INFO: [ view_filter ] --START--
INFO: Run Behavior\WriteHtmlCacheBehavior [ RunTime:0.001000s ]
INFO: [ view_filter ] --END-- [ RunTime:0.001000s ]
INFO: [ app_end ] --START--
INFO: Run Behavior\ShowPageTraceBehavior [ RunTime:0.001000s ]
INFO: [ app_end ] --END-- [ RunTime:0.001000s ]

[ 2016-12-12T17:30:24+08:00 ] ::1 /webdemo/index.php/Admin/Index/article
INFO: [ app_init ] --START--
INFO: Run Behavior\BuildLiteBehavior [ RunTime:0.000000s ]
INFO: [ app_init ] --END-- [ RunTime:0.000000s ]
INFO: [ app_begin ] --START--
INFO: Run Behavior\ReadHtmlCacheBehavior [ RunTime:0.001000s ]
INFO: [ app_begin ] --END-- [ RunTime:0.001000s ]
NOTIC: [2048] Declaration of Admin\Controller\IndexController::theme() should be compatible with Think\Controller::theme($theme) G:\xampp\htdocs\webdemo\Application\Admin\Controller\IndexController.class.php 第 130 行.
INFO: [ view_parse ] --START--
INFO: [ template_filter ] --START--
INFO: Run Behavior\ContentReplaceBehavior [ RunTime:0.000000s ]
INFO: [ template_filter ] --END-- [ RunTime:0.000000s ]
INFO: Run Behavior\ParseTemplateBehavior [ RunTime:0.016001s ]
INFO: [ view_parse ] --END-- [ RunTime:0.016001s ]
INFO: [ view_filter ] --START--
INFO: Run Behavior\WriteHtmlCacheBehavior [ RunTime:0.001000s ]
INFO: [ view_filter ] --END-- [ RunTime:0.001000s ]
INFO: [ app_end ] --START--
INFO: Run Behavior\ShowPageTraceBehavior [ RunTime:0.001000s ]
INFO: [ app_end ] --END-- [ RunTime:0.001000s ]

[ 2016-12-12T17:30:25+08:00 ] ::1 /webdemo/index.php/Admin/Index/product
INFO: [ app_init ] --START--
INFO: Run Behavior\BuildLiteBehavior [ RunTime:0.000000s ]
INFO: [ app_init ] --END-- [ RunTime:0.000000s ]
INFO: [ app_begin ] --START--
INFO: Run Behavior\ReadHtmlCacheBehavior [ RunTime:0.000000s ]
INFO: [ app_begin ] --END-- [ RunTime:0.000000s ]
NOTIC: [2048] Declaration of Admin\Controller\IndexController::theme() should be compatible with Think\Controller::theme($theme) G:\xampp\htdocs\webdemo\Application\Admin\Controller\IndexController.class.php 第 130 行.
INFO: [ view_parse ] --START--
INFO: [ template_filter ] --START--
INFO: Run Behavior\ContentReplaceBehavior [ RunTime:0.000000s ]
INFO: [ template_filter ] --END-- [ RunTime:0.000000s ]
INFO: Run Behavior\ParseTemplateBehavior [ RunTime:0.023001s ]
INFO: [ view_parse ] --END-- [ RunTime:0.023001s ]
INFO: [ view_filter ] --START--
INFO: Run Behavior\WriteHtmlCacheBehavior [ RunTime:0.000000s ]
INFO: [ view_filter ] --END-- [ RunTime:0.000000s ]
INFO: [ app_end ] --START--
INFO: Run Behavior\ShowPageTraceBehavior [ RunTime:0.000000s ]
INFO: [ app_end ] --END-- [ RunTime:0.000000s ]

[ 2016-12-12T17:30:26+08:00 ] ::1 /webdemo/index.php/Admin/Index/theme
INFO: [ app_init ] --START--
INFO: Run Behavior\BuildLiteBehavior [ RunTime:0.000000s ]
INFO: [ app_init ] --END-- [ RunTime:0.000000s ]
INFO: [ app_begin ] --START--
INFO: Run Behavior\ReadHtmlCacheBehavior [ RunTime:0.001000s ]
INFO: [ app_begin ] --END-- [ RunTime:0.001000s ]
NOTIC: [2048] Declaration of Admin\Controller\IndexController::theme() should be compatible with Think\Controller::theme($theme) G:\xampp\htdocs\webdemo\Application\Admin\Controller\IndexController.class.php 第 130 行.
INFO: [ app_end ] --START--
INFO: Run Behavior\ShowPageTraceBehavior [ RunTime:0.000000s ]
INFO: [ app_end ] --END-- [ RunTime:0.000000s ]

[ 2016-12-12T17:30:27+08:00 ] ::1 /webdemo/index.php/Admin/Index/article
INFO: [ app_init ] --START--
INFO: Run Behavior\BuildLiteBehavior [ RunTime:0.000000s ]
INFO: [ app_init ] --END-- [ RunTime:0.001000s ]
INFO: [ app_begin ] --START--
INFO: Run Behavior\ReadHtmlCacheBehavior [ RunTime:0.000000s ]
INFO: [ app_begin ] --END-- [ RunTime:0.000000s ]
NOTIC: [2048] Declaration of Admin\Controller\IndexController::theme() should be compatible with Think\Controller::theme($theme) G:\xampp\htdocs\webdemo\Application\Admin\Controller\IndexController.class.php 第 130 行.
INFO: [ view_parse ] --START--
INFO: [ template_filter ] --START--
INFO: Run Behavior\ContentReplaceBehavior [ RunTime:0.000000s ]
INFO: [ template_filter ] --END-- [ RunTime:0.001000s ]
INFO: Run Behavior\ParseTemplateBehavior [ RunTime:0.007000s ]
INFO: [ view_parse ] --END-- [ RunTime:0.007000s ]
INFO: [ view_filter ] --START--
INFO: Run Behavior\WriteHtmlCacheBehavior [ RunTime:0.001000s ]
INFO: [ view_filter ] --END-- [ RunTime:0.001000s ]
INFO: [ app_end ] --START--
INFO: Run Behavior\ShowPageTraceBehavior [ RunTime:0.000000s ]
INFO: [ app_end ] --END-- [ RunTime:0.000000s ]

[ 2016-12-12T17:30:28+08:00 ] ::1 /webdemo/index.php/Admin/Index/nav
INFO: [ app_init ] --START--
INFO: Run Behavior\BuildLiteBehavior [ RunTime:0.000000s ]
INFO: [ app_init ] --END-- [ RunTime:0.000000s ]
INFO: [ app_begin ] --START--
INFO: Run Behavior\ReadHtmlCacheBehavior [ RunTime:0.001000s ]
INFO: [ app_begin ] --END-- [ RunTime:0.001000s ]
NOTIC: [2048] Declaration of Admin\Controller\IndexController::theme() should be compatible with Think\Controller::theme($theme) G:\xampp\htdocs\webdemo\Application\Admin\Controller\IndexController.class.php 第 130 行.
SQL: SHOW COLUMNS FROM `navigation` [ RunTime:0.0030s ]
SQL: SELECT * FROM `navigation` WHERE ( level=1 )  [ RunTime:0.0000s ]
SQL: SELECT * FROM `navigation` WHERE ( level=2 )  [ RunTime:0.0010s ]
SQL: SELECT * FROM `navigation` WHERE ( level=3 )  [ RunTime:0.0000s ]
NOTIC: [8] Undefined variable: infoName G:\xampp\htdocs\webdemo\Application\Admin\Controller\IndexController.class.php 第 99 行.
NOTIC: [8] Undefined variable: infoName G:\xampp\htdocs\webdemo\Application\Admin\Controller\IndexController.class.php 第 99 行.
NOTIC: [8] Undefined variable: infoName G:\xampp\htdocs\webdemo\Application\Admin\Controller\IndexController.class.php 第 99 行.
INFO: [ view_parse ] --START--
INFO: [ template_filter ] --START--
INFO: Run Behavior\ContentReplaceBehavior [ RunTime:0.000000s ]
INFO: [ template_filter ] --END-- [ RunTime:0.000000s ]
INFO: Run Behavior\ParseTemplateBehavior [ RunTime:0.006000s ]
INFO: [ view_parse ] --END-- [ RunTime:0.006000s ]
INFO: [ view_filter ] --START--
INFO: Run Behavior\WriteHtmlCacheBehavior [ RunTime:0.000000s ]
INFO: [ view_filter ] --END-- [ RunTime:0.000000s ]
INFO: [ app_end ] --START--
INFO: Run Behavior\ShowPageTraceBehavior [ RunTime:0.001000s ]
INFO: [ app_end ] --END-- [ RunTime:0.001000s ]

[ 2016-12-12T17:44:46+08:00 ] ::1 /webdemo/index.php/Admin/Index/nav
INFO: [ app_init ] --START--
INFO: Run Behavior\BuildLiteBehavior [ RunTime:0.000000s ]
INFO: [ app_init ] --END-- [ RunTime:0.000000s ]
INFO: [ app_begin ] --START--
INFO: Run Behavior\ReadHtmlCacheBehavior [ RunTime:0.001000s ]
INFO: [ app_begin ] --END-- [ RunTime:0.001000s ]
NOTIC: [2048] Declaration of Admin\Controller\IndexController::theme() should be compatible with Think\Controller::theme($theme) G:\xampp\htdocs\webdemo\Application\Admin\Controller\IndexController.class.php 第 130 行.
SQL: SHOW COLUMNS FROM `navigation` [ RunTime:0.0030s ]
SQL: SELECT * FROM `navigation` WHERE ( level=1 )  [ RunTime:0.0000s ]
SQL: SELECT * FROM `navigation` WHERE ( level=2 )  [ RunTime:0.0000s ]
SQL: SELECT * FROM `navigation` WHERE ( level=3 )  [ RunTime:0.0000s ]
NOTIC: [8] Undefined variable: infoName G:\xampp\htdocs\webdemo\Application\Admin\Controller\IndexController.class.php 第 99 行.
NOTIC: [8] Undefined variable: infoName G:\xampp\htdocs\webdemo\Application\Admin\Controller\IndexController.class.php 第 99 行.
NOTIC: [8] Undefined variable: infoName G:\xampp\htdocs\webdemo\Application\Admin\Controller\IndexController.class.php 第 99 行.
INFO: [ view_parse ] --START--
INFO: [ template_filter ] --START--
INFO: Run Behavior\ContentReplaceBehavior [ RunTime:0.000000s ]
INFO: [ template_filter ] --END-- [ RunTime:0.000000s ]
INFO: Run Behavior\ParseTemplateBehavior [ RunTime:0.006001s ]
INFO: [ view_parse ] --END-- [ RunTime:0.006001s ]
INFO: [ view_filter ] --START--
INFO: Run Behavior\WriteHtmlCacheBehavior [ RunTime:0.000000s ]
INFO: [ view_filter ] --END-- [ RunTime:0.000000s ]
INFO: [ app_end ] --START--
INFO: Run Behavior\ShowPageTraceBehavior [ RunTime:0.001000s ]
INFO: [ app_end ] --END-- [ RunTime:0.001000s ]

[ 2016-12-12T17:44:47+08:00 ] ::1 /webdemo/index.php/Admin/Config/nav.html?id=1&action=connect
INFO: [ app_init ] --START--
INFO: Run Behavior\BuildLiteBehavior [ RunTime:0.000000s ]
INFO: [ app_init ] --END-- [ RunTime:0.000000s ]
INFO: [ app_begin ] --START--
INFO: Run Behavior\ReadHtmlCacheBehavior [ RunTime:0.001000s ]
INFO: [ app_begin ] --END-- [ RunTime:0.001000s ]
INFO: [ app_end ] --START--
INFO: Run Behavior\ShowPageTraceBehavior [ RunTime:0.000000s ]
INFO: [ app_end ] --END-- [ RunTime:0.000000s ]

[ 2016-12-12T17:52:31+08:00 ] ::1 /webdemo/index.php/Admin/Config/nav.html?id=1&action=edit
INFO: [ app_init ] --START--
INFO: Run Behavior\BuildLiteBehavior [ RunTime:0.000000s ]
INFO: [ app_init ] --END-- [ RunTime:0.000000s ]
INFO: [ app_begin ] --START--
INFO: Run Behavior\ReadHtmlCacheBehavior [ RunTime:0.000000s ]
INFO: [ app_begin ] --END-- [ RunTime:0.000000s ]
INFO: [ app_end ] --START--
INFO: Run Behavior\ShowPageTraceBehavior [ RunTime:0.001000s ]
INFO: [ app_end ] --END-- [ RunTime:0.001000s ]

