[ 2017-01-14T00:46:38+08:00 ] ::1 /webdemo/index.php/Admin/Config/ProductListEdit.html
INFO: [ app_init ] --START--
INFO: Run Behavior\BuildLiteBehavior [ RunTime:0.000000s ]
INFO: [ app_init ] --END-- [ RunTime:0.000000s ]
INFO: [ app_begin ] --START--
INFO: Run Behavior\ReadHtmlCacheBehavior [ RunTime:0.000000s ]
INFO: [ app_begin ] --END-- [ RunTime:0.000000s ]
INFO: [ app_end ] --START--
INFO: Run Behavior\ShowPageTraceBehavior [ RunTime:0.000000s ]
INFO: [ app_end ] --END-- [ RunTime:0.000000s ]

[ 2017-01-14T00:47:41+08:00 ] ::1 /webdemo/index.php/Admin/Index/product
INFO: [ app_init ] --START--
INFO: Run Behavior\BuildLiteBehavior [ RunTime:0.000000s ]
INFO: [ app_init ] --END-- [ RunTime:0.000000s ]
INFO: [ app_begin ] --START--
INFO: Run Behavior\ReadHtmlCacheBehavior [ RunTime:0.000000s ]
INFO: [ app_begin ] --END-- [ RunTime:0.000000s ]
NOTIC: [2048] Declaration of Admin\Controller\IndexController::theme() should be compatible with Think\Controller::theme($theme) G:\xampp\htdocs\webdemo\Application\Admin\Controller\IndexController.class.php 第 226 行.
SQL: SHOW COLUMNS FROM `navigation` [ RunTime:0.0020s ]
SQL: SELECT * FROM `navigation` WHERE ( type='product' ) ORDER BY sort desc,id  [ RunTime:0.0000s ]
NOTIC: [8] Undefined index: category_id G:\xampp\htdocs\webdemo\Application\Admin\Controller\IndexController.class.php 第 148 行.
NOTIC: [8] Undefined index: category_id G:\xampp\htdocs\webdemo\Application\Admin\Controller\IndexController.class.php 第 148 行.
NOTIC: [8] Undefined index: category_id G:\xampp\htdocs\webdemo\Application\Admin\Controller\IndexController.class.php 第 148 行.
NOTIC: [8] Undefined index: category_id G:\xampp\htdocs\webdemo\Application\Admin\Controller\IndexController.class.php 第 148 行.
NOTIC: [8] Undefined index: category_id G:\xampp\htdocs\webdemo\Application\Admin\Controller\IndexController.class.php 第 148 行.
SQL: SHOW COLUMNS FROM `product` [ RunTime:0.0030s ]
SQL: SELECT * FROM `product`  [ RunTime:0.0000s ]
NOTIC: [8] A non well formed numeric value encountered G:\xampp\htdocs\webdemo\Application\Admin\Controller\IndexController.class.php 第 164 行.
NOTIC: [8] A non well formed numeric value encountered G:\xampp\htdocs\webdemo\Application\Admin\Controller\IndexController.class.php 第 164 行.
NOTIC: [8] Undefined variable: category G:\xampp\htdocs\webdemo\Application\Admin\Controller\IndexController.class.php 第 204 行.
INFO: [ view_parse ] --START--
INFO: [ template_filter ] --START--
INFO: Run Behavior\ContentReplaceBehavior [ RunTime:0.000000s ]
INFO: [ template_filter ] --END-- [ RunTime:0.000000s ]
INFO: Run Behavior\ParseTemplateBehavior [ RunTime:0.005000s ]
INFO: [ view_parse ] --END-- [ RunTime:0.005000s ]
INFO: [ view_filter ] --START--
INFO: Run Behavior\WriteHtmlCacheBehavior [ RunTime:0.000000s ]
INFO: [ view_filter ] --END-- [ RunTime:0.000000s ]
INFO: [ app_end ] --START--
INFO: Run Behavior\ShowPageTraceBehavior [ RunTime:0.000000s ]
INFO: [ app_end ] --END-- [ RunTime:0.000000s ]

[ 2017-01-14T00:47:45+08:00 ] ::1 /webdemo/index.php/Admin/Config/ProductListEdit.html
INFO: [ app_init ] --START--
INFO: Run Behavior\BuildLiteBehavior [ RunTime:0.000000s ]
INFO: [ app_init ] --END-- [ RunTime:0.000000s ]
INFO: [ app_begin ] --START--
INFO: Run Behavior\ReadHtmlCacheBehavior [ RunTime:0.000000s ]
INFO: [ app_begin ] --END-- [ RunTime:0.000000s ]
INFO: [ app_end ] --START--
INFO: Run Behavior\ShowPageTraceBehavior [ RunTime:0.000000s ]
INFO: [ app_end ] --END-- [ RunTime:0.000000s ]

[ 2017-01-14T00:48:11+08:00 ] ::1 /webdemo/index.php/Admin/Config/ProductListEdit.html
INFO: [ app_init ] --START--
INFO: Run Behavior\BuildLiteBehavior [ RunTime:0.000000s ]
INFO: [ app_init ] --END-- [ RunTime:0.000000s ]
INFO: [ app_begin ] --START--
INFO: Run Behavior\ReadHtmlCacheBehavior [ RunTime:0.000000s ]
INFO: [ app_begin ] --END-- [ RunTime:0.000000s ]
INFO: [ app_end ] --START--
INFO: Run Behavior\ShowPageTraceBehavior [ RunTime:0.000000s ]
INFO: [ app_end ] --END-- [ RunTime:0.000000s ]

[ 2017-01-14T01:15:29+08:00 ] ::1 /webdemo/index.php/Admin/Index/product
INFO: [ app_init ] --START--
INFO: Run Behavior\BuildLiteBehavior [ RunTime:0.000000s ]
INFO: [ app_init ] --END-- [ RunTime:0.000000s ]
INFO: [ app_begin ] --START--
INFO: Run Behavior\ReadHtmlCacheBehavior [ RunTime:0.001000s ]
INFO: [ app_begin ] --END-- [ RunTime:0.001000s ]
NOTIC: [2048] Declaration of Admin\Controller\IndexController::theme() should be compatible with Think\Controller::theme($theme) G:\xampp\htdocs\webdemo\Application\Admin\Controller\IndexController.class.php 第 226 行.
SQL: SHOW COLUMNS FROM `navigation` [ RunTime:0.0030s ]
SQL: SELECT * FROM `navigation` WHERE ( type='product' ) ORDER BY sort desc,id  [ RunTime:0.0000s ]
NOTIC: [8] Undefined index: category_id G:\xampp\htdocs\webdemo\Application\Admin\Controller\IndexController.class.php 第 148 行.
NOTIC: [8] Undefined index: category_id G:\xampp\htdocs\webdemo\Application\Admin\Controller\IndexController.class.php 第 148 行.
NOTIC: [8] Undefined index: category_id G:\xampp\htdocs\webdemo\Application\Admin\Controller\IndexController.class.php 第 148 行.
NOTIC: [8] Undefined index: category_id G:\xampp\htdocs\webdemo\Application\Admin\Controller\IndexController.class.php 第 148 行.
NOTIC: [8] Undefined index: category_id G:\xampp\htdocs\webdemo\Application\Admin\Controller\IndexController.class.php 第 148 行.
SQL: SHOW COLUMNS FROM `product` [ RunTime:0.0020s ]
SQL: SELECT * FROM `product`  [ RunTime:0.0000s ]
NOTIC: [8] A non well formed numeric value encountered G:\xampp\htdocs\webdemo\Application\Admin\Controller\IndexController.class.php 第 164 行.
NOTIC: [8] A non well formed numeric value encountered G:\xampp\htdocs\webdemo\Application\Admin\Controller\IndexController.class.php 第 164 行.
NOTIC: [8] Undefined variable: category G:\xampp\htdocs\webdemo\Application\Admin\Controller\IndexController.class.php 第 204 行.
INFO: [ view_parse ] --START--
INFO: [ template_filter ] --START--
INFO: Run Behavior\ContentReplaceBehavior [ RunTime:0.000000s ]
INFO: [ template_filter ] --END-- [ RunTime:0.000000s ]
INFO: Run Behavior\ParseTemplateBehavior [ RunTime:0.006001s ]
INFO: [ view_parse ] --END-- [ RunTime:0.006001s ]
INFO: [ view_filter ] --START--
INFO: Run Behavior\WriteHtmlCacheBehavior [ RunTime:0.000000s ]
INFO: [ view_filter ] --END-- [ RunTime:0.000000s ]
INFO: [ app_end ] --START--
INFO: Run Behavior\ShowPageTraceBehavior [ RunTime:0.001000s ]
INFO: [ app_end ] --END-- [ RunTime:0.001000s ]

[ 2017-01-14T01:15:39+08:00 ] ::1 /webdemo/index.php/Admin/Config/ProductListEdit.html
INFO: [ app_init ] --START--
INFO: Run Behavior\BuildLiteBehavior [ RunTime:0.000000s ]
INFO: [ app_init ] --END-- [ RunTime:0.000000s ]
INFO: [ app_begin ] --START--
INFO: Run Behavior\ReadHtmlCacheBehavior [ RunTime:0.000000s ]
INFO: [ app_begin ] --END-- [ RunTime:0.000000s ]
SQL: SHOW COLUMNS FROM `product` [ RunTime:0.0030s ]
SQL: UPDATE `product` SET `category_id`='13' WHERE `id` = 3 [ RunTime:0.0680s ]
NOTIC: [8] Undefined index: type G:\xampp\htdocs\webdemo\Application\Admin\Controller\ConfigController.class.php 第 196 行.
INFO: [ app_end ] --START--
INFO: Run Behavior\ShowPageTraceBehavior [ RunTime:0.001000s ]
INFO: [ app_end ] --END-- [ RunTime:0.001000s ]

[ 2017-01-14T01:15:40+08:00 ] ::1 /webdemo/index.php/Admin/Index/product
INFO: [ app_init ] --START--
INFO: Run Behavior\BuildLiteBehavior [ RunTime:0.000000s ]
INFO: [ app_init ] --END-- [ RunTime:0.001000s ]
INFO: [ app_begin ] --START--
INFO: Run Behavior\ReadHtmlCacheBehavior [ RunTime:0.001000s ]
INFO: [ app_begin ] --END-- [ RunTime:0.001000s ]
NOTIC: [2048] Declaration of Admin\Controller\IndexController::theme() should be compatible with Think\Controller::theme($theme) G:\xampp\htdocs\webdemo\Application\Admin\Controller\IndexController.class.php 第 226 行.
SQL: SHOW COLUMNS FROM `navigation` [ RunTime:0.0030s ]
SQL: SELECT * FROM `navigation` WHERE ( type='product' ) ORDER BY sort desc,id  [ RunTime:0.0000s ]
NOTIC: [8] Undefined index: category_id G:\xampp\htdocs\webdemo\Application\Admin\Controller\IndexController.class.php 第 148 行.
NOTIC: [8] Undefined index: category_id G:\xampp\htdocs\webdemo\Application\Admin\Controller\IndexController.class.php 第 148 行.
NOTIC: [8] Undefined index: category_id G:\xampp\htdocs\webdemo\Application\Admin\Controller\IndexController.class.php 第 148 行.
NOTIC: [8] Undefined index: category_id G:\xampp\htdocs\webdemo\Application\Admin\Controller\IndexController.class.php 第 148 行.
NOTIC: [8] Undefined index: category_id G:\xampp\htdocs\webdemo\Application\Admin\Controller\IndexController.class.php 第 148 行.
SQL: SHOW COLUMNS FROM `product` [ RunTime:0.0020s ]
SQL: SELECT * FROM `product`  [ RunTime:0.0000s ]
NOTIC: [8] A non well formed numeric value encountered G:\xampp\htdocs\webdemo\Application\Admin\Controller\IndexController.class.php 第 164 行.
NOTIC: [8] A non well formed numeric value encountered G:\xampp\htdocs\webdemo\Application\Admin\Controller\IndexController.class.php 第 164 行.
NOTIC: [8] Undefined variable: category G:\xampp\htdocs\webdemo\Application\Admin\Controller\IndexController.class.php 第 204 行.
INFO: [ view_parse ] --START--
INFO: [ template_filter ] --START--
INFO: Run Behavior\ContentReplaceBehavior [ RunTime:0.000000s ]
INFO: [ template_filter ] --END-- [ RunTime:0.000000s ]
INFO: Run Behavior\ParseTemplateBehavior [ RunTime:0.005000s ]
INFO: [ view_parse ] --END-- [ RunTime:0.006000s ]
INFO: [ view_filter ] --START--
INFO: Run Behavior\WriteHtmlCacheBehavior [ RunTime:0.000000s ]
INFO: [ view_filter ] --END-- [ RunTime:0.000000s ]
INFO: [ app_end ] --START--
INFO: Run Behavior\ShowPageTraceBehavior [ RunTime:0.001000s ]
INFO: [ app_end ] --END-- [ RunTime:0.001000s ]

[ 2017-01-14T01:15:46+08:00 ] ::1 /webdemo/index.php/Admin/Index/product.html?category_id=13
INFO: [ app_init ] --START--
INFO: Run Behavior\BuildLiteBehavior [ RunTime:0.000000s ]
INFO: [ app_init ] --END-- [ RunTime:0.000000s ]
INFO: [ app_begin ] --START--
INFO: Run Behavior\ReadHtmlCacheBehavior [ RunTime:0.000000s ]
INFO: [ app_begin ] --END-- [ RunTime:0.000000s ]
NOTIC: [2048] Declaration of Admin\Controller\IndexController::theme() should be compatible with Think\Controller::theme($theme) G:\xampp\htdocs\webdemo\Application\Admin\Controller\IndexController.class.php 第 226 行.
SQL: SHOW COLUMNS FROM `navigation` [ RunTime:0.0030s ]
SQL: SELECT * FROM `navigation` WHERE ( type='product' ) ORDER BY sort desc,id  [ RunTime:0.0000s ]
SQL: SHOW COLUMNS FROM `product` [ RunTime:0.0030s ]
SQL: SELECT * FROM `product` WHERE ( category_id=13 )  [ RunTime:0.0010s ]
NOTIC: [8] A non well formed numeric value encountered G:\xampp\htdocs\webdemo\Application\Admin\Controller\IndexController.class.php 第 164 行.
INFO: [ view_parse ] --START--
INFO: [ template_filter ] --START--
INFO: Run Behavior\ContentReplaceBehavior [ RunTime:0.000000s ]
INFO: [ template_filter ] --END-- [ RunTime:0.000000s ]
INFO: Run Behavior\ParseTemplateBehavior [ RunTime:0.006001s ]
INFO: [ view_parse ] --END-- [ RunTime:0.006001s ]
INFO: [ view_filter ] --START--
INFO: Run Behavior\WriteHtmlCacheBehavior [ RunTime:0.000000s ]
INFO: [ view_filter ] --END-- [ RunTime:0.000000s ]
INFO: [ app_end ] --START--
INFO: Run Behavior\ShowPageTraceBehavior [ RunTime:0.001000s ]
INFO: [ app_end ] --END-- [ RunTime:0.001000s ]

[ 2017-01-14T01:15:50+08:00 ] ::1 /webdemo/index.php/Admin/Index/product.html
INFO: [ app_init ] --START--
INFO: Run Behavior\BuildLiteBehavior [ RunTime:0.000000s ]
INFO: [ app_init ] --END-- [ RunTime:0.000000s ]
INFO: [ app_begin ] --START--
INFO: Run Behavior\ReadHtmlCacheBehavior [ RunTime:0.000000s ]
INFO: [ app_begin ] --END-- [ RunTime:0.000000s ]
NOTIC: [2048] Declaration of Admin\Controller\IndexController::theme() should be compatible with Think\Controller::theme($theme) G:\xampp\htdocs\webdemo\Application\Admin\Controller\IndexController.class.php 第 226 行.
SQL: SHOW COLUMNS FROM `navigation` [ RunTime:0.0030s ]
SQL: SELECT * FROM `navigation` WHERE ( type='product' ) ORDER BY sort desc,id  [ RunTime:0.0000s ]
NOTIC: [8] Undefined index: category_id G:\xampp\htdocs\webdemo\Application\Admin\Controller\IndexController.class.php 第 148 行.
NOTIC: [8] Undefined index: category_id G:\xampp\htdocs\webdemo\Application\Admin\Controller\IndexController.class.php 第 148 行.
NOTIC: [8] Undefined index: category_id G:\xampp\htdocs\webdemo\Application\Admin\Controller\IndexController.class.php 第 148 行.
NOTIC: [8] Undefined index: category_id G:\xampp\htdocs\webdemo\Application\Admin\Controller\IndexController.class.php 第 148 行.
NOTIC: [8] Undefined index: category_id G:\xampp\htdocs\webdemo\Application\Admin\Controller\IndexController.class.php 第 148 行.
SQL: SHOW COLUMNS FROM `product` [ RunTime:0.0020s ]
SQL: SELECT * FROM `product`  [ RunTime:0.0000s ]
NOTIC: [8] A non well formed numeric value encountered G:\xampp\htdocs\webdemo\Application\Admin\Controller\IndexController.class.php 第 164 行.
NOTIC: [8] A non well formed numeric value encountered G:\xampp\htdocs\webdemo\Application\Admin\Controller\IndexController.class.php 第 164 行.
NOTIC: [8] Undefined variable: category G:\xampp\htdocs\webdemo\Application\Admin\Controller\IndexController.class.php 第 204 行.
INFO: [ view_parse ] --START--
INFO: [ template_filter ] --START--
INFO: Run Behavior\ContentReplaceBehavior [ RunTime:0.000000s ]
INFO: [ template_filter ] --END-- [ RunTime:0.000000s ]
INFO: Run Behavior\ParseTemplateBehavior [ RunTime:0.005001s ]
INFO: [ view_parse ] --END-- [ RunTime:0.005001s ]
INFO: [ view_filter ] --START--
INFO: Run Behavior\WriteHtmlCacheBehavior [ RunTime:0.001000s ]
INFO: [ view_filter ] --END-- [ RunTime:0.001000s ]
INFO: [ app_end ] --START--
INFO: Run Behavior\ShowPageTraceBehavior [ RunTime:0.001000s ]
INFO: [ app_end ] --END-- [ RunTime:0.001000s ]

[ 2017-01-14T01:16:47+08:00 ] ::1 /webdemo/index.php/Admin/Config/ProductListEdit.html
INFO: [ app_init ] --START--
INFO: Run Behavior\BuildLiteBehavior [ RunTime:0.000000s ]
INFO: [ app_init ] --END-- [ RunTime:0.000000s ]
INFO: [ app_begin ] --START--
INFO: Run Behavior\ReadHtmlCacheBehavior [ RunTime:0.000000s ]
INFO: [ app_begin ] --END-- [ RunTime:0.000000s ]
SQL: SHOW COLUMNS FROM `product` [ RunTime:0.0030s ]
SQL: UPDATE `product` SET `category_id`='10' WHERE `id` = 3 [ RunTime:0.0010s ]
NOTIC: [8] Undefined index: type G:\xampp\htdocs\webdemo\Application\Admin\Controller\ConfigController.class.php 第 196 行.
INFO: [ app_end ] --START--
INFO: Run Behavior\ShowPageTraceBehavior [ RunTime:0.000000s ]
INFO: [ app_end ] --END-- [ RunTime:0.000000s ]

[ 2017-01-14T01:16:48+08:00 ] ::1 /webdemo/index.php/Admin/Index/product.html
INFO: [ app_init ] --START--
INFO: Run Behavior\BuildLiteBehavior [ RunTime:0.000000s ]
INFO: [ app_init ] --END-- [ RunTime:0.000000s ]
INFO: [ app_begin ] --START--
INFO: Run Behavior\ReadHtmlCacheBehavior [ RunTime:0.001000s ]
INFO: [ app_begin ] --END-- [ RunTime:0.001000s ]
NOTIC: [2048] Declaration of Admin\Controller\IndexController::theme() should be compatible with Think\Controller::theme($theme) G:\xampp\htdocs\webdemo\Application\Admin\Controller\IndexController.class.php 第 226 行.
SQL: SHOW COLUMNS FROM `navigation` [ RunTime:0.0020s ]
SQL: SELECT * FROM `navigation` WHERE ( type='product' ) ORDER BY sort desc,id  [ RunTime:0.0010s ]
NOTIC: [8] Undefined index: category_id G:\xampp\htdocs\webdemo\Application\Admin\Controller\IndexController.class.php 第 148 行.
NOTIC: [8] Undefined index: category_id G:\xampp\htdocs\webdemo\Application\Admin\Controller\IndexController.class.php 第 148 行.
NOTIC: [8] Undefined index: category_id G:\xampp\htdocs\webdemo\Application\Admin\Controller\IndexController.class.php 第 148 行.
NOTIC: [8] Undefined index: category_id G:\xampp\htdocs\webdemo\Application\Admin\Controller\IndexController.class.php 第 148 行.
NOTIC: [8] Undefined index: category_id G:\xampp\htdocs\webdemo\Application\Admin\Controller\IndexController.class.php 第 148 行.
SQL: SHOW COLUMNS FROM `product` [ RunTime:0.0020s ]
SQL: SELECT * FROM `product`  [ RunTime:0.0000s ]
NOTIC: [8] A non well formed numeric value encountered G:\xampp\htdocs\webdemo\Application\Admin\Controller\IndexController.class.php 第 164 行.
NOTIC: [8] A non well formed numeric value encountered G:\xampp\htdocs\webdemo\Application\Admin\Controller\IndexController.class.php 第 164 行.
NOTIC: [8] Undefined variable: category G:\xampp\htdocs\webdemo\Application\Admin\Controller\IndexController.class.php 第 204 行.
INFO: [ view_parse ] --START--
INFO: [ template_filter ] --START--
INFO: Run Behavior\ContentReplaceBehavior [ RunTime:0.000000s ]
INFO: [ template_filter ] --END-- [ RunTime:0.000000s ]
INFO: Run Behavior\ParseTemplateBehavior [ RunTime:0.005001s ]
INFO: [ view_parse ] --END-- [ RunTime:0.005001s ]
INFO: [ view_filter ] --START--
INFO: Run Behavior\WriteHtmlCacheBehavior [ RunTime:0.000000s ]
INFO: [ view_filter ] --END-- [ RunTime:0.001000s ]
INFO: [ app_end ] --START--
INFO: Run Behavior\ShowPageTraceBehavior [ RunTime:0.000000s ]
INFO: [ app_end ] --END-- [ RunTime:0.000000s ]

[ 2017-01-14T01:17:11+08:00 ] ::1 /webdemo/index.php/Admin/Index/product
INFO: [ app_init ] --START--
INFO: Run Behavior\BuildLiteBehavior [ RunTime:0.000000s ]
INFO: [ app_init ] --END-- [ RunTime:0.001000s ]
INFO: [ app_begin ] --START--
INFO: Run Behavior\ReadHtmlCacheBehavior [ RunTime:0.000000s ]
INFO: [ app_begin ] --END-- [ RunTime:0.000000s ]
NOTIC: [2048] Declaration of Admin\Controller\IndexController::theme() should be compatible with Think\Controller::theme($theme) G:\xampp\htdocs\webdemo\Application\Admin\Controller\IndexController.class.php 第 226 行.
SQL: SHOW COLUMNS FROM `navigation` [ RunTime:0.0030s ]
SQL: SELECT * FROM `navigation` WHERE ( type='product' ) ORDER BY sort desc,id  [ RunTime:0.0010s ]
NOTIC: [8] Undefined index: category_id G:\xampp\htdocs\webdemo\Application\Admin\Controller\IndexController.class.php 第 148 行.
NOTIC: [8] Undefined index: category_id G:\xampp\htdocs\webdemo\Application\Admin\Controller\IndexController.class.php 第 148 行.
NOTIC: [8] Undefined index: category_id G:\xampp\htdocs\webdemo\Application\Admin\Controller\IndexController.class.php 第 148 行.
NOTIC: [8] Undefined index: category_id G:\xampp\htdocs\webdemo\Application\Admin\Controller\IndexController.class.php 第 148 行.
NOTIC: [8] Undefined index: category_id G:\xampp\htdocs\webdemo\Application\Admin\Controller\IndexController.class.php 第 148 行.
SQL: SHOW COLUMNS FROM `product` [ RunTime:0.0030s ]
SQL: SELECT * FROM `product`  [ RunTime:0.0000s ]
NOTIC: [8] A non well formed numeric value encountered G:\xampp\htdocs\webdemo\Application\Admin\Controller\IndexController.class.php 第 164 行.
NOTIC: [8] A non well formed numeric value encountered G:\xampp\htdocs\webdemo\Application\Admin\Controller\IndexController.class.php 第 164 行.
NOTIC: [8] Undefined variable: category G:\xampp\htdocs\webdemo\Application\Admin\Controller\IndexController.class.php 第 204 行.
INFO: [ view_parse ] --START--
INFO: [ template_filter ] --START--
INFO: Run Behavior\ContentReplaceBehavior [ RunTime:0.000000s ]
INFO: [ template_filter ] --END-- [ RunTime:0.000000s ]
INFO: Run Behavior\ParseTemplateBehavior [ RunTime:0.005000s ]
INFO: [ view_parse ] --END-- [ RunTime:0.005000s ]
INFO: [ view_filter ] --START--
INFO: Run Behavior\WriteHtmlCacheBehavior [ RunTime:0.001000s ]
INFO: [ view_filter ] --END-- [ RunTime:0.001000s ]
INFO: [ app_end ] --START--
INFO: Run Behavior\ShowPageTraceBehavior [ RunTime:0.000000s ]
INFO: [ app_end ] --END-- [ RunTime:0.000000s ]

[ 2017-01-14T01:17:18+08:00 ] ::1 /webdemo/index.php/Admin/Config/nav.html?action=connect&id=10&productId=3
INFO: [ app_init ] --START--
INFO: Run Behavior\BuildLiteBehavior [ RunTime:0.000000s ]
INFO: [ app_init ] --END-- [ RunTime:0.000000s ]
INFO: [ app_begin ] --START--
INFO: Run Behavior\ReadHtmlCacheBehavior [ RunTime:0.000000s ]
INFO: [ app_begin ] --END-- [ RunTime:0.000000s ]
SQL: SHOW COLUMNS FROM `navigation` [ RunTime:0.0030s ]
SQL: SELECT `type` FROM `navigation` WHERE ( id=10 ) LIMIT 1   [ RunTime:0.0000s ]
SQL: SELECT * FROM `navigation` WHERE ( type='product' ) ORDER BY sort desc,id  [ RunTime:0.0000s ]
SQL: SHOW COLUMNS FROM `product` [ RunTime:0.0020s ]
SQL: SELECT * FROM `product` WHERE ( id=3 ) LIMIT 1   [ RunTime:0.0000s ]
INFO: [ view_parse ] --START--
INFO: [ template_filter ] --START--
INFO: Run Behavior\ContentReplaceBehavior [ RunTime:0.000000s ]
INFO: [ template_filter ] --END-- [ RunTime:0.000000s ]
NOTIC: [8] Undefined variable: 1 G:\xampp\htdocs\webdemo\Application\Runtime\Cache\Admin\b024d314b155332d8f7ad4a134b5fb9b.php 第 94 行.
NOTIC: [8] Undefined variable: 8 G:\xampp\htdocs\webdemo\Application\Runtime\Cache\Admin\b024d314b155332d8f7ad4a134b5fb9b.php 第 95 行.
NOTIC: [8] Undefined variable: 4 G:\xampp\htdocs\webdemo\Application\Runtime\Cache\Admin\b024d314b155332d8f7ad4a134b5fb9b.php 第 167 行.
INFO: Run Behavior\ParseTemplateBehavior [ RunTime:0.112007s ]
INFO: [ view_parse ] --END-- [ RunTime:0.112007s ]
INFO: [ view_filter ] --START--
INFO: Run Behavior\WriteHtmlCacheBehavior [ RunTime:0.000000s ]
INFO: [ view_filter ] --END-- [ RunTime:0.000000s ]
INFO: [ app_end ] --START--
INFO: Run Behavior\ShowPageTraceBehavior [ RunTime:0.001000s ]
INFO: [ app_end ] --END-- [ RunTime:0.001000s ]

[ 2017-01-14T01:17:30+08:00 ] ::1 /webdemo/index.php/Admin/Config/nav.html?action=connect&id=10&productId=2
INFO: [ app_init ] --START--
INFO: Run Behavior\BuildLiteBehavior [ RunTime:0.000000s ]
INFO: [ app_init ] --END-- [ RunTime:0.000000s ]
INFO: [ app_begin ] --START--
INFO: Run Behavior\ReadHtmlCacheBehavior [ RunTime:0.000000s ]
INFO: [ app_begin ] --END-- [ RunTime:0.000000s ]
SQL: SHOW COLUMNS FROM `navigation` [ RunTime:0.0030s ]
SQL: SELECT `type` FROM `navigation` WHERE ( id=10 ) LIMIT 1   [ RunTime:0.0000s ]
SQL: SELECT * FROM `navigation` WHERE ( type='product' ) ORDER BY sort desc,id  [ RunTime:0.0010s ]
SQL: SHOW COLUMNS FROM `product` [ RunTime:0.0020s ]
SQL: SELECT * FROM `product` WHERE ( id=2 ) LIMIT 1   [ RunTime:0.0000s ]
INFO: [ view_parse ] --START--
INFO: [ template_filter ] --START--
INFO: Run Behavior\ContentReplaceBehavior [ RunTime:0.000000s ]
INFO: [ template_filter ] --END-- [ RunTime:0.000000s ]
NOTIC: [8] Undefined variable: 1 G:\xampp\htdocs\webdemo\Application\Runtime\Cache\Admin\b024d314b155332d8f7ad4a134b5fb9b.php 第 94 行.
NOTIC: [8] Undefined variable: 8 G:\xampp\htdocs\webdemo\Application\Runtime\Cache\Admin\b024d314b155332d8f7ad4a134b5fb9b.php 第 95 行.
NOTIC: [8] Undefined variable: 4 G:\xampp\htdocs\webdemo\Application\Runtime\Cache\Admin\b024d314b155332d8f7ad4a134b5fb9b.php 第 167 行.
INFO: Run Behavior\ParseTemplateBehavior [ RunTime:0.007001s ]
INFO: [ view_parse ] --END-- [ RunTime:0.007001s ]
INFO: [ view_filter ] --START--
INFO: Run Behavior\WriteHtmlCacheBehavior [ RunTime:0.001000s ]
INFO: [ view_filter ] --END-- [ RunTime:0.001000s ]
INFO: [ app_end ] --START--
INFO: Run Behavior\ShowPageTraceBehavior [ RunTime:0.000000s ]
INFO: [ app_end ] --END-- [ RunTime:0.000000s ]

[ 2017-01-14T01:17:33+08:00 ] ::1 /webdemo/index.php/Admin/Config/nav.html?action=connect&id=10&productId=2
INFO: [ app_init ] --START--
INFO: Run Behavior\BuildLiteBehavior [ RunTime:0.000000s ]
INFO: [ app_init ] --END-- [ RunTime:0.000000s ]
INFO: [ app_begin ] --START--
INFO: Run Behavior\ReadHtmlCacheBehavior [ RunTime:0.001000s ]
INFO: [ app_begin ] --END-- [ RunTime:0.001000s ]
SQL: SHOW COLUMNS FROM `navigation` [ RunTime:0.0030s ]
SQL: SELECT `type` FROM `navigation` WHERE ( id=10 ) LIMIT 1   [ RunTime:0.0000s ]
SQL: SELECT * FROM `navigation` WHERE ( type='product' ) ORDER BY sort desc,id  [ RunTime:0.0000s ]
SQL: SHOW COLUMNS FROM `product` [ RunTime:0.0020s ]
SQL: SELECT * FROM `product` WHERE ( id=2 ) LIMIT 1   [ RunTime:0.0000s ]
INFO: [ view_parse ] --START--
INFO: [ template_filter ] --START--
INFO: Run Behavior\ContentReplaceBehavior [ RunTime:0.000000s ]
INFO: [ template_filter ] --END-- [ RunTime:0.000000s ]
NOTIC: [8] Undefined variable: 1 G:\xampp\htdocs\webdemo\Application\Runtime\Cache\Admin\b024d314b155332d8f7ad4a134b5fb9b.php 第 94 行.
NOTIC: [8] Undefined variable: 8 G:\xampp\htdocs\webdemo\Application\Runtime\Cache\Admin\b024d314b155332d8f7ad4a134b5fb9b.php 第 95 行.
NOTIC: [8] Undefined variable: 4 G:\xampp\htdocs\webdemo\Application\Runtime\Cache\Admin\b024d314b155332d8f7ad4a134b5fb9b.php 第 167 行.
INFO: Run Behavior\ParseTemplateBehavior [ RunTime:0.020002s ]
INFO: [ view_parse ] --END-- [ RunTime:0.020002s ]
INFO: [ view_filter ] --START--
INFO: Run Behavior\WriteHtmlCacheBehavior [ RunTime:0.001000s ]
INFO: [ view_filter ] --END-- [ RunTime:0.001000s ]
INFO: [ app_end ] --START--
INFO: Run Behavior\ShowPageTraceBehavior [ RunTime:0.001000s ]
INFO: [ app_end ] --END-- [ RunTime:0.001000s ]

[ 2017-01-14T01:17:50+08:00 ] ::1 /webdemo/index.php/Admin/Config/editProduct.html
INFO: [ app_init ] --START--
INFO: Run Behavior\BuildLiteBehavior [ RunTime:0.000000s ]
INFO: [ app_init ] --END-- [ RunTime:0.001000s ]
INFO: [ app_begin ] --START--
INFO: Run Behavior\ReadHtmlCacheBehavior [ RunTime:0.001000s ]
INFO: [ app_begin ] --END-- [ RunTime:0.001000s ]
SQL: SHOW COLUMNS FROM `product` [ RunTime:0.0030s ]
NOTIC: [2] Illegal string offset 'ptitle' G:\xampp\htdocs\webdemo\Application\Admin\Controller\ConfigController.class.php 第 125 行.
NOTIC: [8] Uninitialized string offset: 0 G:\xampp\htdocs\webdemo\Application\Admin\Controller\ConfigController.class.php 第 125 行.
SQL: UPDATE `product` SET `name`='测试3',`keywords`='121',`pname`='123123',`content`='&lt;p&gt;122333333333333&lt;/p&gt;
',`pass`='1',`status`='8',`page_css`='123',`seo_title`='12',`seo_description`='12',`seo_keywords`='12',`seo_author`='12',`seo_copyright`='12',`seo_noindex`='4',`category_id`='10',`ptitle`='/webdemo/Public/update/img/product/20170114011750.png',`product_pic1`='/webdemo/Public/update/img/product/201701140117501.png' WHERE `id` = 2 [ RunTime:0.0010s ]
INFO: [ app_end ] --START--
INFO: Run Behavior\ShowPageTraceBehavior [ RunTime:0.000000s ]
INFO: [ app_end ] --END-- [ RunTime:0.000000s ]

[ 2017-01-14T01:17:51+08:00 ] ::1 /webdemo/index.php/Admin/Index/product.html
INFO: [ app_init ] --START--
INFO: Run Behavior\BuildLiteBehavior [ RunTime:0.000000s ]
INFO: [ app_init ] --END-- [ RunTime:0.000000s ]
INFO: [ app_begin ] --START--
INFO: Run Behavior\ReadHtmlCacheBehavior [ RunTime:0.001000s ]
INFO: [ app_begin ] --END-- [ RunTime:0.001000s ]
NOTIC: [2048] Declaration of Admin\Controller\IndexController::theme() should be compatible with Think\Controller::theme($theme) G:\xampp\htdocs\webdemo\Application\Admin\Controller\IndexController.class.php 第 226 行.
SQL: SHOW COLUMNS FROM `navigation` [ RunTime:0.0030s ]
SQL: SELECT * FROM `navigation` WHERE ( type='product' ) ORDER BY sort desc,id  [ RunTime:0.0010s ]
NOTIC: [8] Undefined index: category_id G:\xampp\htdocs\webdemo\Application\Admin\Controller\IndexController.class.php 第 148 行.
NOTIC: [8] Undefined index: category_id G:\xampp\htdocs\webdemo\Application\Admin\Controller\IndexController.class.php 第 148 行.
NOTIC: [8] Undefined index: category_id G:\xampp\htdocs\webdemo\Application\Admin\Controller\IndexController.class.php 第 148 行.
NOTIC: [8] Undefined index: category_id G:\xampp\htdocs\webdemo\Application\Admin\Controller\IndexController.class.php 第 148 行.
NOTIC: [8] Undefined index: category_id G:\xampp\htdocs\webdemo\Application\Admin\Controller\IndexController.class.php 第 148 行.
SQL: SHOW COLUMNS FROM `product` [ RunTime:0.0030s ]
SQL: SELECT * FROM `product`  [ RunTime:0.0000s ]
NOTIC: [8] A non well formed numeric value encountered G:\xampp\htdocs\webdemo\Application\Admin\Controller\IndexController.class.php 第 164 行.
NOTIC: [8] A non well formed numeric value encountered G:\xampp\htdocs\webdemo\Application\Admin\Controller\IndexController.class.php 第 164 行.
NOTIC: [8] Undefined variable: category G:\xampp\htdocs\webdemo\Application\Admin\Controller\IndexController.class.php 第 204 行.
INFO: [ view_parse ] --START--
INFO: [ template_filter ] --START--
INFO: Run Behavior\ContentReplaceBehavior [ RunTime:0.000000s ]
INFO: [ template_filter ] --END-- [ RunTime:0.000000s ]
INFO: Run Behavior\ParseTemplateBehavior [ RunTime:0.006001s ]
INFO: [ view_parse ] --END-- [ RunTime:0.006001s ]
INFO: [ view_filter ] --START--
INFO: Run Behavior\WriteHtmlCacheBehavior [ RunTime:0.000000s ]
INFO: [ view_filter ] --END-- [ RunTime:0.000000s ]
INFO: [ app_end ] --START--
INFO: Run Behavior\ShowPageTraceBehavior [ RunTime:0.001000s ]
INFO: [ app_end ] --END-- [ RunTime:0.001000s ]

[ 2017-01-14T01:17:57+08:00 ] ::1 /webdemo/index.php/Admin/Config/nav.html?action=connect&id=10&productId=2
INFO: [ app_init ] --START--
INFO: Run Behavior\BuildLiteBehavior [ RunTime:0.000000s ]
INFO: [ app_init ] --END-- [ RunTime:0.001000s ]
INFO: [ app_begin ] --START--
INFO: Run Behavior\ReadHtmlCacheBehavior [ RunTime:0.001001s ]
INFO: [ app_begin ] --END-- [ RunTime:0.001001s ]
SQL: SHOW COLUMNS FROM `navigation` [ RunTime:0.0030s ]
SQL: SELECT `type` FROM `navigation` WHERE ( id=10 ) LIMIT 1   [ RunTime:0.0000s ]
SQL: SELECT * FROM `navigation` WHERE ( type='product' ) ORDER BY sort desc,id  [ RunTime:0.0000s ]
SQL: SHOW COLUMNS FROM `product` [ RunTime:0.0030s ]
SQL: SELECT * FROM `product` WHERE ( id=2 ) LIMIT 1   [ RunTime:0.0010s ]
INFO: [ view_parse ] --START--
INFO: [ template_filter ] --START--
INFO: Run Behavior\ContentReplaceBehavior [ RunTime:0.000000s ]
INFO: [ template_filter ] --END-- [ RunTime:0.000000s ]
NOTIC: [8] Undefined variable: 1 G:\xampp\htdocs\webdemo\Application\Runtime\Cache\Admin\b024d314b155332d8f7ad4a134b5fb9b.php 第 94 行.
NOTIC: [8] Undefined variable: 8 G:\xampp\htdocs\webdemo\Application\Runtime\Cache\Admin\b024d314b155332d8f7ad4a134b5fb9b.php 第 95 行.
NOTIC: [8] Undefined variable: 4 G:\xampp\htdocs\webdemo\Application\Runtime\Cache\Admin\b024d314b155332d8f7ad4a134b5fb9b.php 第 167 行.
INFO: Run Behavior\ParseTemplateBehavior [ RunTime:0.007000s ]
INFO: [ view_parse ] --END-- [ RunTime:0.007000s ]
INFO: [ view_filter ] --START--
INFO: Run Behavior\WriteHtmlCacheBehavior [ RunTime:0.000000s ]
INFO: [ view_filter ] --END-- [ RunTime:0.000000s ]
INFO: [ app_end ] --START--
INFO: Run Behavior\ShowPageTraceBehavior [ RunTime:0.000000s ]
INFO: [ app_end ] --END-- [ RunTime:0.000000s ]

[ 2017-01-14T01:18:01+08:00 ] ::1 /webdemo/index.php/Admin/Index/product
INFO: [ app_init ] --START--
INFO: Run Behavior\BuildLiteBehavior [ RunTime:0.000000s ]
INFO: [ app_init ] --END-- [ RunTime:0.001000s ]
INFO: [ app_begin ] --START--
INFO: Run Behavior\ReadHtmlCacheBehavior [ RunTime:0.001000s ]
INFO: [ app_begin ] --END-- [ RunTime:0.001000s ]
NOTIC: [2048] Declaration of Admin\Controller\IndexController::theme() should be compatible with Think\Controller::theme($theme) G:\xampp\htdocs\webdemo\Application\Admin\Controller\IndexController.class.php 第 226 行.
SQL: SHOW COLUMNS FROM `navigation` [ RunTime:0.0030s ]
SQL: SELECT * FROM `navigation` WHERE ( type='product' ) ORDER BY sort desc,id  [ RunTime:0.0010s ]
NOTIC: [8] Undefined index: category_id G:\xampp\htdocs\webdemo\Application\Admin\Controller\IndexController.class.php 第 148 行.
NOTIC: [8] Undefined index: category_id G:\xampp\htdocs\webdemo\Application\Admin\Controller\IndexController.class.php 第 148 行.
NOTIC: [8] Undefined index: category_id G:\xampp\htdocs\webdemo\Application\Admin\Controller\IndexController.class.php 第 148 行.
NOTIC: [8] Undefined index: category_id G:\xampp\htdocs\webdemo\Application\Admin\Controller\IndexController.class.php 第 148 行.
NOTIC: [8] Undefined index: category_id G:\xampp\htdocs\webdemo\Application\Admin\Controller\IndexController.class.php 第 148 行.
SQL: SHOW COLUMNS FROM `product` [ RunTime:0.0020s ]
SQL: SELECT * FROM `product`  [ RunTime:0.0000s ]
NOTIC: [8] A non well formed numeric value encountered G:\xampp\htdocs\webdemo\Application\Admin\Controller\IndexController.class.php 第 164 行.
NOTIC: [8] A non well formed numeric value encountered G:\xampp\htdocs\webdemo\Application\Admin\Controller\IndexController.class.php 第 164 行.
NOTIC: [8] Undefined variable: category G:\xampp\htdocs\webdemo\Application\Admin\Controller\IndexController.class.php 第 204 行.
INFO: [ view_parse ] --START--
INFO: [ template_filter ] --START--
INFO: Run Behavior\ContentReplaceBehavior [ RunTime:0.000000s ]
INFO: [ template_filter ] --END-- [ RunTime:0.000000s ]
INFO: Run Behavior\ParseTemplateBehavior [ RunTime:0.006001s ]
INFO: [ view_parse ] --END-- [ RunTime:0.006001s ]
INFO: [ view_filter ] --START--
INFO: Run Behavior\WriteHtmlCacheBehavior [ RunTime:0.000000s ]
INFO: [ view_filter ] --END-- [ RunTime:0.000000s ]
INFO: [ app_end ] --START--
INFO: Run Behavior\ShowPageTraceBehavior [ RunTime:0.000000s ]
INFO: [ app_end ] --END-- [ RunTime:0.000000s ]

[ 2017-01-14T01:18:11+08:00 ] ::1 /webdemo/index.php/Admin/Index/product.html?category_id=10
INFO: [ app_init ] --START--
INFO: Run Behavior\BuildLiteBehavior [ RunTime:0.000000s ]
INFO: [ app_init ] --END-- [ RunTime:0.000000s ]
INFO: [ app_begin ] --START--
INFO: Run Behavior\ReadHtmlCacheBehavior [ RunTime:0.000000s ]
INFO: [ app_begin ] --END-- [ RunTime:0.000000s ]
NOTIC: [2048] Declaration of Admin\Controller\IndexController::theme() should be compatible with Think\Controller::theme($theme) G:\xampp\htdocs\webdemo\Application\Admin\Controller\IndexController.class.php 第 226 行.
SQL: SHOW COLUMNS FROM `navigation` [ RunTime:0.0030s ]
SQL: SELECT * FROM `navigation` WHERE ( type='product' ) ORDER BY sort desc,id  [ RunTime:0.0000s ]
SQL: SHOW COLUMNS FROM `product` [ RunTime:0.0020s ]
SQL: SELECT * FROM `product` WHERE ( category_id=10 )  [ RunTime:0.0000s ]
NOTIC: [8] A non well formed numeric value encountered G:\xampp\htdocs\webdemo\Application\Admin\Controller\IndexController.class.php 第 164 行.
NOTIC: [8] A non well formed numeric value encountered G:\xampp\htdocs\webdemo\Application\Admin\Controller\IndexController.class.php 第 164 行.
INFO: [ view_parse ] --START--
INFO: [ template_filter ] --START--
INFO: Run Behavior\ContentReplaceBehavior [ RunTime:0.000000s ]
INFO: [ template_filter ] --END-- [ RunTime:0.000000s ]
INFO: Run Behavior\ParseTemplateBehavior [ RunTime:0.006000s ]
INFO: [ view_parse ] --END-- [ RunTime:0.006000s ]
INFO: [ view_filter ] --START--
INFO: Run Behavior\WriteHtmlCacheBehavior [ RunTime:0.000000s ]
INFO: [ view_filter ] --END-- [ RunTime:0.000000s ]
INFO: [ app_end ] --START--
INFO: Run Behavior\ShowPageTraceBehavior [ RunTime:0.001000s ]
INFO: [ app_end ] --END-- [ RunTime:0.001000s ]

[ 2017-01-14T01:18:13+08:00 ] ::1 /webdemo/index.php/Admin/Index/product.html
INFO: [ app_init ] --START--
INFO: Run Behavior\BuildLiteBehavior [ RunTime:0.000000s ]
INFO: [ app_init ] --END-- [ RunTime:0.000000s ]
INFO: [ app_begin ] --START--
INFO: Run Behavior\ReadHtmlCacheBehavior [ RunTime:0.001000s ]
INFO: [ app_begin ] --END-- [ RunTime:0.001000s ]
NOTIC: [2048] Declaration of Admin\Controller\IndexController::theme() should be compatible with Think\Controller::theme($theme) G:\xampp\htdocs\webdemo\Application\Admin\Controller\IndexController.class.php 第 226 行.
SQL: SHOW COLUMNS FROM `navigation` [ RunTime:0.0030s ]
SQL: SELECT * FROM `navigation` WHERE ( type='product' ) ORDER BY sort desc,id  [ RunTime:0.0000s ]
NOTIC: [8] Undefined index: category_id G:\xampp\htdocs\webdemo\Application\Admin\Controller\IndexController.class.php 第 148 行.
NOTIC: [8] Undefined index: category_id G:\xampp\htdocs\webdemo\Application\Admin\Controller\IndexController.class.php 第 148 行.
NOTIC: [8] Undefined index: category_id G:\xampp\htdocs\webdemo\Application\Admin\Controller\IndexController.class.php 第 148 行.
NOTIC: [8] Undefined index: category_id G:\xampp\htdocs\webdemo\Application\Admin\Controller\IndexController.class.php 第 148 行.
NOTIC: [8] Undefined index: category_id G:\xampp\htdocs\webdemo\Application\Admin\Controller\IndexController.class.php 第 148 行.
SQL: SHOW COLUMNS FROM `product` [ RunTime:0.0030s ]
SQL: SELECT * FROM `product`  [ RunTime:0.0000s ]
NOTIC: [8] A non well formed numeric value encountered G:\xampp\htdocs\webdemo\Application\Admin\Controller\IndexController.class.php 第 164 行.
NOTIC: [8] A non well formed numeric value encountered G:\xampp\htdocs\webdemo\Application\Admin\Controller\IndexController.class.php 第 164 行.
NOTIC: [8] Undefined variable: category G:\xampp\htdocs\webdemo\Application\Admin\Controller\IndexController.class.php 第 204 行.
INFO: [ view_parse ] --START--
INFO: [ template_filter ] --START--
INFO: Run Behavior\ContentReplaceBehavior [ RunTime:0.000000s ]
INFO: [ template_filter ] --END-- [ RunTime:0.000000s ]
INFO: Run Behavior\ParseTemplateBehavior [ RunTime:0.005000s ]
INFO: [ view_parse ] --END-- [ RunTime:0.005000s ]
INFO: [ view_filter ] --START--
INFO: Run Behavior\WriteHtmlCacheBehavior [ RunTime:0.001000s ]
INFO: [ view_filter ] --END-- [ RunTime:0.001000s ]
INFO: [ app_end ] --START--
INFO: Run Behavior\ShowPageTraceBehavior [ RunTime:0.001000s ]
INFO: [ app_end ] --END-- [ RunTime:0.001000s ]

[ 2017-01-14T01:18:26+08:00 ] ::1 /webdemo/index.php/Admin/Config/ProductListEdit.html
INFO: [ app_init ] --START--
INFO: Run Behavior\BuildLiteBehavior [ RunTime:0.000000s ]
INFO: [ app_init ] --END-- [ RunTime:0.000000s ]
INFO: [ app_begin ] --START--
INFO: Run Behavior\ReadHtmlCacheBehavior [ RunTime:0.001000s ]
INFO: [ app_begin ] --END-- [ RunTime:0.001000s ]
SQL: SHOW COLUMNS FROM `product` [ RunTime:0.0030s ]
SQL: DELETE FROM `product` WHERE `id` = 3 [ RunTime:0.0130s ]
NOTIC: [8] Undefined index: type G:\xampp\htdocs\webdemo\Application\Admin\Controller\ConfigController.class.php 第 196 行.
INFO: [ app_end ] --START--
INFO: Run Behavior\ShowPageTraceBehavior [ RunTime:0.001000s ]
INFO: [ app_end ] --END-- [ RunTime:0.001000s ]

[ 2017-01-14T01:18:27+08:00 ] ::1 /webdemo/index.php/Admin/Index/product.html
INFO: [ app_init ] --START--
INFO: Run Behavior\BuildLiteBehavior [ RunTime:0.000000s ]
INFO: [ app_init ] --END-- [ RunTime:0.000000s ]
INFO: [ app_begin ] --START--
INFO: Run Behavior\ReadHtmlCacheBehavior [ RunTime:0.000000s ]
INFO: [ app_begin ] --END-- [ RunTime:0.000000s ]
NOTIC: [2048] Declaration of Admin\Controller\IndexController::theme() should be compatible with Think\Controller::theme($theme) G:\xampp\htdocs\webdemo\Application\Admin\Controller\IndexController.class.php 第 226 行.
SQL: SHOW COLUMNS FROM `navigation` [ RunTime:0.0030s ]
SQL: SELECT * FROM `navigation` WHERE ( type='product' ) ORDER BY sort desc,id  [ RunTime:0.0010s ]
NOTIC: [8] Undefined index: category_id G:\xampp\htdocs\webdemo\Application\Admin\Controller\IndexController.class.php 第 148 行.
NOTIC: [8] Undefined index: category_id G:\xampp\htdocs\webdemo\Application\Admin\Controller\IndexController.class.php 第 148 行.
NOTIC: [8] Undefined index: category_id G:\xampp\htdocs\webdemo\Application\Admin\Controller\IndexController.class.php 第 148 行.
NOTIC: [8] Undefined index: category_id G:\xampp\htdocs\webdemo\Application\Admin\Controller\IndexController.class.php 第 148 行.
NOTIC: [8] Undefined index: category_id G:\xampp\htdocs\webdemo\Application\Admin\Controller\IndexController.class.php 第 148 行.
SQL: SHOW COLUMNS FROM `product` [ RunTime:0.0030s ]
SQL: SELECT * FROM `product`  [ RunTime:0.0000s ]
NOTIC: [8] A non well formed numeric value encountered G:\xampp\htdocs\webdemo\Application\Admin\Controller\IndexController.class.php 第 164 行.
NOTIC: [8] Undefined variable: category G:\xampp\htdocs\webdemo\Application\Admin\Controller\IndexController.class.php 第 204 行.
INFO: [ view_parse ] --START--
INFO: [ template_filter ] --START--
INFO: Run Behavior\ContentReplaceBehavior [ RunTime:0.000000s ]
INFO: [ template_filter ] --END-- [ RunTime:0.000000s ]
INFO: Run Behavior\ParseTemplateBehavior [ RunTime:0.006001s ]
INFO: [ view_parse ] --END-- [ RunTime:0.006001s ]
INFO: [ view_filter ] --START--
INFO: Run Behavior\WriteHtmlCacheBehavior [ RunTime:0.000000s ]
INFO: [ view_filter ] --END-- [ RunTime:0.000000s ]
INFO: [ app_end ] --START--
INFO: Run Behavior\ShowPageTraceBehavior [ RunTime:0.001000s ]
INFO: [ app_end ] --END-- [ RunTime:0.001000s ]

[ 2017-01-14T01:19:02+08:00 ] ::1 /webdemo/index.php/Admin/Index/product
INFO: [ app_init ] --START--
INFO: Run Behavior\BuildLiteBehavior [ RunTime:0.000000s ]
INFO: [ app_init ] --END-- [ RunTime:0.000000s ]
INFO: [ app_begin ] --START--
INFO: Run Behavior\ReadHtmlCacheBehavior [ RunTime:0.000000s ]
INFO: [ app_begin ] --END-- [ RunTime:0.000000s ]
NOTIC: [2048] Declaration of Admin\Controller\IndexController::theme() should be compatible with Think\Controller::theme($theme) G:\xampp\htdocs\webdemo\Application\Admin\Controller\IndexController.class.php 第 226 行.
SQL: SHOW COLUMNS FROM `navigation` [ RunTime:0.0030s ]
SQL: SELECT * FROM `navigation` WHERE ( type='product' ) ORDER BY sort desc,id  [ RunTime:0.0000s ]
NOTIC: [8] Undefined index: category_id G:\xampp\htdocs\webdemo\Application\Admin\Controller\IndexController.class.php 第 148 行.
NOTIC: [8] Undefined index: category_id G:\xampp\htdocs\webdemo\Application\Admin\Controller\IndexController.class.php 第 148 行.
NOTIC: [8] Undefined index: category_id G:\xampp\htdocs\webdemo\Application\Admin\Controller\IndexController.class.php 第 148 行.
NOTIC: [8] Undefined index: category_id G:\xampp\htdocs\webdemo\Application\Admin\Controller\IndexController.class.php 第 148 行.
NOTIC: [8] Undefined index: category_id G:\xampp\htdocs\webdemo\Application\Admin\Controller\IndexController.class.php 第 148 行.
SQL: SHOW COLUMNS FROM `product` [ RunTime:0.0030s ]
SQL: SELECT * FROM `product`  [ RunTime:0.0000s ]
NOTIC: [8] A non well formed numeric value encountered G:\xampp\htdocs\webdemo\Application\Admin\Controller\IndexController.class.php 第 164 行.
NOTIC: [8] Undefined variable: category G:\xampp\htdocs\webdemo\Application\Admin\Controller\IndexController.class.php 第 204 行.
INFO: [ view_parse ] --START--
INFO: [ template_filter ] --START--
INFO: Run Behavior\ContentReplaceBehavior [ RunTime:0.000000s ]
INFO: [ template_filter ] --END-- [ RunTime:0.000000s ]
INFO: Run Behavior\ParseTemplateBehavior [ RunTime:0.004000s ]
INFO: [ view_parse ] --END-- [ RunTime:0.004000s ]
INFO: [ view_filter ] --START--
INFO: Run Behavior\WriteHtmlCacheBehavior [ RunTime:0.000000s ]
INFO: [ view_filter ] --END-- [ RunTime:0.001000s ]
INFO: [ app_end ] --START--
INFO: Run Behavior\ShowPageTraceBehavior [ RunTime:0.000000s ]
INFO: [ app_end ] --END-- [ RunTime:0.000000s ]

[ 2017-01-14T01:19:38+08:00 ] ::1 /webdemo/index.php/Admin/Index/product
INFO: [ app_init ] --START--
INFO: Run Behavior\BuildLiteBehavior [ RunTime:0.001000s ]
INFO: [ app_init ] --END-- [ RunTime:0.001000s ]
INFO: [ app_begin ] --START--
INFO: Run Behavior\ReadHtmlCacheBehavior [ RunTime:0.001000s ]
INFO: [ app_begin ] --END-- [ RunTime:0.001000s ]
NOTIC: [2048] Declaration of Admin\Controller\IndexController::theme() should be compatible with Think\Controller::theme($theme) G:\xampp\htdocs\webdemo\Application\Admin\Controller\IndexController.class.php 第 226 行.
SQL: SHOW COLUMNS FROM `navigation` [ RunTime:0.0030s ]
SQL: SELECT * FROM `navigation` WHERE ( type='product' ) ORDER BY sort desc,id  [ RunTime:0.0010s ]
NOTIC: [8] Undefined index: category_id G:\xampp\htdocs\webdemo\Application\Admin\Controller\IndexController.class.php 第 148 行.
NOTIC: [8] Undefined index: category_id G:\xampp\htdocs\webdemo\Application\Admin\Controller\IndexController.class.php 第 148 行.
NOTIC: [8] Undefined index: category_id G:\xampp\htdocs\webdemo\Application\Admin\Controller\IndexController.class.php 第 148 行.
NOTIC: [8] Undefined index: category_id G:\xampp\htdocs\webdemo\Application\Admin\Controller\IndexController.class.php 第 148 行.
NOTIC: [8] Undefined index: category_id G:\xampp\htdocs\webdemo\Application\Admin\Controller\IndexController.class.php 第 148 行.
SQL: SHOW COLUMNS FROM `product` [ RunTime:0.0030s ]
SQL: SELECT * FROM `product`  [ RunTime:0.0000s ]
NOTIC: [8] A non well formed numeric value encountered G:\xampp\htdocs\webdemo\Application\Admin\Controller\IndexController.class.php 第 164 行.
NOTIC: [8] Undefined variable: category G:\xampp\htdocs\webdemo\Application\Admin\Controller\IndexController.class.php 第 204 行.
INFO: [ view_parse ] --START--
INFO: [ template_filter ] --START--
INFO: Run Behavior\ContentReplaceBehavior [ RunTime:0.000000s ]
INFO: [ template_filter ] --END-- [ RunTime:0.000000s ]
INFO: Run Behavior\ParseTemplateBehavior [ RunTime:0.004000s ]
INFO: [ view_parse ] --END-- [ RunTime:0.004000s ]
INFO: [ view_filter ] --START--
INFO: Run Behavior\WriteHtmlCacheBehavior [ RunTime:0.001000s ]
INFO: [ view_filter ] --END-- [ RunTime:0.001000s ]
INFO: [ app_end ] --START--
INFO: Run Behavior\ShowPageTraceBehavior [ RunTime:0.000000s ]
INFO: [ app_end ] --END-- [ RunTime:0.000000s ]

[ 2017-01-14T01:21:18+08:00 ] ::1 /webdemo/index.php/Admin/Index/article
INFO: [ app_init ] --START--
INFO: Run Behavior\BuildLiteBehavior [ RunTime:0.000000s ]
INFO: [ app_init ] --END-- [ RunTime:0.000000s ]
INFO: [ app_begin ] --START--
INFO: Run Behavior\ReadHtmlCacheBehavior [ RunTime:0.000000s ]
INFO: [ app_begin ] --END-- [ RunTime:0.000000s ]
NOTIC: [2048] Declaration of Admin\Controller\IndexController::theme() should be compatible with Think\Controller::theme($theme) G:\xampp\htdocs\webdemo\Application\Admin\Controller\IndexController.class.php 第 226 行.
INFO: [ view_parse ] --START--
INFO: [ template_filter ] --START--
INFO: Run Behavior\ContentReplaceBehavior [ RunTime:0.000000s ]
INFO: [ template_filter ] --END-- [ RunTime:0.000000s ]
INFO: Run Behavior\ParseTemplateBehavior [ RunTime:0.030601s ]
INFO: [ view_parse ] --END-- [ RunTime:0.030601s ]
INFO: [ view_filter ] --START--
INFO: Run Behavior\WriteHtmlCacheBehavior [ RunTime:0.000000s ]
INFO: [ view_filter ] --END-- [ RunTime:0.000000s ]
INFO: [ app_end ] --START--
INFO: Run Behavior\ShowPageTraceBehavior [ RunTime:0.000000s ]
INFO: [ app_end ] --END-- [ RunTime:0.000000s ]

[ 2017-01-14T01:21:21+08:00 ] ::1 /webdemo/index.php/Admin/Index/nav
INFO: [ app_init ] --START--
INFO: Run Behavior\BuildLiteBehavior [ RunTime:0.000000s ]
INFO: [ app_init ] --END-- [ RunTime:0.000000s ]
INFO: [ app_begin ] --START--
INFO: Run Behavior\ReadHtmlCacheBehavior [ RunTime:0.000000s ]
INFO: [ app_begin ] --END-- [ RunTime:0.000000s ]
NOTIC: [2048] Declaration of Admin\Controller\IndexController::theme() should be compatible with Think\Controller::theme($theme) G:\xampp\htdocs\webdemo\Application\Admin\Controller\IndexController.class.php 第 226 行.
SQL: SHOW COLUMNS FROM `navigation` [ RunTime:0.0030s ]
SQL: SELECT * FROM `navigation` WHERE ( level=1 ) ORDER BY sort desc,id  [ RunTime:0.0000s ]
SQL: SELECT * FROM `navigation` WHERE ( level=2 ) ORDER BY sort desc,id  [ RunTime:0.0010s ]
SQL: SELECT * FROM `navigation` WHERE ( level=3 ) ORDER BY sort desc,id  [ RunTime:0.0000s ]
NOTIC: [8] Undefined variable: infoName G:\xampp\htdocs\webdemo\Application\Admin\Controller\IndexController.class.php 第 101 行.
NOTIC: [8] Undefined variable: infoName G:\xampp\htdocs\webdemo\Application\Admin\Controller\IndexController.class.php 第 101 行.
NOTIC: [8] Undefined variable: infoName G:\xampp\htdocs\webdemo\Application\Admin\Controller\IndexController.class.php 第 101 行.
INFO: [ view_parse ] --START--
INFO: [ template_filter ] --START--
INFO: Run Behavior\ContentReplaceBehavior [ RunTime:0.000000s ]
INFO: [ template_filter ] --END-- [ RunTime:0.000000s ]
INFO: Run Behavior\ParseTemplateBehavior [ RunTime:0.020001s ]
INFO: [ view_parse ] --END-- [ RunTime:0.020001s ]
INFO: [ view_filter ] --START--
INFO: Run Behavior\WriteHtmlCacheBehavior [ RunTime:0.001001s ]
INFO: [ view_filter ] --END-- [ RunTime:0.001001s ]
INFO: [ app_end ] --START--
INFO: Run Behavior\ShowPageTraceBehavior [ RunTime:0.000000s ]
INFO: [ app_end ] --END-- [ RunTime:0.000000s ]

[ 2017-01-14T01:21:23+08:00 ] ::1 /webdemo/index.php/Admin/Config/nav.html?id=10&action=connect
INFO: [ app_init ] --START--
INFO: Run Behavior\BuildLiteBehavior [ RunTime:0.000000s ]
INFO: [ app_init ] --END-- [ RunTime:0.000000s ]
INFO: [ app_begin ] --START--
INFO: Run Behavior\ReadHtmlCacheBehavior [ RunTime:0.000000s ]
INFO: [ app_begin ] --END-- [ RunTime:0.000000s ]
SQL: SHOW COLUMNS FROM `navigation` [ RunTime:0.0030s ]
SQL: SELECT `type` FROM `navigation` WHERE ( id=10 ) LIMIT 1   [ RunTime:0.0010s ]
SQL: SELECT * FROM `navigation` WHERE ( type='product' ) ORDER BY sort desc,id  [ RunTime:0.0000s ]
NOTIC: [8] Undefined variable: data G:\xampp\htdocs\webdemo\Application\Admin\Controller\ConfigController.class.php 第 306 行.
NOTIC: [8] Undefined variable: product_pic_list G:\xampp\htdocs\webdemo\Application\Admin\Controller\ConfigController.class.php 第 307 行.
INFO: [ view_parse ] --START--
INFO: [ template_filter ] --START--
INFO: Run Behavior\ContentReplaceBehavior [ RunTime:0.000000s ]
INFO: [ template_filter ] --END-- [ RunTime:0.000000s ]
NOTIC: [8] Undefined variable:  G:\xampp\htdocs\webdemo\Application\Runtime\Cache\Admin\b024d314b155332d8f7ad4a134b5fb9b.php 第 94 行.
NOTIC: [8] Undefined variable:  G:\xampp\htdocs\webdemo\Application\Runtime\Cache\Admin\b024d314b155332d8f7ad4a134b5fb9b.php 第 95 行.
NOTIC: [8] Undefined variable:  G:\xampp\htdocs\webdemo\Application\Runtime\Cache\Admin\b024d314b155332d8f7ad4a134b5fb9b.php 第 167 行.
NOTIC: [8] Undefined variable: id G:\xampp\htdocs\webdemo\Application\Runtime\Cache\Admin\b024d314b155332d8f7ad4a134b5fb9b.php 第 170 行.
INFO: Run Behavior\ParseTemplateBehavior [ RunTime:0.007000s ]
INFO: [ view_parse ] --END-- [ RunTime:0.007000s ]
INFO: [ view_filter ] --START--
INFO: Run Behavior\WriteHtmlCacheBehavior [ RunTime:0.000000s ]
INFO: [ view_filter ] --END-- [ RunTime:0.000000s ]
INFO: [ app_end ] --START--
INFO: Run Behavior\ShowPageTraceBehavior [ RunTime:0.001000s ]
INFO: [ app_end ] --END-- [ RunTime:0.001000s ]

[ 2017-01-14T01:46:22+08:00 ] ::1 /webdemo/index.php/Admin/Index/nav
INFO: [ app_init ] --START--
INFO: Run Behavior\BuildLiteBehavior [ RunTime:0.000000s ]
INFO: [ app_init ] --END-- [ RunTime:0.000000s ]
INFO: [ app_begin ] --START--
INFO: Run Behavior\ReadHtmlCacheBehavior [ RunTime:0.001000s ]
INFO: [ app_begin ] --END-- [ RunTime:0.001000s ]
NOTIC: [2048] Declaration of Admin\Controller\IndexController::theme() should be compatible with Think\Controller::theme($theme) G:\xampp\htdocs\webdemo\Application\Admin\Controller\IndexController.class.php 第 226 行.
SQL: SHOW COLUMNS FROM `navigation` [ RunTime:0.0030s ]
SQL: SELECT * FROM `navigation` WHERE ( level=1 ) ORDER BY sort desc,id  [ RunTime:0.0010s ]
SQL: SELECT * FROM `navigation` WHERE ( level=2 ) ORDER BY sort desc,id  [ RunTime:0.0000s ]
SQL: SELECT * FROM `navigation` WHERE ( level=3 ) ORDER BY sort desc,id  [ RunTime:0.0000s ]
NOTIC: [8] Undefined variable: infoName G:\xampp\htdocs\webdemo\Application\Admin\Controller\IndexController.class.php 第 101 行.
NOTIC: [8] Undefined variable: infoName G:\xampp\htdocs\webdemo\Application\Admin\Controller\IndexController.class.php 第 101 行.
NOTIC: [8] Undefined variable: infoName G:\xampp\htdocs\webdemo\Application\Admin\Controller\IndexController.class.php 第 101 行.
INFO: [ view_parse ] --START--
INFO: [ template_filter ] --START--
INFO: Run Behavior\ContentReplaceBehavior [ RunTime:0.000000s ]
INFO: [ template_filter ] --END-- [ RunTime:0.000000s ]
INFO: Run Behavior\ParseTemplateBehavior [ RunTime:0.006000s ]
INFO: [ view_parse ] --END-- [ RunTime:0.006000s ]
INFO: [ view_filter ] --START--
INFO: Run Behavior\WriteHtmlCacheBehavior [ RunTime:0.001001s ]
INFO: [ view_filter ] --END-- [ RunTime:0.001001s ]
INFO: [ app_end ] --START--
INFO: Run Behavior\ShowPageTraceBehavior [ RunTime:0.001000s ]
INFO: [ app_end ] --END-- [ RunTime:0.001000s ]

[ 2017-01-14T01:49:12+08:00 ] ::1 /webdemo/index.php/Admin/Index/nav
INFO: [ app_init ] --START--
INFO: Run Behavior\BuildLiteBehavior [ RunTime:0.000000s ]
INFO: [ app_init ] --END-- [ RunTime:0.001000s ]
INFO: [ app_begin ] --START--
INFO: Run Behavior\ReadHtmlCacheBehavior [ RunTime:0.000000s ]
INFO: [ app_begin ] --END-- [ RunTime:0.000000s ]
NOTIC: [2048] Declaration of Admin\Controller\IndexController::theme() should be compatible with Think\Controller::theme($theme) G:\xampp\htdocs\webdemo\Application\Admin\Controller\IndexController.class.php 第 226 行.
SQL: SHOW COLUMNS FROM `navigation` [ RunTime:0.0030s ]
SQL: SELECT * FROM `navigation` WHERE ( level=1 ) ORDER BY sort desc,id  [ RunTime:0.0010s ]
SQL: SELECT * FROM `navigation` WHERE ( level=2 ) ORDER BY sort desc,id  [ RunTime:0.0000s ]
SQL: SELECT * FROM `navigation` WHERE ( level=3 ) ORDER BY sort desc,id  [ RunTime:0.0010s ]
NOTIC: [8] Undefined variable: infoName G:\xampp\htdocs\webdemo\Application\Admin\Controller\IndexController.class.php 第 101 行.
NOTIC: [8] Undefined variable: infoName G:\xampp\htdocs\webdemo\Application\Admin\Controller\IndexController.class.php 第 101 行.
NOTIC: [8] Undefined variable: infoName G:\xampp\htdocs\webdemo\Application\Admin\Controller\IndexController.class.php 第 101 行.
INFO: [ view_parse ] --START--
INFO: [ template_filter ] --START--
INFO: Run Behavior\ContentReplaceBehavior [ RunTime:0.000000s ]
INFO: [ template_filter ] --END-- [ RunTime:0.000000s ]
INFO: Run Behavior\ParseTemplateBehavior [ RunTime:0.006001s ]
INFO: [ view_parse ] --END-- [ RunTime:0.006001s ]
INFO: [ view_filter ] --START--
INFO: Run Behavior\WriteHtmlCacheBehavior [ RunTime:0.000000s ]
INFO: [ view_filter ] --END-- [ RunTime:0.000000s ]
INFO: [ app_end ] --START--
INFO: Run Behavior\ShowPageTraceBehavior [ RunTime:0.001000s ]
INFO: [ app_end ] --END-- [ RunTime:0.001000s ]

[ 2017-01-14T01:49:15+08:00 ] ::1 /webdemo/index.php/Admin/Index/product
INFO: [ app_init ] --START--
INFO: Run Behavior\BuildLiteBehavior [ RunTime:0.000000s ]
INFO: [ app_init ] --END-- [ RunTime:0.000000s ]
INFO: [ app_begin ] --START--
INFO: Run Behavior\ReadHtmlCacheBehavior [ RunTime:0.000000s ]
INFO: [ app_begin ] --END-- [ RunTime:0.000000s ]
NOTIC: [2048] Declaration of Admin\Controller\IndexController::theme() should be compatible with Think\Controller::theme($theme) G:\xampp\htdocs\webdemo\Application\Admin\Controller\IndexController.class.php 第 226 行.
SQL: SHOW COLUMNS FROM `navigation` [ RunTime:0.0030s ]
SQL: SELECT * FROM `navigation` WHERE ( type='product' ) ORDER BY sort desc,id  [ RunTime:0.0010s ]
NOTIC: [8] Undefined index: category_id G:\xampp\htdocs\webdemo\Application\Admin\Controller\IndexController.class.php 第 148 行.
NOTIC: [8] Undefined index: category_id G:\xampp\htdocs\webdemo\Application\Admin\Controller\IndexController.class.php 第 148 行.
NOTIC: [8] Undefined index: category_id G:\xampp\htdocs\webdemo\Application\Admin\Controller\IndexController.class.php 第 148 行.
NOTIC: [8] Undefined index: category_id G:\xampp\htdocs\webdemo\Application\Admin\Controller\IndexController.class.php 第 148 行.
NOTIC: [8] Undefined index: category_id G:\xampp\htdocs\webdemo\Application\Admin\Controller\IndexController.class.php 第 148 行.
SQL: SHOW COLUMNS FROM `product` [ RunTime:0.0030s ]
SQL: SELECT * FROM `product`  [ RunTime:0.0000s ]
NOTIC: [8] A non well formed numeric value encountered G:\xampp\htdocs\webdemo\Application\Admin\Controller\IndexController.class.php 第 164 行.
NOTIC: [8] Undefined variable: category G:\xampp\htdocs\webdemo\Application\Admin\Controller\IndexController.class.php 第 204 行.
INFO: [ view_parse ] --START--
INFO: [ template_filter ] --START--
INFO: Run Behavior\ContentReplaceBehavior [ RunTime:0.000000s ]
INFO: [ template_filter ] --END-- [ RunTime:0.000000s ]
NOTIC: [8] Undefined variable: addproduct G:\xampp\htdocs\webdemo\Application\Runtime\Cache\Admin\394283bae9774cfd50e961762da98983.php 第 78 行.
INFO: Run Behavior\ParseTemplateBehavior [ RunTime:0.004000s ]
INFO: [ view_parse ] --END-- [ RunTime:0.004000s ]
INFO: [ view_filter ] --START--
INFO: Run Behavior\WriteHtmlCacheBehavior [ RunTime:0.000000s ]
INFO: [ view_filter ] --END-- [ RunTime:0.000000s ]
INFO: [ app_end ] --START--
INFO: Run Behavior\ShowPageTraceBehavior [ RunTime:0.001001s ]
INFO: [ app_end ] --END-- [ RunTime:0.001001s ]

[ 2017-01-14T01:49:18+08:00 ] ::1 /webdemo/index.php/Admin/Index/product.html?category_id=10
INFO: [ app_init ] --START--
INFO: Run Behavior\BuildLiteBehavior [ RunTime:0.000000s ]
INFO: [ app_init ] --END-- [ RunTime:0.000000s ]
INFO: [ app_begin ] --START--
INFO: Run Behavior\ReadHtmlCacheBehavior [ RunTime:0.000000s ]
INFO: [ app_begin ] --END-- [ RunTime:0.000000s ]
NOTIC: [2048] Declaration of Admin\Controller\IndexController::theme() should be compatible with Think\Controller::theme($theme) G:\xampp\htdocs\webdemo\Application\Admin\Controller\IndexController.class.php 第 226 行.
SQL: SHOW COLUMNS FROM `navigation` [ RunTime:0.0060s ]
SQL: SELECT * FROM `navigation` WHERE ( type='product' ) ORDER BY sort desc,id  [ RunTime:0.0010s ]
SQL: SHOW COLUMNS FROM `product` [ RunTime:0.0040s ]
SQL: SELECT * FROM `product` WHERE ( category_id=10 )  [ RunTime:0.0000s ]
NOTIC: [8] A non well formed numeric value encountered G:\xampp\htdocs\webdemo\Application\Admin\Controller\IndexController.class.php 第 164 行.
INFO: [ view_parse ] --START--
INFO: [ template_filter ] --START--
INFO: Run Behavior\ContentReplaceBehavior [ RunTime:0.000000s ]
INFO: [ template_filter ] --END-- [ RunTime:0.000000s ]
NOTIC: [8] Undefined variable: addproduct G:\xampp\htdocs\webdemo\Application\Runtime\Cache\Admin\394283bae9774cfd50e961762da98983.php 第 78 行.
INFO: Run Behavior\ParseTemplateBehavior [ RunTime:0.005000s ]
INFO: [ view_parse ] --END-- [ RunTime:0.005000s ]
INFO: [ view_filter ] --START--
INFO: Run Behavior\WriteHtmlCacheBehavior [ RunTime:0.000000s ]
INFO: [ view_filter ] --END-- [ RunTime:0.000000s ]
INFO: [ app_end ] --START--
INFO: Run Behavior\ShowPageTraceBehavior [ RunTime:0.000000s ]
INFO: [ app_end ] --END-- [ RunTime:0.001000s ]

[ 2017-01-14T01:54:49+08:00 ] ::1 /webdemo/index.php/Admin/Index/nav
INFO: [ app_init ] --START--
INFO: Run Behavior\BuildLiteBehavior [ RunTime:0.000000s ]
INFO: [ app_init ] --END-- [ RunTime:0.001000s ]
INFO: [ app_begin ] --START--
INFO: Run Behavior\ReadHtmlCacheBehavior [ RunTime:0.000000s ]
INFO: [ app_begin ] --END-- [ RunTime:0.000000s ]
NOTIC: [2048] Declaration of Admin\Controller\IndexController::theme() should be compatible with Think\Controller::theme($theme) G:\xampp\htdocs\webdemo\Application\Admin\Controller\IndexController.class.php 第 229 行.
SQL: SHOW COLUMNS FROM `navigation` [ RunTime:0.0030s ]
SQL: SELECT * FROM `navigation` WHERE ( level=1 ) ORDER BY sort desc,id  [ RunTime:0.0010s ]
SQL: SELECT * FROM `navigation` WHERE ( level=2 ) ORDER BY sort desc,id  [ RunTime:0.0000s ]
SQL: SELECT * FROM `navigation` WHERE ( level=3 ) ORDER BY sort desc,id  [ RunTime:0.0000s ]
NOTIC: [8] Undefined variable: infoName G:\xampp\htdocs\webdemo\Application\Admin\Controller\IndexController.class.php 第 101 行.
NOTIC: [8] Undefined variable: infoName G:\xampp\htdocs\webdemo\Application\Admin\Controller\IndexController.class.php 第 101 行.
NOTIC: [8] Undefined variable: infoName G:\xampp\htdocs\webdemo\Application\Admin\Controller\IndexController.class.php 第 101 行.
INFO: [ view_parse ] --START--
INFO: [ template_filter ] --START--
INFO: Run Behavior\ContentReplaceBehavior [ RunTime:0.000000s ]
INFO: [ template_filter ] --END-- [ RunTime:0.000000s ]
INFO: Run Behavior\ParseTemplateBehavior [ RunTime:0.007001s ]
INFO: [ view_parse ] --END-- [ RunTime:0.007001s ]
INFO: [ view_filter ] --START--
INFO: Run Behavior\WriteHtmlCacheBehavior [ RunTime:0.000000s ]
INFO: [ view_filter ] --END-- [ RunTime:0.000000s ]
INFO: [ app_end ] --START--
INFO: Run Behavior\ShowPageTraceBehavior [ RunTime:0.000000s ]
INFO: [ app_end ] --END-- [ RunTime:0.000000s ]

[ 2017-01-14T01:58:46+08:00 ] ::1 /webdemo/index.php/Admin/Index/article
INFO: [ app_init ] --START--
INFO: Run Behavior\BuildLiteBehavior [ RunTime:0.000000s ]
INFO: [ app_init ] --END-- [ RunTime:0.000000s ]
INFO: [ app_begin ] --START--
INFO: Run Behavior\ReadHtmlCacheBehavior [ RunTime:0.001000s ]
INFO: [ app_begin ] --END-- [ RunTime:0.001000s ]
NOTIC: [2048] Declaration of Admin\Controller\IndexController::theme() should be compatible with Think\Controller::theme($theme) G:\xampp\htdocs\webdemo\Application\Admin\Controller\IndexController.class.php 第 232 行.
INFO: [ view_parse ] --START--
INFO: [ template_filter ] --START--
INFO: Run Behavior\ContentReplaceBehavior [ RunTime:0.000000s ]
INFO: [ template_filter ] --END-- [ RunTime:0.000000s ]
INFO: Run Behavior\ParseTemplateBehavior [ RunTime:0.008000s ]
INFO: [ view_parse ] --END-- [ RunTime:0.008000s ]
INFO: [ view_filter ] --START--
INFO: Run Behavior\WriteHtmlCacheBehavior [ RunTime:0.001000s ]
INFO: [ view_filter ] --END-- [ RunTime:0.001000s ]
INFO: [ app_end ] --START--
INFO: Run Behavior\ShowPageTraceBehavior [ RunTime:0.000000s ]
INFO: [ app_end ] --END-- [ RunTime:0.000000s ]

[ 2017-01-14T01:58:47+08:00 ] ::1 /webdemo/index.php/Admin/Index/product
INFO: [ app_init ] --START--
INFO: Run Behavior\BuildLiteBehavior [ RunTime:0.000000s ]
INFO: [ app_init ] --END-- [ RunTime:0.000000s ]
INFO: [ app_begin ] --START--
INFO: Run Behavior\ReadHtmlCacheBehavior [ RunTime:0.001000s ]
INFO: [ app_begin ] --END-- [ RunTime:0.001000s ]
NOTIC: [2048] Declaration of Admin\Controller\IndexController::theme() should be compatible with Think\Controller::theme($theme) G:\xampp\htdocs\webdemo\Application\Admin\Controller\IndexController.class.php 第 232 行.
SQL: SHOW COLUMNS FROM `navigation` [ RunTime:0.0020s ]
SQL: SELECT * FROM `navigation` WHERE ( type='product' ) ORDER BY sort desc,id  [ RunTime:0.0000s ]
NOTIC: [8] Undefined index: category_id G:\xampp\htdocs\webdemo\Application\Admin\Controller\IndexController.class.php 第 148 行.
NOTIC: [8] Undefined index: category_id G:\xampp\htdocs\webdemo\Application\Admin\Controller\IndexController.class.php 第 148 行.
NOTIC: [8] Undefined index: category_id G:\xampp\htdocs\webdemo\Application\Admin\Controller\IndexController.class.php 第 148 行.
NOTIC: [8] Undefined index: category_id G:\xampp\htdocs\webdemo\Application\Admin\Controller\IndexController.class.php 第 148 行.
NOTIC: [8] Undefined index: category_id G:\xampp\htdocs\webdemo\Application\Admin\Controller\IndexController.class.php 第 148 行.
SQL: SHOW COLUMNS FROM `product` [ RunTime:0.0030s ]
SQL: SELECT * FROM `product`  [ RunTime:0.0000s ]
NOTIC: [8] A non well formed numeric value encountered G:\xampp\htdocs\webdemo\Application\Admin\Controller\IndexController.class.php 第 164 行.
NOTIC: [8] Undefined variable: category G:\xampp\htdocs\webdemo\Application\Admin\Controller\IndexController.class.php 第 204 行.
NOTIC: [8] Undefined index: category_id G:\xampp\htdocs\webdemo\Application\Admin\Controller\IndexController.class.php 第 205 行.
INFO: [ view_parse ] --START--
INFO: [ template_filter ] --START--
INFO: Run Behavior\ContentReplaceBehavior [ RunTime:0.000000s ]
INFO: [ template_filter ] --END-- [ RunTime:0.000000s ]
INFO: Run Behavior\ParseTemplateBehavior [ RunTime:0.005000s ]
INFO: [ view_parse ] --END-- [ RunTime:0.005000s ]
INFO: [ view_filter ] --START--
INFO: Run Behavior\WriteHtmlCacheBehavior [ RunTime:0.001000s ]
INFO: [ view_filter ] --END-- [ RunTime:0.001000s ]
INFO: [ app_end ] --START--
INFO: Run Behavior\ShowPageTraceBehavior [ RunTime:0.000000s ]
INFO: [ app_end ] --END-- [ RunTime:0.000000s ]

[ 2017-01-14T01:58:52+08:00 ] ::1 /webdemo/index.php/Admin/Index/product
INFO: [ app_init ] --START--
INFO: Run Behavior\BuildLiteBehavior [ RunTime:0.000000s ]
INFO: [ app_init ] --END-- [ RunTime:0.000000s ]
INFO: [ app_begin ] --START--
INFO: Run Behavior\ReadHtmlCacheBehavior [ RunTime:0.001000s ]
INFO: [ app_begin ] --END-- [ RunTime:0.001000s ]
NOTIC: [2048] Declaration of Admin\Controller\IndexController::theme() should be compatible with Think\Controller::theme($theme) G:\xampp\htdocs\webdemo\Application\Admin\Controller\IndexController.class.php 第 232 行.
SQL: SHOW COLUMNS FROM `navigation` [ RunTime:0.0020s ]
SQL: SELECT * FROM `navigation` WHERE ( type='product' ) ORDER BY sort desc,id  [ RunTime:0.0000s ]
NOTIC: [8] Undefined index: category_id G:\xampp\htdocs\webdemo\Application\Admin\Controller\IndexController.class.php 第 148 行.
NOTIC: [8] Undefined index: category_id G:\xampp\htdocs\webdemo\Application\Admin\Controller\IndexController.class.php 第 148 行.
NOTIC: [8] Undefined index: category_id G:\xampp\htdocs\webdemo\Application\Admin\Controller\IndexController.class.php 第 148 行.
NOTIC: [8] Undefined index: category_id G:\xampp\htdocs\webdemo\Application\Admin\Controller\IndexController.class.php 第 148 行.
NOTIC: [8] Undefined index: category_id G:\xampp\htdocs\webdemo\Application\Admin\Controller\IndexController.class.php 第 148 行.
SQL: SHOW COLUMNS FROM `product` [ RunTime:0.0030s ]
SQL: SELECT * FROM `product`  [ RunTime:0.0000s ]
NOTIC: [8] A non well formed numeric value encountered G:\xampp\htdocs\webdemo\Application\Admin\Controller\IndexController.class.php 第 164 行.
NOTIC: [8] Undefined variable: category G:\xampp\htdocs\webdemo\Application\Admin\Controller\IndexController.class.php 第 204 行.
NOTIC: [8] Undefined index: category_id G:\xampp\htdocs\webdemo\Application\Admin\Controller\IndexController.class.php 第 205 行.
INFO: [ view_parse ] --START--
INFO: [ template_filter ] --START--
INFO: Run Behavior\ContentReplaceBehavior [ RunTime:0.000000s ]
INFO: [ template_filter ] --END-- [ RunTime:0.000000s ]
INFO: Run Behavior\ParseTemplateBehavior [ RunTime:0.005001s ]
INFO: [ view_parse ] --END-- [ RunTime:0.005001s ]
INFO: [ view_filter ] --START--
INFO: Run Behavior\WriteHtmlCacheBehavior [ RunTime:0.000000s ]
INFO: [ view_filter ] --END-- [ RunTime:0.000000s ]
INFO: [ app_end ] --START--
INFO: Run Behavior\ShowPageTraceBehavior [ RunTime:0.001000s ]
INFO: [ app_end ] --END-- [ RunTime:0.001000s ]

[ 2017-01-14T01:58:59+08:00 ] ::1 /webdemo/index.php/Admin/Index/product.html?category_id=10
INFO: [ app_init ] --START--
INFO: Run Behavior\BuildLiteBehavior [ RunTime:0.000000s ]
INFO: [ app_init ] --END-- [ RunTime:0.000000s ]
INFO: [ app_begin ] --START--
INFO: Run Behavior\ReadHtmlCacheBehavior [ RunTime:0.001000s ]
INFO: [ app_begin ] --END-- [ RunTime:0.001000s ]
NOTIC: [2048] Declaration of Admin\Controller\IndexController::theme() should be compatible with Think\Controller::theme($theme) G:\xampp\htdocs\webdemo\Application\Admin\Controller\IndexController.class.php 第 232 行.
SQL: SHOW COLUMNS FROM `navigation` [ RunTime:0.0030s ]
SQL: SELECT * FROM `navigation` WHERE ( type='product' ) ORDER BY sort desc,id  [ RunTime:0.0000s ]
SQL: SHOW COLUMNS FROM `product` [ RunTime:0.0020s ]
SQL: SELECT * FROM `product` WHERE ( category_id=10 )  [ RunTime:0.0010s ]
NOTIC: [8] A non well formed numeric value encountered G:\xampp\htdocs\webdemo\Application\Admin\Controller\IndexController.class.php 第 164 行.
INFO: [ view_parse ] --START--
INFO: [ template_filter ] --START--
INFO: Run Behavior\ContentReplaceBehavior [ RunTime:0.000000s ]
INFO: [ template_filter ] --END-- [ RunTime:0.000000s ]
INFO: Run Behavior\ParseTemplateBehavior [ RunTime:0.005000s ]
INFO: [ view_parse ] --END-- [ RunTime:0.005000s ]
INFO: [ view_filter ] --START--
INFO: Run Behavior\WriteHtmlCacheBehavior [ RunTime:0.000000s ]
INFO: [ view_filter ] --END-- [ RunTime:0.000000s ]
INFO: [ app_end ] --START--
INFO: Run Behavior\ShowPageTraceBehavior [ RunTime:0.000000s ]
INFO: [ app_end ] --END-- [ RunTime:0.000000s ]

[ 2017-01-14T01:59:04+08:00 ] ::1 /webdemo/index.php/Admin/Index/product.html?category_id=11
INFO: [ app_init ] --START--
INFO: Run Behavior\BuildLiteBehavior [ RunTime:0.000000s ]
INFO: [ app_init ] --END-- [ RunTime:0.000000s ]
INFO: [ app_begin ] --START--
INFO: Run Behavior\ReadHtmlCacheBehavior [ RunTime:0.000000s ]
INFO: [ app_begin ] --END-- [ RunTime:0.000000s ]
NOTIC: [2048] Declaration of Admin\Controller\IndexController::theme() should be compatible with Think\Controller::theme($theme) G:\xampp\htdocs\webdemo\Application\Admin\Controller\IndexController.class.php 第 232 行.
SQL: SHOW COLUMNS FROM `navigation` [ RunTime:0.0030s ]
SQL: SELECT * FROM `navigation` WHERE ( type='product' ) ORDER BY sort desc,id  [ RunTime:0.0010s ]
SQL: SHOW COLUMNS FROM `product` [ RunTime:0.0030s ]
SQL: SELECT * FROM `product` WHERE ( category_id=11 )  [ RunTime:0.0000s ]
INFO: [ view_parse ] --START--
INFO: [ template_filter ] --START--
INFO: Run Behavior\ContentReplaceBehavior [ RunTime:0.000000s ]
INFO: [ template_filter ] --END-- [ RunTime:0.000000s ]
INFO: Run Behavior\ParseTemplateBehavior [ RunTime:0.005000s ]
INFO: [ view_parse ] --END-- [ RunTime:0.005000s ]
INFO: [ view_filter ] --START--
INFO: Run Behavior\WriteHtmlCacheBehavior [ RunTime:0.000000s ]
INFO: [ view_filter ] --END-- [ RunTime:0.000000s ]
INFO: [ app_end ] --START--
INFO: Run Behavior\ShowPageTraceBehavior [ RunTime:0.001001s ]
INFO: [ app_end ] --END-- [ RunTime:0.001001s ]

[ 2017-01-14T01:59:08+08:00 ] ::1 /webdemo/index.php/Admin/Config/nav.html?id=11&action=connect
INFO: [ app_init ] --START--
INFO: Run Behavior\BuildLiteBehavior [ RunTime:0.000000s ]
INFO: [ app_init ] --END-- [ RunTime:0.000000s ]
INFO: [ app_begin ] --START--
INFO: Run Behavior\ReadHtmlCacheBehavior [ RunTime:0.015600s ]
INFO: [ app_begin ] --END-- [ RunTime:0.015600s ]
SQL: SHOW COLUMNS FROM `navigation` [ RunTime:0.0030s ]
SQL: SELECT `type` FROM `navigation` WHERE ( id=11 ) LIMIT 1   [ RunTime:0.0000s ]
SQL: SELECT * FROM `navigation` WHERE ( type='product' ) ORDER BY sort desc,id  [ RunTime:0.0000s ]
NOTIC: [8] Undefined variable: data G:\xampp\htdocs\webdemo\Application\Admin\Controller\ConfigController.class.php 第 306 行.
NOTIC: [8] Undefined variable: product_pic_list G:\xampp\htdocs\webdemo\Application\Admin\Controller\ConfigController.class.php 第 307 行.
INFO: [ view_parse ] --START--
INFO: [ template_filter ] --START--
INFO: Run Behavior\ContentReplaceBehavior [ RunTime:0.000000s ]
INFO: [ template_filter ] --END-- [ RunTime:0.000000s ]
NOTIC: [8] Undefined variable:  G:\xampp\htdocs\webdemo\Application\Runtime\Cache\Admin\b024d314b155332d8f7ad4a134b5fb9b.php 第 94 行.
NOTIC: [8] Undefined variable:  G:\xampp\htdocs\webdemo\Application\Runtime\Cache\Admin\b024d314b155332d8f7ad4a134b5fb9b.php 第 95 行.
NOTIC: [8] Undefined variable:  G:\xampp\htdocs\webdemo\Application\Runtime\Cache\Admin\b024d314b155332d8f7ad4a134b5fb9b.php 第 167 行.
NOTIC: [8] Undefined variable: id G:\xampp\htdocs\webdemo\Application\Runtime\Cache\Admin\b024d314b155332d8f7ad4a134b5fb9b.php 第 170 行.
INFO: Run Behavior\ParseTemplateBehavior [ RunTime:0.006000s ]
INFO: [ view_parse ] --END-- [ RunTime:0.006000s ]
INFO: [ view_filter ] --START--
INFO: Run Behavior\WriteHtmlCacheBehavior [ RunTime:0.001000s ]
INFO: [ view_filter ] --END-- [ RunTime:0.001000s ]
INFO: [ app_end ] --START--
INFO: Run Behavior\ShowPageTraceBehavior [ RunTime:0.000000s ]
INFO: [ app_end ] --END-- [ RunTime:0.000000s ]

[ 2017-01-14T01:59:28+08:00 ] ::1 /webdemo/index.php/Admin/Index/product.html?category_id=13
INFO: [ app_init ] --START--
INFO: Run Behavior\BuildLiteBehavior [ RunTime:0.000000s ]
INFO: [ app_init ] --END-- [ RunTime:0.000000s ]
INFO: [ app_begin ] --START--
INFO: Run Behavior\ReadHtmlCacheBehavior [ RunTime:0.000000s ]
INFO: [ app_begin ] --END-- [ RunTime:0.000000s ]
NOTIC: [2048] Declaration of Admin\Controller\IndexController::theme() should be compatible with Think\Controller::theme($theme) G:\xampp\htdocs\webdemo\Application\Admin\Controller\IndexController.class.php 第 232 行.
SQL: SHOW COLUMNS FROM `navigation` [ RunTime:0.0030s ]
SQL: SELECT * FROM `navigation` WHERE ( type='product' ) ORDER BY sort desc,id  [ RunTime:0.0000s ]
SQL: SHOW COLUMNS FROM `product` [ RunTime:0.0030s ]
SQL: SELECT * FROM `product` WHERE ( category_id=13 )  [ RunTime:0.0000s ]
INFO: [ view_parse ] --START--
INFO: [ template_filter ] --START--
INFO: Run Behavior\ContentReplaceBehavior [ RunTime:0.000000s ]
INFO: [ template_filter ] --END-- [ RunTime:0.000000s ]
INFO: Run Behavior\ParseTemplateBehavior [ RunTime:0.006001s ]
INFO: [ view_parse ] --END-- [ RunTime:0.006001s ]
INFO: [ view_filter ] --START--
INFO: Run Behavior\WriteHtmlCacheBehavior [ RunTime:0.000000s ]
INFO: [ view_filter ] --END-- [ RunTime:0.000000s ]
INFO: [ app_end ] --START--
INFO: Run Behavior\ShowPageTraceBehavior [ RunTime:0.001000s ]
INFO: [ app_end ] --END-- [ RunTime:0.001000s ]

[ 2017-01-14T01:59:30+08:00 ] ::1 /webdemo/index.php/Admin/Config/nav.html?id=13&action=connect
INFO: [ app_init ] --START--
INFO: Run Behavior\BuildLiteBehavior [ RunTime:0.000000s ]
INFO: [ app_init ] --END-- [ RunTime:0.000000s ]
INFO: [ app_begin ] --START--
INFO: Run Behavior\ReadHtmlCacheBehavior [ RunTime:0.000000s ]
INFO: [ app_begin ] --END-- [ RunTime:0.000000s ]
SQL: SHOW COLUMNS FROM `navigation` [ RunTime:0.0030s ]
SQL: SELECT `type` FROM `navigation` WHERE ( id=13 ) LIMIT 1   [ RunTime:0.0010s ]
SQL: SELECT * FROM `navigation` WHERE ( type='product' ) ORDER BY sort desc,id  [ RunTime:0.0000s ]
NOTIC: [8] Undefined variable: data G:\xampp\htdocs\webdemo\Application\Admin\Controller\ConfigController.class.php 第 306 行.
NOTIC: [8] Undefined variable: product_pic_list G:\xampp\htdocs\webdemo\Application\Admin\Controller\ConfigController.class.php 第 307 行.
INFO: [ view_parse ] --START--
INFO: [ template_filter ] --START--
INFO: Run Behavior\ContentReplaceBehavior [ RunTime:0.000000s ]
INFO: [ template_filter ] --END-- [ RunTime:0.000000s ]
NOTIC: [8] Undefined variable:  G:\xampp\htdocs\webdemo\Application\Runtime\Cache\Admin\b024d314b155332d8f7ad4a134b5fb9b.php 第 94 行.
NOTIC: [8] Undefined variable:  G:\xampp\htdocs\webdemo\Application\Runtime\Cache\Admin\b024d314b155332d8f7ad4a134b5fb9b.php 第 95 行.
NOTIC: [8] Undefined variable:  G:\xampp\htdocs\webdemo\Application\Runtime\Cache\Admin\b024d314b155332d8f7ad4a134b5fb9b.php 第 167 行.
NOTIC: [8] Undefined variable: id G:\xampp\htdocs\webdemo\Application\Runtime\Cache\Admin\b024d314b155332d8f7ad4a134b5fb9b.php 第 170 行.
INFO: Run Behavior\ParseTemplateBehavior [ RunTime:0.008001s ]
INFO: [ view_parse ] --END-- [ RunTime:0.008001s ]
INFO: [ view_filter ] --START--
INFO: Run Behavior\WriteHtmlCacheBehavior [ RunTime:0.000000s ]
INFO: [ view_filter ] --END-- [ RunTime:0.000000s ]
INFO: [ app_end ] --START--
INFO: Run Behavior\ShowPageTraceBehavior [ RunTime:0.000000s ]
INFO: [ app_end ] --END-- [ RunTime:0.000000s ]

[ 2017-01-14T01:59:39+08:00 ] ::1 /webdemo/index.php/Admin/Index/product
INFO: [ app_init ] --START--
INFO: Run Behavior\BuildLiteBehavior [ RunTime:0.000000s ]
INFO: [ app_init ] --END-- [ RunTime:0.000000s ]
INFO: [ app_begin ] --START--
INFO: Run Behavior\ReadHtmlCacheBehavior [ RunTime:0.001000s ]
INFO: [ app_begin ] --END-- [ RunTime:0.001000s ]
NOTIC: [2048] Declaration of Admin\Controller\IndexController::theme() should be compatible with Think\Controller::theme($theme) G:\xampp\htdocs\webdemo\Application\Admin\Controller\IndexController.class.php 第 232 行.
SQL: SHOW COLUMNS FROM `navigation` [ RunTime:0.0030s ]
SQL: SELECT * FROM `navigation` WHERE ( type='product' ) ORDER BY sort desc,id  [ RunTime:0.0000s ]
NOTIC: [8] Undefined index: category_id G:\xampp\htdocs\webdemo\Application\Admin\Controller\IndexController.class.php 第 148 行.
NOTIC: [8] Undefined index: category_id G:\xampp\htdocs\webdemo\Application\Admin\Controller\IndexController.class.php 第 148 行.
NOTIC: [8] Undefined index: category_id G:\xampp\htdocs\webdemo\Application\Admin\Controller\IndexController.class.php 第 148 行.
NOTIC: [8] Undefined index: category_id G:\xampp\htdocs\webdemo\Application\Admin\Controller\IndexController.class.php 第 148 行.
NOTIC: [8] Undefined index: category_id G:\xampp\htdocs\webdemo\Application\Admin\Controller\IndexController.class.php 第 148 行.
SQL: SHOW COLUMNS FROM `product` [ RunTime:0.0030s ]
SQL: SELECT * FROM `product`  [ RunTime:0.0010s ]
NOTIC: [8] A non well formed numeric value encountered G:\xampp\htdocs\webdemo\Application\Admin\Controller\IndexController.class.php 第 164 行.
NOTIC: [8] Undefined variable: category G:\xampp\htdocs\webdemo\Application\Admin\Controller\IndexController.class.php 第 204 行.
NOTIC: [8] Undefined index: category_id G:\xampp\htdocs\webdemo\Application\Admin\Controller\IndexController.class.php 第 205 行.
INFO: [ view_parse ] --START--
INFO: [ template_filter ] --START--
INFO: Run Behavior\ContentReplaceBehavior [ RunTime:0.000000s ]
INFO: [ template_filter ] --END-- [ RunTime:0.000000s ]
INFO: Run Behavior\ParseTemplateBehavior [ RunTime:0.005000s ]
INFO: [ view_parse ] --END-- [ RunTime:0.005000s ]
INFO: [ view_filter ] --START--
INFO: Run Behavior\WriteHtmlCacheBehavior [ RunTime:0.000000s ]
INFO: [ view_filter ] --END-- [ RunTime:0.000000s ]
INFO: [ app_end ] --START--
INFO: Run Behavior\ShowPageTraceBehavior [ RunTime:0.000000s ]
INFO: [ app_end ] --END-- [ RunTime:0.000000s ]

[ 2017-01-14T01:59:41+08:00 ] ::1 /webdemo/index.php/Admin/Config/nav.html?id=10&action=connect
INFO: [ app_init ] --START--
INFO: Run Behavior\BuildLiteBehavior [ RunTime:0.000000s ]
INFO: [ app_init ] --END-- [ RunTime:0.000000s ]
INFO: [ app_begin ] --START--
INFO: Run Behavior\ReadHtmlCacheBehavior [ RunTime:0.000000s ]
INFO: [ app_begin ] --END-- [ RunTime:0.000000s ]
SQL: SHOW COLUMNS FROM `navigation` [ RunTime:0.0020s ]
SQL: SELECT `type` FROM `navigation` WHERE ( id=10 ) LIMIT 1   [ RunTime:0.0000s ]
SQL: SELECT * FROM `navigation` WHERE ( type='product' ) ORDER BY sort desc,id  [ RunTime:0.0000s ]
NOTIC: [8] Undefined variable: data G:\xampp\htdocs\webdemo\Application\Admin\Controller\ConfigController.class.php 第 306 行.
NOTIC: [8] Undefined variable: product_pic_list G:\xampp\htdocs\webdemo\Application\Admin\Controller\ConfigController.class.php 第 307 行.
INFO: [ view_parse ] --START--
INFO: [ template_filter ] --START--
INFO: Run Behavior\ContentReplaceBehavior [ RunTime:0.000000s ]
INFO: [ template_filter ] --END-- [ RunTime:0.000000s ]
NOTIC: [8] Undefined variable:  G:\xampp\htdocs\webdemo\Application\Runtime\Cache\Admin\b024d314b155332d8f7ad4a134b5fb9b.php 第 94 行.
NOTIC: [8] Undefined variable:  G:\xampp\htdocs\webdemo\Application\Runtime\Cache\Admin\b024d314b155332d8f7ad4a134b5fb9b.php 第 95 行.
NOTIC: [8] Undefined variable:  G:\xampp\htdocs\webdemo\Application\Runtime\Cache\Admin\b024d314b155332d8f7ad4a134b5fb9b.php 第 167 行.
NOTIC: [8] Undefined variable: id G:\xampp\htdocs\webdemo\Application\Runtime\Cache\Admin\b024d314b155332d8f7ad4a134b5fb9b.php 第 170 行.
INFO: Run Behavior\ParseTemplateBehavior [ RunTime:0.007000s ]
INFO: [ view_parse ] --END-- [ RunTime:0.007000s ]
INFO: [ view_filter ] --START--
INFO: Run Behavior\WriteHtmlCacheBehavior [ RunTime:0.000000s ]
INFO: [ view_filter ] --END-- [ RunTime:0.000000s ]
INFO: [ app_end ] --START--
INFO: Run Behavior\ShowPageTraceBehavior [ RunTime:0.000000s ]
INFO: [ app_end ] --END-- [ RunTime:0.000000s ]

[ 2017-01-14T01:59:50+08:00 ] ::1 /webdemo/index.php/Admin/Index/article
INFO: [ app_init ] --START--
INFO: Run Behavior\BuildLiteBehavior [ RunTime:0.000000s ]
INFO: [ app_init ] --END-- [ RunTime:0.000000s ]
INFO: [ app_begin ] --START--
INFO: Run Behavior\ReadHtmlCacheBehavior [ RunTime:0.000000s ]
INFO: [ app_begin ] --END-- [ RunTime:0.000000s ]
NOTIC: [2048] Declaration of Admin\Controller\IndexController::theme() should be compatible with Think\Controller::theme($theme) G:\xampp\htdocs\webdemo\Application\Admin\Controller\IndexController.class.php 第 232 行.
INFO: [ view_parse ] --START--
INFO: [ template_filter ] --START--
INFO: Run Behavior\ContentReplaceBehavior [ RunTime:0.001000s ]
INFO: [ template_filter ] --END-- [ RunTime:0.001000s ]
INFO: Run Behavior\ParseTemplateBehavior [ RunTime:0.008001s ]
INFO: [ view_parse ] --END-- [ RunTime:0.008001s ]
INFO: [ view_filter ] --START--
INFO: Run Behavior\WriteHtmlCacheBehavior [ RunTime:0.000000s ]
INFO: [ view_filter ] --END-- [ RunTime:0.000000s ]
INFO: [ app_end ] --START--
INFO: Run Behavior\ShowPageTraceBehavior [ RunTime:0.001000s ]
INFO: [ app_end ] --END-- [ RunTime:0.001000s ]

[ 2017-01-14T01:59:50+08:00 ] ::1 /webdemo/index.php/Admin/Index/article
INFO: [ app_init ] --START--
INFO: Run Behavior\BuildLiteBehavior [ RunTime:0.000000s ]
INFO: [ app_init ] --END-- [ RunTime:0.000000s ]
INFO: [ app_begin ] --START--
INFO: Run Behavior\ReadHtmlCacheBehavior [ RunTime:0.000000s ]
INFO: [ app_begin ] --END-- [ RunTime:0.000000s ]
NOTIC: [2048] Declaration of Admin\Controller\IndexController::theme() should be compatible with Think\Controller::theme($theme) G:\xampp\htdocs\webdemo\Application\Admin\Controller\IndexController.class.php 第 232 行.
INFO: [ view_parse ] --START--
INFO: [ template_filter ] --START--
INFO: Run Behavior\ContentReplaceBehavior [ RunTime:0.000000s ]
INFO: [ template_filter ] --END-- [ RunTime:0.000000s ]
INFO: Run Behavior\ParseTemplateBehavior [ RunTime:0.008000s ]
INFO: [ view_parse ] --END-- [ RunTime:0.008000s ]
INFO: [ view_filter ] --START--
INFO: Run Behavior\WriteHtmlCacheBehavior [ RunTime:0.000000s ]
INFO: [ view_filter ] --END-- [ RunTime:0.000000s ]
INFO: [ app_end ] --START--
INFO: Run Behavior\ShowPageTraceBehavior [ RunTime:0.001000s ]
INFO: [ app_end ] --END-- [ RunTime:0.001000s ]

[ 2017-01-14T01:59:51+08:00 ] ::1 /webdemo/index.php/Admin/Index/article
INFO: [ app_init ] --START--
INFO: Run Behavior\BuildLiteBehavior [ RunTime:0.000000s ]
INFO: [ app_init ] --END-- [ RunTime:0.001000s ]
INFO: [ app_begin ] --START--
INFO: Run Behavior\ReadHtmlCacheBehavior [ RunTime:0.000000s ]
INFO: [ app_begin ] --END-- [ RunTime:0.000000s ]
NOTIC: [2048] Declaration of Admin\Controller\IndexController::theme() should be compatible with Think\Controller::theme($theme) G:\xampp\htdocs\webdemo\Application\Admin\Controller\IndexController.class.php 第 232 行.
INFO: [ view_parse ] --START--
INFO: [ template_filter ] --START--
INFO: Run Behavior\ContentReplaceBehavior [ RunTime:0.000000s ]
INFO: [ template_filter ] --END-- [ RunTime:0.000000s ]
INFO: Run Behavior\ParseTemplateBehavior [ RunTime:0.008001s ]
INFO: [ view_parse ] --END-- [ RunTime:0.008001s ]
INFO: [ view_filter ] --START--
INFO: Run Behavior\WriteHtmlCacheBehavior [ RunTime:0.000000s ]
INFO: [ view_filter ] --END-- [ RunTime:0.000000s ]
INFO: [ app_end ] --START--
INFO: Run Behavior\ShowPageTraceBehavior [ RunTime:0.001000s ]
INFO: [ app_end ] --END-- [ RunTime:0.001000s ]

[ 2017-01-14T01:59:59+08:00 ] ::1 /webdemo/index.php/Admin/Index/article
INFO: [ app_init ] --START--
INFO: Run Behavior\BuildLiteBehavior [ RunTime:0.000000s ]
INFO: [ app_init ] --END-- [ RunTime:0.000000s ]
INFO: [ app_begin ] --START--
INFO: Run Behavior\ReadHtmlCacheBehavior [ RunTime:0.000000s ]
INFO: [ app_begin ] --END-- [ RunTime:0.000000s ]
NOTIC: [2048] Declaration of Admin\Controller\IndexController::theme() should be compatible with Think\Controller::theme($theme) G:\xampp\htdocs\webdemo\Application\Admin\Controller\IndexController.class.php 第 232 行.
INFO: [ view_parse ] --START--
INFO: [ template_filter ] --START--
INFO: Run Behavior\ContentReplaceBehavior [ RunTime:0.000000s ]
INFO: [ template_filter ] --END-- [ RunTime:0.000000s ]
INFO: Run Behavior\ParseTemplateBehavior [ RunTime:0.017601s ]
INFO: [ view_parse ] --END-- [ RunTime:0.017601s ]
INFO: [ view_filter ] --START--
INFO: Run Behavior\WriteHtmlCacheBehavior [ RunTime:0.000000s ]
INFO: [ view_filter ] --END-- [ RunTime:0.000000s ]
INFO: [ app_end ] --START--
INFO: Run Behavior\ShowPageTraceBehavior [ RunTime:0.001000s ]
INFO: [ app_end ] --END-- [ RunTime:0.001000s ]

[ 2017-01-14T02:00:00+08:00 ] ::1 /webdemo/index.php/Admin/Index/article
INFO: [ app_init ] --START--
INFO: Run Behavior\BuildLiteBehavior [ RunTime:0.000000s ]
INFO: [ app_init ] --END-- [ RunTime:0.000000s ]
INFO: [ app_begin ] --START--
INFO: Run Behavior\ReadHtmlCacheBehavior [ RunTime:0.000000s ]
INFO: [ app_begin ] --END-- [ RunTime:0.000000s ]
NOTIC: [2048] Declaration of Admin\Controller\IndexController::theme() should be compatible with Think\Controller::theme($theme) G:\xampp\htdocs\webdemo\Application\Admin\Controller\IndexController.class.php 第 232 行.
INFO: [ view_parse ] --START--
INFO: [ template_filter ] --START--
INFO: Run Behavior\ContentReplaceBehavior [ RunTime:0.000000s ]
INFO: [ template_filter ] --END-- [ RunTime:0.000000s ]
INFO: Run Behavior\ParseTemplateBehavior [ RunTime:0.022600s ]
INFO: [ view_parse ] --END-- [ RunTime:0.022600s ]
INFO: [ view_filter ] --START--
INFO: Run Behavior\WriteHtmlCacheBehavior [ RunTime:0.001000s ]
INFO: [ view_filter ] --END-- [ RunTime:0.001000s ]
INFO: [ app_end ] --START--
INFO: Run Behavior\ShowPageTraceBehavior [ RunTime:0.000000s ]
INFO: [ app_end ] --END-- [ RunTime:0.000000s ]

[ 2017-01-14T02:00:05+08:00 ] ::1 /webdemo/index.php/Admin/Index/product
INFO: [ app_init ] --START--
INFO: Run Behavior\BuildLiteBehavior [ RunTime:0.000000s ]
INFO: [ app_init ] --END-- [ RunTime:0.000000s ]
INFO: [ app_begin ] --START--
INFO: Run Behavior\ReadHtmlCacheBehavior [ RunTime:0.000000s ]
INFO: [ app_begin ] --END-- [ RunTime:0.000000s ]
NOTIC: [2048] Declaration of Admin\Controller\IndexController::theme() should be compatible with Think\Controller::theme($theme) G:\xampp\htdocs\webdemo\Application\Admin\Controller\IndexController.class.php 第 232 行.
SQL: SHOW COLUMNS FROM `navigation` [ RunTime:0.0030s ]
SQL: SELECT * FROM `navigation` WHERE ( type='product' ) ORDER BY sort desc,id  [ RunTime:0.0010s ]
NOTIC: [8] Undefined index: category_id G:\xampp\htdocs\webdemo\Application\Admin\Controller\IndexController.class.php 第 148 行.
NOTIC: [8] Undefined index: category_id G:\xampp\htdocs\webdemo\Application\Admin\Controller\IndexController.class.php 第 148 行.
NOTIC: [8] Undefined index: category_id G:\xampp\htdocs\webdemo\Application\Admin\Controller\IndexController.class.php 第 148 行.
NOTIC: [8] Undefined index: category_id G:\xampp\htdocs\webdemo\Application\Admin\Controller\IndexController.class.php 第 148 行.
NOTIC: [8] Undefined index: category_id G:\xampp\htdocs\webdemo\Application\Admin\Controller\IndexController.class.php 第 148 行.
SQL: SHOW COLUMNS FROM `product` [ RunTime:0.0030s ]
SQL: SELECT * FROM `product`  [ RunTime:0.0010s ]
NOTIC: [8] A non well formed numeric value encountered G:\xampp\htdocs\webdemo\Application\Admin\Controller\IndexController.class.php 第 164 行.
NOTIC: [8] Undefined variable: category G:\xampp\htdocs\webdemo\Application\Admin\Controller\IndexController.class.php 第 204 行.
NOTIC: [8] Undefined index: category_id G:\xampp\htdocs\webdemo\Application\Admin\Controller\IndexController.class.php 第 205 行.
INFO: [ view_parse ] --START--
INFO: [ template_filter ] --START--
INFO: Run Behavior\ContentReplaceBehavior [ RunTime:0.000000s ]
INFO: [ template_filter ] --END-- [ RunTime:0.000000s ]
INFO: Run Behavior\ParseTemplateBehavior [ RunTime:0.006001s ]
INFO: [ view_parse ] --END-- [ RunTime:0.006001s ]
INFO: [ view_filter ] --START--
INFO: Run Behavior\WriteHtmlCacheBehavior [ RunTime:0.000000s ]
INFO: [ view_filter ] --END-- [ RunTime:0.000000s ]
INFO: [ app_end ] --START--
INFO: Run Behavior\ShowPageTraceBehavior [ RunTime:0.001000s ]
INFO: [ app_end ] --END-- [ RunTime:0.001000s ]

[ 2017-01-14T02:00:05+08:00 ] ::1 /webdemo/index.php/Admin/Index/article
INFO: [ app_init ] --START--
INFO: Run Behavior\BuildLiteBehavior [ RunTime:0.000000s ]
INFO: [ app_init ] --END-- [ RunTime:0.000000s ]
INFO: [ app_begin ] --START--
INFO: Run Behavior\ReadHtmlCacheBehavior [ RunTime:0.000000s ]
INFO: [ app_begin ] --END-- [ RunTime:0.000000s ]
NOTIC: [2048] Declaration of Admin\Controller\IndexController::theme() should be compatible with Think\Controller::theme($theme) G:\xampp\htdocs\webdemo\Application\Admin\Controller\IndexController.class.php 第 232 行.
INFO: [ view_parse ] --START--
INFO: [ template_filter ] --START--
INFO: Run Behavior\ContentReplaceBehavior [ RunTime:0.000000s ]
INFO: [ template_filter ] --END-- [ RunTime:0.000000s ]
INFO: Run Behavior\ParseTemplateBehavior [ RunTime:0.017601s ]
INFO: [ view_parse ] --END-- [ RunTime:0.017601s ]
INFO: [ view_filter ] --START--
INFO: Run Behavior\WriteHtmlCacheBehavior [ RunTime:0.001000s ]
INFO: [ view_filter ] --END-- [ RunTime:0.001000s ]
INFO: [ app_end ] --START--
INFO: Run Behavior\ShowPageTraceBehavior [ RunTime:0.000000s ]
INFO: [ app_end ] --END-- [ RunTime:0.000000s ]

[ 2017-01-14T02:00:08+08:00 ] ::1 /webdemo/index.php/Admin/Index/product
INFO: [ app_init ] --START--
INFO: Run Behavior\BuildLiteBehavior [ RunTime:0.000000s ]
INFO: [ app_init ] --END-- [ RunTime:0.000000s ]
INFO: [ app_begin ] --START--
INFO: Run Behavior\ReadHtmlCacheBehavior [ RunTime:0.000000s ]
INFO: [ app_begin ] --END-- [ RunTime:0.000000s ]
NOTIC: [2048] Declaration of Admin\Controller\IndexController::theme() should be compatible with Think\Controller::theme($theme) G:\xampp\htdocs\webdemo\Application\Admin\Controller\IndexController.class.php 第 232 行.
SQL: SHOW COLUMNS FROM `navigation` [ RunTime:0.0030s ]
SQL: SELECT * FROM `navigation` WHERE ( type='product' ) ORDER BY sort desc,id  [ RunTime:0.0010s ]
NOTIC: [8] Undefined index: category_id G:\xampp\htdocs\webdemo\Application\Admin\Controller\IndexController.class.php 第 148 行.
NOTIC: [8] Undefined index: category_id G:\xampp\htdocs\webdemo\Application\Admin\Controller\IndexController.class.php 第 148 行.
NOTIC: [8] Undefined index: category_id G:\xampp\htdocs\webdemo\Application\Admin\Controller\IndexController.class.php 第 148 行.
NOTIC: [8] Undefined index: category_id G:\xampp\htdocs\webdemo\Application\Admin\Controller\IndexController.class.php 第 148 行.
NOTIC: [8] Undefined index: category_id G:\xampp\htdocs\webdemo\Application\Admin\Controller\IndexController.class.php 第 148 行.
SQL: SHOW COLUMNS FROM `product` [ RunTime:0.0020s ]
SQL: SELECT * FROM `product`  [ RunTime:0.0000s ]
NOTIC: [8] A non well formed numeric value encountered G:\xampp\htdocs\webdemo\Application\Admin\Controller\IndexController.class.php 第 164 行.
NOTIC: [8] Undefined variable: category G:\xampp\htdocs\webdemo\Application\Admin\Controller\IndexController.class.php 第 204 行.
NOTIC: [8] Undefined index: category_id G:\xampp\htdocs\webdemo\Application\Admin\Controller\IndexController.class.php 第 205 行.
INFO: [ view_parse ] --START--
INFO: [ template_filter ] --START--
INFO: Run Behavior\ContentReplaceBehavior [ RunTime:0.000000s ]
INFO: [ template_filter ] --END-- [ RunTime:0.000000s ]
INFO: Run Behavior\ParseTemplateBehavior [ RunTime:0.006000s ]
INFO: [ view_parse ] --END-- [ RunTime:0.006000s ]
INFO: [ view_filter ] --START--
INFO: Run Behavior\WriteHtmlCacheBehavior [ RunTime:0.000000s ]
INFO: [ view_filter ] --END-- [ RunTime:0.000000s ]
INFO: [ app_end ] --START--
INFO: Run Behavior\ShowPageTraceBehavior [ RunTime:0.001000s ]
INFO: [ app_end ] --END-- [ RunTime:0.001000s ]

[ 2017-01-14T02:00:09+08:00 ] ::1 /webdemo/index.php/Admin/Index/article
INFO: [ app_init ] --START--
INFO: Run Behavior\BuildLiteBehavior [ RunTime:0.000000s ]
INFO: [ app_init ] --END-- [ RunTime:0.001000s ]
INFO: [ app_begin ] --START--
INFO: Run Behavior\ReadHtmlCacheBehavior [ RunTime:0.001000s ]
INFO: [ app_begin ] --END-- [ RunTime:0.001000s ]
NOTIC: [2048] Declaration of Admin\Controller\IndexController::theme() should be compatible with Think\Controller::theme($theme) G:\xampp\htdocs\webdemo\Application\Admin\Controller\IndexController.class.php 第 232 行.
INFO: [ view_parse ] --START--
INFO: [ template_filter ] --START--
INFO: Run Behavior\ContentReplaceBehavior [ RunTime:0.000000s ]
INFO: [ template_filter ] --END-- [ RunTime:0.000000s ]
INFO: Run Behavior\ParseTemplateBehavior [ RunTime:0.008001s ]
INFO: [ view_parse ] --END-- [ RunTime:0.008001s ]
INFO: [ view_filter ] --START--
INFO: Run Behavior\WriteHtmlCacheBehavior [ RunTime:0.001000s ]
INFO: [ view_filter ] --END-- [ RunTime:0.001000s ]
INFO: [ app_end ] --START--
INFO: Run Behavior\ShowPageTraceBehavior [ RunTime:0.000000s ]
INFO: [ app_end ] --END-- [ RunTime:0.000000s ]

[ 2017-01-14T02:00:12+08:00 ] ::1 /webdemo/index.php/Admin/Index/xsite.php?action=article&operation=edit&category=
INFO: [ app_init ] --START--
INFO: Run Behavior\BuildLiteBehavior [ RunTime:0.000000s ]
INFO: [ app_init ] --END-- [ RunTime:0.000000s ]
INFO: [ app_begin ] --START--
INFO: Run Behavior\ReadHtmlCacheBehavior [ RunTime:0.000000s ]
INFO: [ app_begin ] --END-- [ RunTime:0.000000s ]
NOTIC: [2048] Declaration of Admin\Controller\IndexController::theme() should be compatible with Think\Controller::theme($theme) G:\xampp\htdocs\webdemo\Application\Admin\Controller\IndexController.class.php 第 232 行.
ERR: 非法操作:xsite.php

[ 2017-01-14T02:00:14+08:00 ] ::1 /webdemo/index.php/Admin/Index/article
INFO: [ app_init ] --START--
INFO: Run Behavior\BuildLiteBehavior [ RunTime:0.000000s ]
INFO: [ app_init ] --END-- [ RunTime:0.000000s ]
INFO: [ app_begin ] --START--
INFO: Run Behavior\ReadHtmlCacheBehavior [ RunTime:0.000000s ]
INFO: [ app_begin ] --END-- [ RunTime:0.000000s ]
NOTIC: [2048] Declaration of Admin\Controller\IndexController::theme() should be compatible with Think\Controller::theme($theme) G:\xampp\htdocs\webdemo\Application\Admin\Controller\IndexController.class.php 第 232 行.
INFO: [ view_parse ] --START--
INFO: [ template_filter ] --START--
INFO: Run Behavior\ContentReplaceBehavior [ RunTime:0.000000s ]
INFO: [ template_filter ] --END-- [ RunTime:0.000000s ]
INFO: Run Behavior\ParseTemplateBehavior [ RunTime:0.015600s ]
INFO: [ view_parse ] --END-- [ RunTime:0.015600s ]
INFO: [ view_filter ] --START--
INFO: Run Behavior\WriteHtmlCacheBehavior [ RunTime:0.001000s ]
INFO: [ view_filter ] --END-- [ RunTime:0.001000s ]
INFO: [ app_end ] --START--
INFO: Run Behavior\ShowPageTraceBehavior [ RunTime:0.001000s ]
INFO: [ app_end ] --END-- [ RunTime:0.001000s ]

