[ 2017-01-16T00:02:20+08:00 ] ::1 /webdemo/index.php/Admin/Index/article
INFO: [ app_init ] --START--
INFO: Run Behavior\BuildLiteBehavior [ RunTime:0.000000s ]
INFO: [ app_init ] --END-- [ RunTime:0.001000s ]
INFO: [ app_begin ] --START--
INFO: Run Behavior\ReadHtmlCacheBehavior [ RunTime:0.000000s ]
INFO: [ app_begin ] --END-- [ RunTime:0.000000s ]
NOTIC: [2048] Declaration of Admin\Controller\IndexController::theme() should be compatible with Think\Controller::theme($theme) G:\xampp\htdocs\webdemo\Application\Admin\Controller\IndexController.class.php 第 322 行.
SQL: SHOW COLUMNS FROM `navigation` [ RunTime:0.0030s ]
SQL: SELECT * FROM `navigation` WHERE ( type='article' ) ORDER BY sort desc,id  [ RunTime:0.0010s ]
NOTIC: [8] Undefined index: category_id G:\xampp\htdocs\webdemo\Application\Admin\Controller\IndexController.class.php 第 140 行.
NOTIC: [8] Undefined index: category_id G:\xampp\htdocs\webdemo\Application\Admin\Controller\IndexController.class.php 第 140 行.
NOTIC: [8] Undefined index: category_id G:\xampp\htdocs\webdemo\Application\Admin\Controller\IndexController.class.php 第 140 行.
NOTIC: [8] Undefined index: category_id G:\xampp\htdocs\webdemo\Application\Admin\Controller\IndexController.class.php 第 140 行.
NOTIC: [8] Undefined index: category_id G:\xampp\htdocs\webdemo\Application\Admin\Controller\IndexController.class.php 第 140 行.
SQL: SHOW COLUMNS FROM `article` [ RunTime:0.0030s ]
SQL: SELECT * FROM `article`  [ RunTime:0.0000s ]
NOTIC: [8] A non well formed numeric value encountered G:\xampp\htdocs\webdemo\Application\Admin\Controller\IndexController.class.php 第 156 行.
NOTIC: [8] Undefined index: pass G:\xampp\htdocs\webdemo\Application\Admin\Controller\IndexController.class.php 第 158 行.
NOTIC: [8] Undefined index: pass G:\xampp\htdocs\webdemo\Application\Admin\Controller\IndexController.class.php 第 162 行.
NOTIC: [8] Undefined index: status G:\xampp\htdocs\webdemo\Application\Admin\Controller\IndexController.class.php 第 166 行.
NOTIC: [8] Undefined variable: category G:\xampp\htdocs\webdemo\Application\Admin\Controller\IndexController.class.php 第 196 行.
NOTIC: [8] Undefined index: category_id G:\xampp\htdocs\webdemo\Application\Admin\Controller\IndexController.class.php 第 197 行.
INFO: [ view_parse ] --START--
INFO: [ template_filter ] --START--
INFO: Run Behavior\ContentReplaceBehavior [ RunTime:0.000000s ]
INFO: [ template_filter ] --END-- [ RunTime:0.000000s ]
NOTIC: [8] Undefined variable: addproduct G:\xampp\htdocs\webdemo\Application\Runtime\Cache\Admin\4c9cc48419c4e0f7129c91508adaf414.php 第 78 行.
NOTIC: [8] Undefined variable: productList G:\xampp\htdocs\webdemo\Application\Runtime\Cache\Admin\4c9cc48419c4e0f7129c91508adaf414.php 第 99 行.
INFO: Run Behavior\ParseTemplateBehavior [ RunTime:0.005001s ]
INFO: [ view_parse ] --END-- [ RunTime:0.005001s ]
INFO: [ view_filter ] --START--
INFO: Run Behavior\WriteHtmlCacheBehavior [ RunTime:0.000000s ]
INFO: [ view_filter ] --END-- [ RunTime:0.000000s ]
INFO: [ app_end ] --START--
INFO: Run Behavior\ShowPageTraceBehavior [ RunTime:0.001000s ]
INFO: [ app_end ] --END-- [ RunTime:0.001000s ]

[ 2017-01-16T00:02:22+08:00 ] ::1 /webdemo/index.php/Admin/Index/article
INFO: [ app_init ] --START--
INFO: Run Behavior\BuildLiteBehavior [ RunTime:0.000000s ]
INFO: [ app_init ] --END-- [ RunTime:0.000000s ]
INFO: [ app_begin ] --START--
INFO: Run Behavior\ReadHtmlCacheBehavior [ RunTime:0.001000s ]
INFO: [ app_begin ] --END-- [ RunTime:0.001000s ]
NOTIC: [2048] Declaration of Admin\Controller\IndexController::theme() should be compatible with Think\Controller::theme($theme) G:\xampp\htdocs\webdemo\Application\Admin\Controller\IndexController.class.php 第 322 行.
SQL: SHOW COLUMNS FROM `navigation` [ RunTime:0.0030s ]
SQL: SELECT * FROM `navigation` WHERE ( type='article' ) ORDER BY sort desc,id  [ RunTime:0.0000s ]
NOTIC: [8] Undefined index: category_id G:\xampp\htdocs\webdemo\Application\Admin\Controller\IndexController.class.php 第 140 行.
NOTIC: [8] Undefined index: category_id G:\xampp\htdocs\webdemo\Application\Admin\Controller\IndexController.class.php 第 140 行.
NOTIC: [8] Undefined index: category_id G:\xampp\htdocs\webdemo\Application\Admin\Controller\IndexController.class.php 第 140 行.
NOTIC: [8] Undefined index: category_id G:\xampp\htdocs\webdemo\Application\Admin\Controller\IndexController.class.php 第 140 行.
NOTIC: [8] Undefined index: category_id G:\xampp\htdocs\webdemo\Application\Admin\Controller\IndexController.class.php 第 140 行.
SQL: SHOW COLUMNS FROM `article` [ RunTime:0.0020s ]
SQL: SELECT * FROM `article`  [ RunTime:0.0000s ]
NOTIC: [8] A non well formed numeric value encountered G:\xampp\htdocs\webdemo\Application\Admin\Controller\IndexController.class.php 第 156 行.
NOTIC: [8] Undefined index: pass G:\xampp\htdocs\webdemo\Application\Admin\Controller\IndexController.class.php 第 158 行.
NOTIC: [8] Undefined index: pass G:\xampp\htdocs\webdemo\Application\Admin\Controller\IndexController.class.php 第 162 行.
NOTIC: [8] Undefined index: status G:\xampp\htdocs\webdemo\Application\Admin\Controller\IndexController.class.php 第 166 行.
NOTIC: [8] Undefined variable: category G:\xampp\htdocs\webdemo\Application\Admin\Controller\IndexController.class.php 第 196 行.
NOTIC: [8] Undefined index: category_id G:\xampp\htdocs\webdemo\Application\Admin\Controller\IndexController.class.php 第 197 行.
INFO: [ view_parse ] --START--
INFO: [ template_filter ] --START--
INFO: Run Behavior\ContentReplaceBehavior [ RunTime:0.000000s ]
INFO: [ template_filter ] --END-- [ RunTime:0.000000s ]
NOTIC: [8] Undefined variable: addproduct G:\xampp\htdocs\webdemo\Application\Runtime\Cache\Admin\4c9cc48419c4e0f7129c91508adaf414.php 第 78 行.
NOTIC: [8] Undefined variable: productList G:\xampp\htdocs\webdemo\Application\Runtime\Cache\Admin\4c9cc48419c4e0f7129c91508adaf414.php 第 99 行.
INFO: Run Behavior\ParseTemplateBehavior [ RunTime:0.006000s ]
INFO: [ view_parse ] --END-- [ RunTime:0.006000s ]
INFO: [ view_filter ] --START--
INFO: Run Behavior\WriteHtmlCacheBehavior [ RunTime:0.000000s ]
INFO: [ view_filter ] --END-- [ RunTime:0.000000s ]
INFO: [ app_end ] --START--
INFO: Run Behavior\ShowPageTraceBehavior [ RunTime:0.001000s ]
INFO: [ app_end ] --END-- [ RunTime:0.001000s ]

[ 2017-01-16T00:49:24+08:00 ] ::1 /webdemo/index.php/Admin/Index/article
INFO: [ app_init ] --START--
INFO: Run Behavior\BuildLiteBehavior [ RunTime:0.000000s ]
INFO: [ app_init ] --END-- [ RunTime:0.000000s ]
INFO: [ app_begin ] --START--
INFO: Run Behavior\ReadHtmlCacheBehavior [ RunTime:0.000000s ]
INFO: [ app_begin ] --END-- [ RunTime:0.000000s ]
NOTIC: [2048] Declaration of Admin\Controller\IndexController::theme() should be compatible with Think\Controller::theme($theme) G:\xampp\htdocs\webdemo\Application\Admin\Controller\IndexController.class.php 第 322 行.
SQL: SHOW COLUMNS FROM `navigation` [ RunTime:0.0030s ]
SQL: SELECT * FROM `navigation` WHERE ( type='article' ) ORDER BY sort desc,id  [ RunTime:0.0000s ]
NOTIC: [8] Undefined index: category_id G:\xampp\htdocs\webdemo\Application\Admin\Controller\IndexController.class.php 第 140 行.
NOTIC: [8] Undefined index: category_id G:\xampp\htdocs\webdemo\Application\Admin\Controller\IndexController.class.php 第 140 行.
NOTIC: [8] Undefined index: category_id G:\xampp\htdocs\webdemo\Application\Admin\Controller\IndexController.class.php 第 140 行.
NOTIC: [8] Undefined index: category_id G:\xampp\htdocs\webdemo\Application\Admin\Controller\IndexController.class.php 第 140 行.
NOTIC: [8] Undefined index: category_id G:\xampp\htdocs\webdemo\Application\Admin\Controller\IndexController.class.php 第 140 行.
SQL: SHOW COLUMNS FROM `article` [ RunTime:0.0030s ]
SQL: SELECT * FROM `article`  [ RunTime:0.0000s ]
NOTIC: [8] A non well formed numeric value encountered G:\xampp\htdocs\webdemo\Application\Admin\Controller\IndexController.class.php 第 156 行.
NOTIC: [8] Undefined index: pass G:\xampp\htdocs\webdemo\Application\Admin\Controller\IndexController.class.php 第 158 行.
NOTIC: [8] Undefined index: pass G:\xampp\htdocs\webdemo\Application\Admin\Controller\IndexController.class.php 第 162 行.
NOTIC: [8] Undefined index: status G:\xampp\htdocs\webdemo\Application\Admin\Controller\IndexController.class.php 第 166 行.
NOTIC: [8] Undefined variable: category G:\xampp\htdocs\webdemo\Application\Admin\Controller\IndexController.class.php 第 196 行.
NOTIC: [8] Undefined index: category_id G:\xampp\htdocs\webdemo\Application\Admin\Controller\IndexController.class.php 第 197 行.
INFO: [ view_parse ] --START--
INFO: [ template_filter ] --START--
INFO: Run Behavior\ContentReplaceBehavior [ RunTime:0.000000s ]
INFO: [ template_filter ] --END-- [ RunTime:0.000000s ]
NOTIC: [8] Undefined variable: addproduct G:\xampp\htdocs\webdemo\Application\Runtime\Cache\Admin\4c9cc48419c4e0f7129c91508adaf414.php 第 78 行.
NOTIC: [8] Undefined variable: productList G:\xampp\htdocs\webdemo\Application\Runtime\Cache\Admin\4c9cc48419c4e0f7129c91508adaf414.php 第 99 行.
INFO: Run Behavior\ParseTemplateBehavior [ RunTime:0.005001s ]
INFO: [ view_parse ] --END-- [ RunTime:0.005001s ]
INFO: [ view_filter ] --START--
INFO: Run Behavior\WriteHtmlCacheBehavior [ RunTime:0.001000s ]
INFO: [ view_filter ] --END-- [ RunTime:0.001000s ]
INFO: [ app_end ] --START--
INFO: Run Behavior\ShowPageTraceBehavior [ RunTime:0.000000s ]
INFO: [ app_end ] --END-- [ RunTime:0.000000s ]

[ 2017-01-16T00:49:26+08:00 ] ::1 /webdemo/index.php/Admin/Index/article
INFO: [ app_init ] --START--
INFO: Run Behavior\BuildLiteBehavior [ RunTime:0.000000s ]
INFO: [ app_init ] --END-- [ RunTime:0.001000s ]
INFO: [ app_begin ] --START--
INFO: Run Behavior\ReadHtmlCacheBehavior [ RunTime:0.001000s ]
INFO: [ app_begin ] --END-- [ RunTime:0.001000s ]
NOTIC: [2048] Declaration of Admin\Controller\IndexController::theme() should be compatible with Think\Controller::theme($theme) G:\xampp\htdocs\webdemo\Application\Admin\Controller\IndexController.class.php 第 322 行.
SQL: SHOW COLUMNS FROM `navigation` [ RunTime:0.0020s ]
SQL: SELECT * FROM `navigation` WHERE ( type='article' ) ORDER BY sort desc,id  [ RunTime:0.0000s ]
NOTIC: [8] Undefined index: category_id G:\xampp\htdocs\webdemo\Application\Admin\Controller\IndexController.class.php 第 140 行.
NOTIC: [8] Undefined index: category_id G:\xampp\htdocs\webdemo\Application\Admin\Controller\IndexController.class.php 第 140 行.
NOTIC: [8] Undefined index: category_id G:\xampp\htdocs\webdemo\Application\Admin\Controller\IndexController.class.php 第 140 行.
NOTIC: [8] Undefined index: category_id G:\xampp\htdocs\webdemo\Application\Admin\Controller\IndexController.class.php 第 140 行.
NOTIC: [8] Undefined index: category_id G:\xampp\htdocs\webdemo\Application\Admin\Controller\IndexController.class.php 第 140 行.
SQL: SHOW COLUMNS FROM `article` [ RunTime:0.0030s ]
SQL: SELECT * FROM `article`  [ RunTime:0.0000s ]
NOTIC: [8] A non well formed numeric value encountered G:\xampp\htdocs\webdemo\Application\Admin\Controller\IndexController.class.php 第 156 行.
NOTIC: [8] Undefined index: pass G:\xampp\htdocs\webdemo\Application\Admin\Controller\IndexController.class.php 第 158 行.
NOTIC: [8] Undefined index: pass G:\xampp\htdocs\webdemo\Application\Admin\Controller\IndexController.class.php 第 162 行.
NOTIC: [8] Undefined index: status G:\xampp\htdocs\webdemo\Application\Admin\Controller\IndexController.class.php 第 166 行.
NOTIC: [8] Undefined variable: category G:\xampp\htdocs\webdemo\Application\Admin\Controller\IndexController.class.php 第 196 行.
NOTIC: [8] Undefined index: category_id G:\xampp\htdocs\webdemo\Application\Admin\Controller\IndexController.class.php 第 197 行.
INFO: [ view_parse ] --START--
INFO: [ template_filter ] --START--
INFO: Run Behavior\ContentReplaceBehavior [ RunTime:0.000000s ]
INFO: [ template_filter ] --END-- [ RunTime:0.001000s ]
NOTIC: [8] Undefined variable: addproduct G:\xampp\htdocs\webdemo\Application\Runtime\Cache\Admin\4c9cc48419c4e0f7129c91508adaf414.php 第 78 行.
NOTIC: [8] Undefined variable: productList G:\xampp\htdocs\webdemo\Application\Runtime\Cache\Admin\4c9cc48419c4e0f7129c91508adaf414.php 第 99 行.
INFO: Run Behavior\ParseTemplateBehavior [ RunTime:0.005000s ]
INFO: [ view_parse ] --END-- [ RunTime:0.005000s ]
INFO: [ view_filter ] --START--
INFO: Run Behavior\WriteHtmlCacheBehavior [ RunTime:0.001000s ]
INFO: [ view_filter ] --END-- [ RunTime:0.001000s ]
INFO: [ app_end ] --START--
INFO: Run Behavior\ShowPageTraceBehavior [ RunTime:0.000000s ]
INFO: [ app_end ] --END-- [ RunTime:0.000000s ]

[ 2017-01-16T00:49:29+08:00 ] ::1 /webdemo/index.php/Admin/Index/article.html?category_id=16
INFO: [ app_init ] --START--
INFO: Run Behavior\BuildLiteBehavior [ RunTime:0.000000s ]
INFO: [ app_init ] --END-- [ RunTime:0.000000s ]
INFO: [ app_begin ] --START--
INFO: Run Behavior\ReadHtmlCacheBehavior [ RunTime:0.001000s ]
INFO: [ app_begin ] --END-- [ RunTime:0.001000s ]
NOTIC: [2048] Declaration of Admin\Controller\IndexController::theme() should be compatible with Think\Controller::theme($theme) G:\xampp\htdocs\webdemo\Application\Admin\Controller\IndexController.class.php 第 322 行.
SQL: SHOW COLUMNS FROM `navigation` [ RunTime:0.0030s ]
SQL: SELECT * FROM `navigation` WHERE ( type='article' ) ORDER BY sort desc,id  [ RunTime:0.0010s ]
SQL: SHOW COLUMNS FROM `article` [ RunTime:0.0020s ]
SQL: SELECT * FROM `article` WHERE ( category_id=16 )  [ RunTime:0.0010s ]
NOTIC: [8] A non well formed numeric value encountered G:\xampp\htdocs\webdemo\Application\Admin\Controller\IndexController.class.php 第 156 行.
NOTIC: [8] Undefined index: pass G:\xampp\htdocs\webdemo\Application\Admin\Controller\IndexController.class.php 第 158 行.
NOTIC: [8] Undefined index: pass G:\xampp\htdocs\webdemo\Application\Admin\Controller\IndexController.class.php 第 162 行.
NOTIC: [8] Undefined index: status G:\xampp\htdocs\webdemo\Application\Admin\Controller\IndexController.class.php 第 166 行.
INFO: [ view_parse ] --START--
INFO: [ template_filter ] --START--
INFO: Run Behavior\ContentReplaceBehavior [ RunTime:0.000000s ]
INFO: [ template_filter ] --END-- [ RunTime:0.000000s ]
NOTIC: [8] Undefined variable: addproduct G:\xampp\htdocs\webdemo\Application\Runtime\Cache\Admin\4c9cc48419c4e0f7129c91508adaf414.php 第 78 行.
NOTIC: [8] Undefined variable: productList G:\xampp\htdocs\webdemo\Application\Runtime\Cache\Admin\4c9cc48419c4e0f7129c91508adaf414.php 第 99 行.
INFO: Run Behavior\ParseTemplateBehavior [ RunTime:0.005000s ]
INFO: [ view_parse ] --END-- [ RunTime:0.005000s ]
INFO: [ view_filter ] --START--
INFO: Run Behavior\WriteHtmlCacheBehavior [ RunTime:0.000000s ]
INFO: [ view_filter ] --END-- [ RunTime:0.000000s ]
INFO: [ app_end ] --START--
INFO: Run Behavior\ShowPageTraceBehavior [ RunTime:0.000000s ]
INFO: [ app_end ] --END-- [ RunTime:0.000000s ]

[ 2017-01-16T00:49:31+08:00 ] ::1 /webdemo/index.php/Admin/Index/article.html
INFO: [ app_init ] --START--
INFO: Run Behavior\BuildLiteBehavior [ RunTime:0.000000s ]
INFO: [ app_init ] --END-- [ RunTime:0.001000s ]
INFO: [ app_begin ] --START--
INFO: Run Behavior\ReadHtmlCacheBehavior [ RunTime:0.001000s ]
INFO: [ app_begin ] --END-- [ RunTime:0.001000s ]
NOTIC: [2048] Declaration of Admin\Controller\IndexController::theme() should be compatible with Think\Controller::theme($theme) G:\xampp\htdocs\webdemo\Application\Admin\Controller\IndexController.class.php 第 322 行.
SQL: SHOW COLUMNS FROM `navigation` [ RunTime:0.0030s ]
SQL: SELECT * FROM `navigation` WHERE ( type='article' ) ORDER BY sort desc,id  [ RunTime:0.0000s ]
NOTIC: [8] Undefined index: category_id G:\xampp\htdocs\webdemo\Application\Admin\Controller\IndexController.class.php 第 140 行.
NOTIC: [8] Undefined index: category_id G:\xampp\htdocs\webdemo\Application\Admin\Controller\IndexController.class.php 第 140 行.
NOTIC: [8] Undefined index: category_id G:\xampp\htdocs\webdemo\Application\Admin\Controller\IndexController.class.php 第 140 行.
NOTIC: [8] Undefined index: category_id G:\xampp\htdocs\webdemo\Application\Admin\Controller\IndexController.class.php 第 140 行.
NOTIC: [8] Undefined index: category_id G:\xampp\htdocs\webdemo\Application\Admin\Controller\IndexController.class.php 第 140 行.
SQL: SHOW COLUMNS FROM `article` [ RunTime:0.0030s ]
SQL: SELECT * FROM `article`  [ RunTime:0.0010s ]
NOTIC: [8] A non well formed numeric value encountered G:\xampp\htdocs\webdemo\Application\Admin\Controller\IndexController.class.php 第 156 行.
NOTIC: [8] Undefined index: pass G:\xampp\htdocs\webdemo\Application\Admin\Controller\IndexController.class.php 第 158 行.
NOTIC: [8] Undefined index: pass G:\xampp\htdocs\webdemo\Application\Admin\Controller\IndexController.class.php 第 162 行.
NOTIC: [8] Undefined index: status G:\xampp\htdocs\webdemo\Application\Admin\Controller\IndexController.class.php 第 166 行.
NOTIC: [8] Undefined variable: category G:\xampp\htdocs\webdemo\Application\Admin\Controller\IndexController.class.php 第 196 行.
NOTIC: [8] Undefined index: category_id G:\xampp\htdocs\webdemo\Application\Admin\Controller\IndexController.class.php 第 197 行.
INFO: [ view_parse ] --START--
INFO: [ template_filter ] --START--
INFO: Run Behavior\ContentReplaceBehavior [ RunTime:0.000000s ]
INFO: [ template_filter ] --END-- [ RunTime:0.000000s ]
NOTIC: [8] Undefined variable: addproduct G:\xampp\htdocs\webdemo\Application\Runtime\Cache\Admin\4c9cc48419c4e0f7129c91508adaf414.php 第 78 行.
NOTIC: [8] Undefined variable: productList G:\xampp\htdocs\webdemo\Application\Runtime\Cache\Admin\4c9cc48419c4e0f7129c91508adaf414.php 第 99 行.
INFO: Run Behavior\ParseTemplateBehavior [ RunTime:0.005000s ]
INFO: [ view_parse ] --END-- [ RunTime:0.005000s ]
INFO: [ view_filter ] --START--
INFO: Run Behavior\WriteHtmlCacheBehavior [ RunTime:0.000000s ]
INFO: [ view_filter ] --END-- [ RunTime:0.000000s ]
INFO: [ app_end ] --START--
INFO: Run Behavior\ShowPageTraceBehavior [ RunTime:0.001001s ]
INFO: [ app_end ] --END-- [ RunTime:0.001001s ]

[ 2017-01-16T00:52:02+08:00 ] ::1 /webdemo/index.php/Admin/Index/article.html
INFO: [ app_init ] --START--
INFO: Run Behavior\BuildLiteBehavior [ RunTime:0.010000s ]
INFO: [ app_init ] --END-- [ RunTime:0.010000s ]
INFO: [ app_begin ] --START--
INFO: Run Behavior\ReadHtmlCacheBehavior [ RunTime:0.000000s ]
INFO: [ app_begin ] --END-- [ RunTime:0.000000s ]
NOTIC: [2048] Declaration of Admin\Controller\IndexController::theme() should be compatible with Think\Controller::theme($theme) G:\xampp\htdocs\webdemo\Application\Admin\Controller\IndexController.class.php 第 322 行.
SQL: SHOW COLUMNS FROM `navigation` [ RunTime:0.0030s ]
SQL: SELECT * FROM `navigation` WHERE ( type='article' ) ORDER BY sort desc,id  [ RunTime:0.0000s ]
NOTIC: [8] Undefined index: category_id G:\xampp\htdocs\webdemo\Application\Admin\Controller\IndexController.class.php 第 140 行.
NOTIC: [8] Undefined index: category_id G:\xampp\htdocs\webdemo\Application\Admin\Controller\IndexController.class.php 第 140 行.
NOTIC: [8] Undefined index: category_id G:\xampp\htdocs\webdemo\Application\Admin\Controller\IndexController.class.php 第 140 行.
NOTIC: [8] Undefined index: category_id G:\xampp\htdocs\webdemo\Application\Admin\Controller\IndexController.class.php 第 140 行.
NOTIC: [8] Undefined index: category_id G:\xampp\htdocs\webdemo\Application\Admin\Controller\IndexController.class.php 第 140 行.
SQL: SHOW COLUMNS FROM `article` [ RunTime:0.0030s ]
SQL: SELECT * FROM `article`  [ RunTime:0.0000s ]
NOTIC: [8] A non well formed numeric value encountered G:\xampp\htdocs\webdemo\Application\Admin\Controller\IndexController.class.php 第 156 行.
NOTIC: [8] Undefined index: pass G:\xampp\htdocs\webdemo\Application\Admin\Controller\IndexController.class.php 第 158 行.
NOTIC: [8] Undefined index: pass G:\xampp\htdocs\webdemo\Application\Admin\Controller\IndexController.class.php 第 162 行.
NOTIC: [8] Undefined index: status G:\xampp\htdocs\webdemo\Application\Admin\Controller\IndexController.class.php 第 166 行.
NOTIC: [8] Undefined variable: category G:\xampp\htdocs\webdemo\Application\Admin\Controller\IndexController.class.php 第 196 行.
NOTIC: [8] Undefined index: category_id G:\xampp\htdocs\webdemo\Application\Admin\Controller\IndexController.class.php 第 197 行.
INFO: [ view_parse ] --START--
INFO: [ template_filter ] --START--
INFO: Run Behavior\ContentReplaceBehavior [ RunTime:0.000000s ]
INFO: [ template_filter ] --END-- [ RunTime:0.000000s ]
INFO: Run Behavior\ParseTemplateBehavior [ RunTime:0.005000s ]
INFO: [ view_parse ] --END-- [ RunTime:0.005000s ]
INFO: [ view_filter ] --START--
INFO: Run Behavior\WriteHtmlCacheBehavior [ RunTime:0.000000s ]
INFO: [ view_filter ] --END-- [ RunTime:0.000000s ]
INFO: [ app_end ] --START--
INFO: Run Behavior\ShowPageTraceBehavior [ RunTime:0.000000s ]
INFO: [ app_end ] --END-- [ RunTime:0.000000s ]

[ 2017-01-16T00:59:23+08:00 ] ::1 /webdemo/index.php/Admin/Index/article
INFO: [ app_init ] --START--
INFO: Run Behavior\BuildLiteBehavior [ RunTime:0.000000s ]
INFO: [ app_init ] --END-- [ RunTime:0.001000s ]
INFO: [ app_begin ] --START--
INFO: Run Behavior\ReadHtmlCacheBehavior [ RunTime:0.000000s ]
INFO: [ app_begin ] --END-- [ RunTime:0.001000s ]
NOTIC: [2048] Declaration of Admin\Controller\IndexController::theme() should be compatible with Think\Controller::theme($theme) G:\xampp\htdocs\webdemo\Application\Admin\Controller\IndexController.class.php 第 322 行.
SQL: SHOW COLUMNS FROM `navigation` [ RunTime:0.0030s ]
SQL: SELECT * FROM `navigation` WHERE ( type='article' ) ORDER BY sort desc,id  [ RunTime:0.0000s ]
NOTIC: [8] Undefined index: category_id G:\xampp\htdocs\webdemo\Application\Admin\Controller\IndexController.class.php 第 140 行.
NOTIC: [8] Undefined index: category_id G:\xampp\htdocs\webdemo\Application\Admin\Controller\IndexController.class.php 第 140 行.
NOTIC: [8] Undefined index: category_id G:\xampp\htdocs\webdemo\Application\Admin\Controller\IndexController.class.php 第 140 行.
NOTIC: [8] Undefined index: category_id G:\xampp\htdocs\webdemo\Application\Admin\Controller\IndexController.class.php 第 140 行.
NOTIC: [8] Undefined index: category_id G:\xampp\htdocs\webdemo\Application\Admin\Controller\IndexController.class.php 第 140 行.
SQL: SHOW COLUMNS FROM `article` [ RunTime:0.0030s ]
SQL: SELECT * FROM `article`  [ RunTime:0.0000s ]
NOTIC: [8] A non well formed numeric value encountered G:\xampp\htdocs\webdemo\Application\Admin\Controller\IndexController.class.php 第 156 行.
NOTIC: [8] Undefined index: pass G:\xampp\htdocs\webdemo\Application\Admin\Controller\IndexController.class.php 第 158 行.
NOTIC: [8] Undefined index: pass G:\xampp\htdocs\webdemo\Application\Admin\Controller\IndexController.class.php 第 162 行.
NOTIC: [8] Undefined index: status G:\xampp\htdocs\webdemo\Application\Admin\Controller\IndexController.class.php 第 166 行.
NOTIC: [8] Undefined variable: category G:\xampp\htdocs\webdemo\Application\Admin\Controller\IndexController.class.php 第 196 行.
NOTIC: [8] Undefined index: category_id G:\xampp\htdocs\webdemo\Application\Admin\Controller\IndexController.class.php 第 197 行.
INFO: [ view_parse ] --START--
INFO: [ template_filter ] --START--
INFO: Run Behavior\ContentReplaceBehavior [ RunTime:0.000000s ]
INFO: [ template_filter ] --END-- [ RunTime:0.000000s ]
INFO: Run Behavior\ParseTemplateBehavior [ RunTime:0.005000s ]
INFO: [ view_parse ] --END-- [ RunTime:0.006000s ]
INFO: [ view_filter ] --START--
INFO: Run Behavior\WriteHtmlCacheBehavior [ RunTime:0.000000s ]
INFO: [ view_filter ] --END-- [ RunTime:0.000000s ]
INFO: [ app_end ] --START--
INFO: Run Behavior\ShowPageTraceBehavior [ RunTime:0.001001s ]
INFO: [ app_end ] --END-- [ RunTime:0.001001s ]

[ 2017-01-16T00:59:28+08:00 ] ::1 /webdemo/index.php/Admin/Index/product
INFO: [ app_init ] --START--
INFO: Run Behavior\BuildLiteBehavior [ RunTime:0.000000s ]
INFO: [ app_init ] --END-- [ RunTime:0.001000s ]
INFO: [ app_begin ] --START--
INFO: Run Behavior\ReadHtmlCacheBehavior [ RunTime:0.001000s ]
INFO: [ app_begin ] --END-- [ RunTime:0.001000s ]
NOTIC: [2048] Declaration of Admin\Controller\IndexController::theme() should be compatible with Think\Controller::theme($theme) G:\xampp\htdocs\webdemo\Application\Admin\Controller\IndexController.class.php 第 322 行.
SQL: SHOW COLUMNS FROM `navigation` [ RunTime:0.0030s ]
SQL: SELECT * FROM `navigation` WHERE ( type='product' ) ORDER BY sort desc,id  [ RunTime:0.0000s ]
NOTIC: [8] Undefined index: category_id G:\xampp\htdocs\webdemo\Application\Admin\Controller\IndexController.class.php 第 238 行.
NOTIC: [8] Undefined index: category_id G:\xampp\htdocs\webdemo\Application\Admin\Controller\IndexController.class.php 第 238 行.
NOTIC: [8] Undefined index: category_id G:\xampp\htdocs\webdemo\Application\Admin\Controller\IndexController.class.php 第 238 行.
NOTIC: [8] Undefined index: category_id G:\xampp\htdocs\webdemo\Application\Admin\Controller\IndexController.class.php 第 238 行.
NOTIC: [8] Undefined index: category_id G:\xampp\htdocs\webdemo\Application\Admin\Controller\IndexController.class.php 第 238 行.
SQL: SHOW COLUMNS FROM `product` [ RunTime:0.0030s ]
SQL: SELECT * FROM `product`  [ RunTime:0.0000s ]
NOTIC: [8] A non well formed numeric value encountered G:\xampp\htdocs\webdemo\Application\Admin\Controller\IndexController.class.php 第 254 行.
NOTIC: [8] Undefined offset: 37 G:\xampp\htdocs\webdemo\Application\Admin\Controller\IndexController.class.php 第 252 行.
NOTIC: [8] A non well formed numeric value encountered G:\xampp\htdocs\webdemo\Application\Admin\Controller\IndexController.class.php 第 254 行.
NOTIC: [8] Undefined variable: category G:\xampp\htdocs\webdemo\Application\Admin\Controller\IndexController.class.php 第 294 行.
NOTIC: [8] Undefined index: category_id G:\xampp\htdocs\webdemo\Application\Admin\Controller\IndexController.class.php 第 295 行.
INFO: [ view_parse ] --START--
INFO: [ template_filter ] --START--
INFO: Run Behavior\ContentReplaceBehavior [ RunTime:0.001000s ]
INFO: [ template_filter ] --END-- [ RunTime:0.001000s ]
INFO: Run Behavior\ParseTemplateBehavior [ RunTime:0.005000s ]
INFO: [ view_parse ] --END-- [ RunTime:0.005000s ]
INFO: [ view_filter ] --START--
INFO: Run Behavior\WriteHtmlCacheBehavior [ RunTime:0.000000s ]
INFO: [ view_filter ] --END-- [ RunTime:0.001000s ]
INFO: [ app_end ] --START--
INFO: Run Behavior\ShowPageTraceBehavior [ RunTime:0.001000s ]
INFO: [ app_end ] --END-- [ RunTime:0.001000s ]

[ 2017-01-16T00:59:30+08:00 ] ::1 /webdemo/index.php/Admin/Index/article
INFO: [ app_init ] --START--
INFO: Run Behavior\BuildLiteBehavior [ RunTime:0.000000s ]
INFO: [ app_init ] --END-- [ RunTime:0.000000s ]
INFO: [ app_begin ] --START--
INFO: Run Behavior\ReadHtmlCacheBehavior [ RunTime:0.001000s ]
INFO: [ app_begin ] --END-- [ RunTime:0.001000s ]
NOTIC: [2048] Declaration of Admin\Controller\IndexController::theme() should be compatible with Think\Controller::theme($theme) G:\xampp\htdocs\webdemo\Application\Admin\Controller\IndexController.class.php 第 322 行.
SQL: SHOW COLUMNS FROM `navigation` [ RunTime:0.0020s ]
SQL: SELECT * FROM `navigation` WHERE ( type='article' ) ORDER BY sort desc,id  [ RunTime:0.0010s ]
NOTIC: [8] Undefined index: category_id G:\xampp\htdocs\webdemo\Application\Admin\Controller\IndexController.class.php 第 140 行.
NOTIC: [8] Undefined index: category_id G:\xampp\htdocs\webdemo\Application\Admin\Controller\IndexController.class.php 第 140 行.
NOTIC: [8] Undefined index: category_id G:\xampp\htdocs\webdemo\Application\Admin\Controller\IndexController.class.php 第 140 行.
NOTIC: [8] Undefined index: category_id G:\xampp\htdocs\webdemo\Application\Admin\Controller\IndexController.class.php 第 140 行.
NOTIC: [8] Undefined index: category_id G:\xampp\htdocs\webdemo\Application\Admin\Controller\IndexController.class.php 第 140 行.
SQL: SHOW COLUMNS FROM `article` [ RunTime:0.0020s ]
SQL: SELECT * FROM `article`  [ RunTime:0.0000s ]
NOTIC: [8] A non well formed numeric value encountered G:\xampp\htdocs\webdemo\Application\Admin\Controller\IndexController.class.php 第 156 行.
NOTIC: [8] Undefined index: pass G:\xampp\htdocs\webdemo\Application\Admin\Controller\IndexController.class.php 第 158 行.
NOTIC: [8] Undefined index: pass G:\xampp\htdocs\webdemo\Application\Admin\Controller\IndexController.class.php 第 162 行.
NOTIC: [8] Undefined index: status G:\xampp\htdocs\webdemo\Application\Admin\Controller\IndexController.class.php 第 166 行.
NOTIC: [8] Undefined variable: category G:\xampp\htdocs\webdemo\Application\Admin\Controller\IndexController.class.php 第 196 行.
NOTIC: [8] Undefined index: category_id G:\xampp\htdocs\webdemo\Application\Admin\Controller\IndexController.class.php 第 197 行.
INFO: [ view_parse ] --START--
INFO: [ template_filter ] --START--
INFO: Run Behavior\ContentReplaceBehavior [ RunTime:0.000000s ]
INFO: [ template_filter ] --END-- [ RunTime:0.000000s ]
INFO: Run Behavior\ParseTemplateBehavior [ RunTime:0.006000s ]
INFO: [ view_parse ] --END-- [ RunTime:0.006000s ]
INFO: [ view_filter ] --START--
INFO: Run Behavior\WriteHtmlCacheBehavior [ RunTime:0.000000s ]
INFO: [ view_filter ] --END-- [ RunTime:0.000000s ]
INFO: [ app_end ] --START--
INFO: Run Behavior\ShowPageTraceBehavior [ RunTime:0.001000s ]
INFO: [ app_end ] --END-- [ RunTime:0.001000s ]

[ 2017-01-16T00:59:33+08:00 ] ::1 /webdemo/index.php/Admin/Index/product
INFO: [ app_init ] --START--
INFO: Run Behavior\BuildLiteBehavior [ RunTime:0.000000s ]
INFO: [ app_init ] --END-- [ RunTime:0.000000s ]
INFO: [ app_begin ] --START--
INFO: Run Behavior\ReadHtmlCacheBehavior [ RunTime:0.001000s ]
INFO: [ app_begin ] --END-- [ RunTime:0.001000s ]
NOTIC: [2048] Declaration of Admin\Controller\IndexController::theme() should be compatible with Think\Controller::theme($theme) G:\xampp\htdocs\webdemo\Application\Admin\Controller\IndexController.class.php 第 322 行.
SQL: SHOW COLUMNS FROM `navigation` [ RunTime:0.0030s ]
SQL: SELECT * FROM `navigation` WHERE ( type='product' ) ORDER BY sort desc,id  [ RunTime:0.0000s ]
NOTIC: [8] Undefined index: category_id G:\xampp\htdocs\webdemo\Application\Admin\Controller\IndexController.class.php 第 238 行.
NOTIC: [8] Undefined index: category_id G:\xampp\htdocs\webdemo\Application\Admin\Controller\IndexController.class.php 第 238 行.
NOTIC: [8] Undefined index: category_id G:\xampp\htdocs\webdemo\Application\Admin\Controller\IndexController.class.php 第 238 行.
NOTIC: [8] Undefined index: category_id G:\xampp\htdocs\webdemo\Application\Admin\Controller\IndexController.class.php 第 238 行.
NOTIC: [8] Undefined index: category_id G:\xampp\htdocs\webdemo\Application\Admin\Controller\IndexController.class.php 第 238 行.
SQL: SHOW COLUMNS FROM `product` [ RunTime:0.0030s ]
SQL: SELECT * FROM `product`  [ RunTime:0.0000s ]
NOTIC: [8] A non well formed numeric value encountered G:\xampp\htdocs\webdemo\Application\Admin\Controller\IndexController.class.php 第 254 行.
NOTIC: [8] Undefined offset: 37 G:\xampp\htdocs\webdemo\Application\Admin\Controller\IndexController.class.php 第 252 行.
NOTIC: [8] A non well formed numeric value encountered G:\xampp\htdocs\webdemo\Application\Admin\Controller\IndexController.class.php 第 254 行.
NOTIC: [8] Undefined variable: category G:\xampp\htdocs\webdemo\Application\Admin\Controller\IndexController.class.php 第 294 行.
NOTIC: [8] Undefined index: category_id G:\xampp\htdocs\webdemo\Application\Admin\Controller\IndexController.class.php 第 295 行.
INFO: [ view_parse ] --START--
INFO: [ template_filter ] --START--
INFO: Run Behavior\ContentReplaceBehavior [ RunTime:0.000000s ]
INFO: [ template_filter ] --END-- [ RunTime:0.000000s ]
INFO: Run Behavior\ParseTemplateBehavior [ RunTime:0.006001s ]
INFO: [ view_parse ] --END-- [ RunTime:0.006001s ]
INFO: [ view_filter ] --START--
INFO: Run Behavior\WriteHtmlCacheBehavior [ RunTime:0.000000s ]
INFO: [ view_filter ] --END-- [ RunTime:0.000000s ]
INFO: [ app_end ] --START--
INFO: Run Behavior\ShowPageTraceBehavior [ RunTime:0.001000s ]
INFO: [ app_end ] --END-- [ RunTime:0.001000s ]

[ 2017-01-16T01:03:04+08:00 ] ::1 /webdemo/index.php/Admin/Index/product
INFO: [ app_init ] --START--
INFO: Run Behavior\BuildLiteBehavior [ RunTime:0.000000s ]
INFO: [ app_init ] --END-- [ RunTime:0.001000s ]
INFO: [ app_begin ] --START--
INFO: Run Behavior\ReadHtmlCacheBehavior [ RunTime:0.000000s ]
INFO: [ app_begin ] --END-- [ RunTime:0.000000s ]
NOTIC: [2048] Declaration of Admin\Controller\IndexController::theme() should be compatible with Think\Controller::theme($theme) G:\xampp\htdocs\webdemo\Application\Admin\Controller\IndexController.class.php 第 322 行.
SQL: SHOW COLUMNS FROM `navigation` [ RunTime:0.0030s ]
SQL: SELECT * FROM `navigation` WHERE ( type='product' ) ORDER BY sort desc,id  [ RunTime:0.0000s ]
NOTIC: [8] Undefined index: category_id G:\xampp\htdocs\webdemo\Application\Admin\Controller\IndexController.class.php 第 238 行.
NOTIC: [8] Undefined index: category_id G:\xampp\htdocs\webdemo\Application\Admin\Controller\IndexController.class.php 第 238 行.
NOTIC: [8] Undefined index: category_id G:\xampp\htdocs\webdemo\Application\Admin\Controller\IndexController.class.php 第 238 行.
NOTIC: [8] Undefined index: category_id G:\xampp\htdocs\webdemo\Application\Admin\Controller\IndexController.class.php 第 238 行.
NOTIC: [8] Undefined index: category_id G:\xampp\htdocs\webdemo\Application\Admin\Controller\IndexController.class.php 第 238 行.
SQL: SHOW COLUMNS FROM `product` [ RunTime:0.0020s ]
SQL: SELECT * FROM `product`  [ RunTime:0.0000s ]
NOTIC: [8] A non well formed numeric value encountered G:\xampp\htdocs\webdemo\Application\Admin\Controller\IndexController.class.php 第 254 行.
NOTIC: [8] Undefined offset: 37 G:\xampp\htdocs\webdemo\Application\Admin\Controller\IndexController.class.php 第 252 行.
NOTIC: [8] A non well formed numeric value encountered G:\xampp\htdocs\webdemo\Application\Admin\Controller\IndexController.class.php 第 254 行.
NOTIC: [8] Undefined variable: category G:\xampp\htdocs\webdemo\Application\Admin\Controller\IndexController.class.php 第 294 行.
NOTIC: [8] Undefined index: category_id G:\xampp\htdocs\webdemo\Application\Admin\Controller\IndexController.class.php 第 295 行.
INFO: [ view_parse ] --START--
INFO: [ template_filter ] --START--
INFO: Run Behavior\ContentReplaceBehavior [ RunTime:0.000000s ]
INFO: [ template_filter ] --END-- [ RunTime:0.000000s ]
INFO: Run Behavior\ParseTemplateBehavior [ RunTime:0.006000s ]
INFO: [ view_parse ] --END-- [ RunTime:0.006000s ]
INFO: [ view_filter ] --START--
INFO: Run Behavior\WriteHtmlCacheBehavior [ RunTime:0.000000s ]
INFO: [ view_filter ] --END-- [ RunTime:0.000000s ]
INFO: [ app_end ] --START--
INFO: Run Behavior\ShowPageTraceBehavior [ RunTime:0.001000s ]
INFO: [ app_end ] --END-- [ RunTime:0.001000s ]

[ 2017-01-16T01:03:07+08:00 ] ::1 /webdemo/index.php/Admin/Index/article
INFO: [ app_init ] --START--
INFO: Run Behavior\BuildLiteBehavior [ RunTime:0.000000s ]
INFO: [ app_init ] --END-- [ RunTime:0.000000s ]
INFO: [ app_begin ] --START--
INFO: Run Behavior\ReadHtmlCacheBehavior [ RunTime:0.001000s ]
INFO: [ app_begin ] --END-- [ RunTime:0.001000s ]
NOTIC: [2048] Declaration of Admin\Controller\IndexController::theme() should be compatible with Think\Controller::theme($theme) G:\xampp\htdocs\webdemo\Application\Admin\Controller\IndexController.class.php 第 322 行.
SQL: SHOW COLUMNS FROM `navigation` [ RunTime:0.0030s ]
SQL: SELECT * FROM `navigation` WHERE ( type='article' ) ORDER BY sort desc,id  [ RunTime:0.0010s ]
NOTIC: [8] Undefined index: category_id G:\xampp\htdocs\webdemo\Application\Admin\Controller\IndexController.class.php 第 140 行.
NOTIC: [8] Undefined index: category_id G:\xampp\htdocs\webdemo\Application\Admin\Controller\IndexController.class.php 第 140 行.
NOTIC: [8] Undefined index: category_id G:\xampp\htdocs\webdemo\Application\Admin\Controller\IndexController.class.php 第 140 行.
NOTIC: [8] Undefined index: category_id G:\xampp\htdocs\webdemo\Application\Admin\Controller\IndexController.class.php 第 140 行.
NOTIC: [8] Undefined index: category_id G:\xampp\htdocs\webdemo\Application\Admin\Controller\IndexController.class.php 第 140 行.
SQL: SHOW COLUMNS FROM `article` [ RunTime:0.0020s ]
SQL: SELECT * FROM `article`  [ RunTime:0.0000s ]
NOTIC: [8] A non well formed numeric value encountered G:\xampp\htdocs\webdemo\Application\Admin\Controller\IndexController.class.php 第 156 行.
NOTIC: [8] Undefined index: pass G:\xampp\htdocs\webdemo\Application\Admin\Controller\IndexController.class.php 第 158 行.
NOTIC: [8] Undefined index: pass G:\xampp\htdocs\webdemo\Application\Admin\Controller\IndexController.class.php 第 162 行.
NOTIC: [8] Undefined index: status G:\xampp\htdocs\webdemo\Application\Admin\Controller\IndexController.class.php 第 166 行.
NOTIC: [8] Undefined variable: category G:\xampp\htdocs\webdemo\Application\Admin\Controller\IndexController.class.php 第 196 行.
NOTIC: [8] Undefined index: category_id G:\xampp\htdocs\webdemo\Application\Admin\Controller\IndexController.class.php 第 197 行.
INFO: [ view_parse ] --START--
INFO: [ template_filter ] --START--
INFO: Run Behavior\ContentReplaceBehavior [ RunTime:0.000000s ]
INFO: [ template_filter ] --END-- [ RunTime:0.000000s ]
INFO: Run Behavior\ParseTemplateBehavior [ RunTime:0.006000s ]
INFO: [ view_parse ] --END-- [ RunTime:0.006000s ]
INFO: [ view_filter ] --START--
INFO: Run Behavior\WriteHtmlCacheBehavior [ RunTime:0.000000s ]
INFO: [ view_filter ] --END-- [ RunTime:0.000000s ]
INFO: [ app_end ] --START--
INFO: Run Behavior\ShowPageTraceBehavior [ RunTime:0.001000s ]
INFO: [ app_end ] --END-- [ RunTime:0.001000s ]

[ 2017-01-16T01:04:41+08:00 ] ::1 /webdemo/index.php/Admin/Index/article
INFO: [ app_init ] --START--
INFO: Run Behavior\BuildLiteBehavior [ RunTime:0.000000s ]
INFO: [ app_init ] --END-- [ RunTime:0.000000s ]
INFO: [ app_begin ] --START--
INFO: Run Behavior\ReadHtmlCacheBehavior [ RunTime:0.001000s ]
INFO: [ app_begin ] --END-- [ RunTime:0.001000s ]
NOTIC: [2048] Declaration of Admin\Controller\IndexController::theme() should be compatible with Think\Controller::theme($theme) G:\xampp\htdocs\webdemo\Application\Admin\Controller\IndexController.class.php 第 320 行.
SQL: SHOW COLUMNS FROM `navigation` [ RunTime:0.0030s ]
SQL: SELECT * FROM `navigation` WHERE ( type='article' ) ORDER BY sort desc,id  [ RunTime:0.0000s ]
NOTIC: [8] Undefined index: category_id G:\xampp\htdocs\webdemo\Application\Admin\Controller\IndexController.class.php 第 140 行.
NOTIC: [8] Undefined index: category_id G:\xampp\htdocs\webdemo\Application\Admin\Controller\IndexController.class.php 第 140 行.
NOTIC: [8] Undefined index: category_id G:\xampp\htdocs\webdemo\Application\Admin\Controller\IndexController.class.php 第 140 行.
NOTIC: [8] Undefined index: category_id G:\xampp\htdocs\webdemo\Application\Admin\Controller\IndexController.class.php 第 140 行.
NOTIC: [8] Undefined index: category_id G:\xampp\htdocs\webdemo\Application\Admin\Controller\IndexController.class.php 第 140 行.
SQL: SHOW COLUMNS FROM `article` [ RunTime:0.0030s ]
SQL: SELECT * FROM `article`  [ RunTime:0.0000s ]
NOTIC: [8] A non well formed numeric value encountered G:\xampp\htdocs\webdemo\Application\Admin\Controller\IndexController.class.php 第 156 行.
NOTIC: [8] Undefined index: pass G:\xampp\htdocs\webdemo\Application\Admin\Controller\IndexController.class.php 第 158 行.
NOTIC: [8] Undefined index: pass G:\xampp\htdocs\webdemo\Application\Admin\Controller\IndexController.class.php 第 162 行.
NOTIC: [8] Undefined index: status G:\xampp\htdocs\webdemo\Application\Admin\Controller\IndexController.class.php 第 166 行.
NOTIC: [8] Undefined variable: category G:\xampp\htdocs\webdemo\Application\Admin\Controller\IndexController.class.php 第 194 行.
NOTIC: [8] Undefined index: category_id G:\xampp\htdocs\webdemo\Application\Admin\Controller\IndexController.class.php 第 195 行.
INFO: [ view_parse ] --START--
INFO: [ template_filter ] --START--
INFO: Run Behavior\ContentReplaceBehavior [ RunTime:0.000000s ]
INFO: [ template_filter ] --END-- [ RunTime:0.000000s ]
INFO: Run Behavior\ParseTemplateBehavior [ RunTime:0.005000s ]
INFO: [ view_parse ] --END-- [ RunTime:0.005000s ]
INFO: [ view_filter ] --START--
INFO: Run Behavior\WriteHtmlCacheBehavior [ RunTime:0.000000s ]
INFO: [ view_filter ] --END-- [ RunTime:0.000000s ]
INFO: [ app_end ] --START--
INFO: Run Behavior\ShowPageTraceBehavior [ RunTime:0.001000s ]
INFO: [ app_end ] --END-- [ RunTime:0.001000s ]

[ 2017-01-16T01:13:57+08:00 ] ::1 /webdemo/index.php/Admin/Index/article
INFO: [ app_init ] --START--
INFO: Run Behavior\BuildLiteBehavior [ RunTime:0.000000s ]
INFO: [ app_init ] --END-- [ RunTime:0.001000s ]
INFO: [ app_begin ] --START--
INFO: Run Behavior\ReadHtmlCacheBehavior [ RunTime:0.001000s ]
INFO: [ app_begin ] --END-- [ RunTime:0.001000s ]
NOTIC: [2048] Declaration of Admin\Controller\IndexController::theme() should be compatible with Think\Controller::theme($theme) G:\xampp\htdocs\webdemo\Application\Admin\Controller\IndexController.class.php 第 320 行.
SQL: SHOW COLUMNS FROM `navigation` [ RunTime:0.0030s ]
SQL: SELECT * FROM `navigation` WHERE ( type='article' ) ORDER BY sort desc,id  [ RunTime:0.0000s ]
NOTIC: [8] Undefined index: category_id G:\xampp\htdocs\webdemo\Application\Admin\Controller\IndexController.class.php 第 140 行.
NOTIC: [8] Undefined index: category_id G:\xampp\htdocs\webdemo\Application\Admin\Controller\IndexController.class.php 第 140 行.
NOTIC: [8] Undefined index: category_id G:\xampp\htdocs\webdemo\Application\Admin\Controller\IndexController.class.php 第 140 行.
NOTIC: [8] Undefined index: category_id G:\xampp\htdocs\webdemo\Application\Admin\Controller\IndexController.class.php 第 140 行.
NOTIC: [8] Undefined index: category_id G:\xampp\htdocs\webdemo\Application\Admin\Controller\IndexController.class.php 第 140 行.
SQL: SHOW COLUMNS FROM `article` [ RunTime:0.0020s ]
SQL: SELECT * FROM `article`  [ RunTime:0.0000s ]
NOTIC: [8] Undefined index: pass G:\xampp\htdocs\webdemo\Application\Admin\Controller\IndexController.class.php 第 158 行.
NOTIC: [8] Undefined index: pass G:\xampp\htdocs\webdemo\Application\Admin\Controller\IndexController.class.php 第 162 行.
NOTIC: [8] Undefined index: status G:\xampp\htdocs\webdemo\Application\Admin\Controller\IndexController.class.php 第 166 行.
NOTIC: [8] Undefined variable: category G:\xampp\htdocs\webdemo\Application\Admin\Controller\IndexController.class.php 第 194 行.
NOTIC: [8] Undefined index: category_id G:\xampp\htdocs\webdemo\Application\Admin\Controller\IndexController.class.php 第 195 行.
INFO: [ view_parse ] --START--
INFO: [ template_filter ] --START--
INFO: Run Behavior\ContentReplaceBehavior [ RunTime:0.000000s ]
INFO: [ template_filter ] --END-- [ RunTime:0.000000s ]
INFO: Run Behavior\ParseTemplateBehavior [ RunTime:0.005000s ]
INFO: [ view_parse ] --END-- [ RunTime:0.005000s ]
INFO: [ view_filter ] --START--
INFO: Run Behavior\WriteHtmlCacheBehavior [ RunTime:0.001000s ]
INFO: [ view_filter ] --END-- [ RunTime:0.001000s ]
INFO: [ app_end ] --START--
INFO: Run Behavior\ShowPageTraceBehavior [ RunTime:0.000000s ]
INFO: [ app_end ] --END-- [ RunTime:0.000000s ]

[ 2017-01-16T01:53:17+08:00 ] ::1 /webdemo/index.php/Admin/Index/article
INFO: [ app_init ] --START--
INFO: Run Behavior\BuildLiteBehavior [ RunTime:0.000000s ]
INFO: [ app_init ] --END-- [ RunTime:0.000000s ]
INFO: [ app_begin ] --START--
INFO: Run Behavior\ReadHtmlCacheBehavior [ RunTime:0.001000s ]
INFO: [ app_begin ] --END-- [ RunTime:0.001000s ]
NOTIC: [2048] Declaration of Admin\Controller\IndexController::theme() should be compatible with Think\Controller::theme($theme) G:\xampp\htdocs\webdemo\Application\Admin\Controller\IndexController.class.php 第 320 行.
SQL: SHOW COLUMNS FROM `navigation` [ RunTime:0.0030s ]
SQL: SELECT * FROM `navigation` WHERE ( type='article' ) ORDER BY sort desc,id  [ RunTime:0.0010s ]
NOTIC: [8] Undefined index: category_id G:\xampp\htdocs\webdemo\Application\Admin\Controller\IndexController.class.php 第 140 行.
NOTIC: [8] Undefined index: category_id G:\xampp\htdocs\webdemo\Application\Admin\Controller\IndexController.class.php 第 140 行.
NOTIC: [8] Undefined index: category_id G:\xampp\htdocs\webdemo\Application\Admin\Controller\IndexController.class.php 第 140 行.
NOTIC: [8] Undefined index: category_id G:\xampp\htdocs\webdemo\Application\Admin\Controller\IndexController.class.php 第 140 行.
NOTIC: [8] Undefined index: category_id G:\xampp\htdocs\webdemo\Application\Admin\Controller\IndexController.class.php 第 140 行.
SQL: SHOW COLUMNS FROM `article` [ RunTime:0.0030s ]
SQL: SELECT * FROM `article`  [ RunTime:0.0000s ]
NOTIC: [8] Undefined index: pass G:\xampp\htdocs\webdemo\Application\Admin\Controller\IndexController.class.php 第 158 行.
NOTIC: [8] Undefined index: pass G:\xampp\htdocs\webdemo\Application\Admin\Controller\IndexController.class.php 第 162 行.
NOTIC: [8] Undefined index: status G:\xampp\htdocs\webdemo\Application\Admin\Controller\IndexController.class.php 第 166 行.
NOTIC: [8] Undefined variable: category G:\xampp\htdocs\webdemo\Application\Admin\Controller\IndexController.class.php 第 194 行.
NOTIC: [8] Undefined index: category_id G:\xampp\htdocs\webdemo\Application\Admin\Controller\IndexController.class.php 第 195 行.
INFO: [ view_parse ] --START--
INFO: [ template_filter ] --START--
INFO: Run Behavior\ContentReplaceBehavior [ RunTime:0.000000s ]
INFO: [ template_filter ] --END-- [ RunTime:0.000000s ]
INFO: Run Behavior\ParseTemplateBehavior [ RunTime:0.005001s ]
INFO: [ view_parse ] --END-- [ RunTime:0.005001s ]
INFO: [ view_filter ] --START--
INFO: Run Behavior\WriteHtmlCacheBehavior [ RunTime:0.001000s ]
INFO: [ view_filter ] --END-- [ RunTime:0.001000s ]
INFO: [ app_end ] --START--
INFO: Run Behavior\ShowPageTraceBehavior [ RunTime:0.000000s ]
INFO: [ app_end ] --END-- [ RunTime:0.000000s ]

[ 2017-01-16T01:54:04+08:00 ] ::1 /webdemo/index.php/Admin/Index/product
INFO: [ app_init ] --START--
INFO: Run Behavior\BuildLiteBehavior [ RunTime:0.000000s ]
INFO: [ app_init ] --END-- [ RunTime:0.000000s ]
INFO: [ app_begin ] --START--
INFO: Run Behavior\ReadHtmlCacheBehavior [ RunTime:0.001000s ]
INFO: [ app_begin ] --END-- [ RunTime:0.001000s ]
NOTIC: [2048] Declaration of Admin\Controller\IndexController::theme() should be compatible with Think\Controller::theme($theme) G:\xampp\htdocs\webdemo\Application\Admin\Controller\IndexController.class.php 第 320 行.
SQL: SHOW COLUMNS FROM `navigation` [ RunTime:0.0030s ]
SQL: SELECT * FROM `navigation` WHERE ( type='product' ) ORDER BY sort desc,id  [ RunTime:0.0000s ]
NOTIC: [8] Undefined index: category_id G:\xampp\htdocs\webdemo\Application\Admin\Controller\IndexController.class.php 第 236 行.
NOTIC: [8] Undefined index: category_id G:\xampp\htdocs\webdemo\Application\Admin\Controller\IndexController.class.php 第 236 行.
NOTIC: [8] Undefined index: category_id G:\xampp\htdocs\webdemo\Application\Admin\Controller\IndexController.class.php 第 236 行.
NOTIC: [8] Undefined index: category_id G:\xampp\htdocs\webdemo\Application\Admin\Controller\IndexController.class.php 第 236 行.
NOTIC: [8] Undefined index: category_id G:\xampp\htdocs\webdemo\Application\Admin\Controller\IndexController.class.php 第 236 行.
SQL: SHOW COLUMNS FROM `product` [ RunTime:0.0020s ]
SQL: SELECT * FROM `product`  [ RunTime:0.0010s ]
NOTIC: [8] Undefined offset: 37 G:\xampp\htdocs\webdemo\Application\Admin\Controller\IndexController.class.php 第 250 行.
NOTIC: [8] Undefined variable: category G:\xampp\htdocs\webdemo\Application\Admin\Controller\IndexController.class.php 第 292 行.
NOTIC: [8] Undefined index: category_id G:\xampp\htdocs\webdemo\Application\Admin\Controller\IndexController.class.php 第 293 行.
INFO: [ view_parse ] --START--
INFO: [ template_filter ] --START--
INFO: Run Behavior\ContentReplaceBehavior [ RunTime:0.000000s ]
INFO: [ template_filter ] --END-- [ RunTime:0.000000s ]
INFO: Run Behavior\ParseTemplateBehavior [ RunTime:0.006001s ]
INFO: [ view_parse ] --END-- [ RunTime:0.006001s ]
INFO: [ view_filter ] --START--
INFO: Run Behavior\WriteHtmlCacheBehavior [ RunTime:0.000000s ]
INFO: [ view_filter ] --END-- [ RunTime:0.000000s ]
INFO: [ app_end ] --START--
INFO: Run Behavior\ShowPageTraceBehavior [ RunTime:0.001000s ]
INFO: [ app_end ] --END-- [ RunTime:0.001000s ]

[ 2017-01-16T01:54:14+08:00 ] ::1 /webdemo/index.php/Admin/Index/nav
INFO: [ app_init ] --START--
INFO: Run Behavior\BuildLiteBehavior [ RunTime:0.000000s ]
INFO: [ app_init ] --END-- [ RunTime:0.000000s ]
INFO: [ app_begin ] --START--
INFO: Run Behavior\ReadHtmlCacheBehavior [ RunTime:0.001000s ]
INFO: [ app_begin ] --END-- [ RunTime:0.001000s ]
NOTIC: [2048] Declaration of Admin\Controller\IndexController::theme() should be compatible with Think\Controller::theme($theme) G:\xampp\htdocs\webdemo\Application\Admin\Controller\IndexController.class.php 第 320 行.
SQL: SHOW COLUMNS FROM `navigation` [ RunTime:0.0020s ]
SQL: SELECT * FROM `navigation` WHERE ( level=1 ) ORDER BY sort desc,id  [ RunTime:0.0010s ]
SQL: SELECT * FROM `navigation` WHERE ( level=2 ) ORDER BY sort desc,id  [ RunTime:0.0000s ]
SQL: SELECT * FROM `navigation` WHERE ( level=3 ) ORDER BY sort desc,id  [ RunTime:0.0010s ]
NOTIC: [8] Undefined variable: infoName G:\xampp\htdocs\webdemo\Application\Admin\Controller\IndexController.class.php 第 101 行.
NOTIC: [8] Undefined variable: infoName G:\xampp\htdocs\webdemo\Application\Admin\Controller\IndexController.class.php 第 101 行.
NOTIC: [8] Undefined variable: infoName G:\xampp\htdocs\webdemo\Application\Admin\Controller\IndexController.class.php 第 101 行.
INFO: [ view_parse ] --START--
INFO: [ template_filter ] --START--
INFO: Run Behavior\ContentReplaceBehavior [ RunTime:0.000000s ]
INFO: [ template_filter ] --END-- [ RunTime:0.000000s ]
INFO: Run Behavior\ParseTemplateBehavior [ RunTime:0.006001s ]
INFO: [ view_parse ] --END-- [ RunTime:0.006001s ]
INFO: [ view_filter ] --START--
INFO: Run Behavior\WriteHtmlCacheBehavior [ RunTime:0.000000s ]
INFO: [ view_filter ] --END-- [ RunTime:0.000000s ]
INFO: [ app_end ] --START--
INFO: Run Behavior\ShowPageTraceBehavior [ RunTime:0.001000s ]
INFO: [ app_end ] --END-- [ RunTime:0.001000s ]

[ 2017-01-16T01:54:18+08:00 ] ::1 /webdemo/index.php/Admin/Index/nav
INFO: [ app_init ] --START--
INFO: Run Behavior\BuildLiteBehavior [ RunTime:0.000000s ]
INFO: [ app_init ] --END-- [ RunTime:0.000000s ]
INFO: [ app_begin ] --START--
INFO: Run Behavior\ReadHtmlCacheBehavior [ RunTime:0.000000s ]
INFO: [ app_begin ] --END-- [ RunTime:0.000000s ]
NOTIC: [2048] Declaration of Admin\Controller\IndexController::theme() should be compatible with Think\Controller::theme($theme) G:\xampp\htdocs\webdemo\Application\Admin\Controller\IndexController.class.php 第 320 行.
SQL: SHOW COLUMNS FROM `navigation` [ RunTime:0.0020s ]
SQL: SELECT * FROM `navigation` WHERE ( level=1 ) ORDER BY sort desc,id  [ RunTime:0.0000s ]
SQL: SELECT * FROM `navigation` WHERE ( level=2 ) ORDER BY sort desc,id  [ RunTime:0.0000s ]
SQL: SELECT * FROM `navigation` WHERE ( level=3 ) ORDER BY sort desc,id  [ RunTime:0.0010s ]
NOTIC: [8] Undefined variable: infoName G:\xampp\htdocs\webdemo\Application\Admin\Controller\IndexController.class.php 第 101 行.
NOTIC: [8] Undefined variable: infoName G:\xampp\htdocs\webdemo\Application\Admin\Controller\IndexController.class.php 第 101 行.
NOTIC: [8] Undefined variable: infoName G:\xampp\htdocs\webdemo\Application\Admin\Controller\IndexController.class.php 第 101 行.
INFO: [ view_parse ] --START--
INFO: [ template_filter ] --START--
INFO: Run Behavior\ContentReplaceBehavior [ RunTime:0.000000s ]
INFO: [ template_filter ] --END-- [ RunTime:0.001000s ]
INFO: Run Behavior\ParseTemplateBehavior [ RunTime:0.006000s ]
INFO: [ view_parse ] --END-- [ RunTime:0.006000s ]
INFO: [ view_filter ] --START--
INFO: Run Behavior\WriteHtmlCacheBehavior [ RunTime:0.000000s ]
INFO: [ view_filter ] --END-- [ RunTime:0.000000s ]
INFO: [ app_end ] --START--
INFO: Run Behavior\ShowPageTraceBehavior [ RunTime:0.001000s ]
INFO: [ app_end ] --END-- [ RunTime:0.001000s ]

[ 2017-01-16T01:54:19+08:00 ] ::1 /webdemo/index.php/Admin/Index/nav
INFO: [ app_init ] --START--
INFO: Run Behavior\BuildLiteBehavior [ RunTime:0.000000s ]
INFO: [ app_init ] --END-- [ RunTime:0.000000s ]
INFO: [ app_begin ] --START--
INFO: Run Behavior\ReadHtmlCacheBehavior [ RunTime:0.000000s ]
INFO: [ app_begin ] --END-- [ RunTime:0.000000s ]
NOTIC: [2048] Declaration of Admin\Controller\IndexController::theme() should be compatible with Think\Controller::theme($theme) G:\xampp\htdocs\webdemo\Application\Admin\Controller\IndexController.class.php 第 320 行.
SQL: SHOW COLUMNS FROM `navigation` [ RunTime:0.0020s ]
SQL: SELECT * FROM `navigation` WHERE ( level=1 ) ORDER BY sort desc,id  [ RunTime:0.0000s ]
SQL: SELECT * FROM `navigation` WHERE ( level=2 ) ORDER BY sort desc,id  [ RunTime:0.0000s ]
SQL: SELECT * FROM `navigation` WHERE ( level=3 ) ORDER BY sort desc,id  [ RunTime:0.0010s ]
NOTIC: [8] Undefined variable: infoName G:\xampp\htdocs\webdemo\Application\Admin\Controller\IndexController.class.php 第 101 行.
NOTIC: [8] Undefined variable: infoName G:\xampp\htdocs\webdemo\Application\Admin\Controller\IndexController.class.php 第 101 行.
NOTIC: [8] Undefined variable: infoName G:\xampp\htdocs\webdemo\Application\Admin\Controller\IndexController.class.php 第 101 行.
INFO: [ view_parse ] --START--
INFO: [ template_filter ] --START--
INFO: Run Behavior\ContentReplaceBehavior [ RunTime:0.001000s ]
INFO: [ template_filter ] --END-- [ RunTime:0.001000s ]
INFO: Run Behavior\ParseTemplateBehavior [ RunTime:0.006000s ]
INFO: [ view_parse ] --END-- [ RunTime:0.006000s ]
INFO: [ view_filter ] --START--
INFO: Run Behavior\WriteHtmlCacheBehavior [ RunTime:0.000000s ]
INFO: [ view_filter ] --END-- [ RunTime:0.000000s ]
INFO: [ app_end ] --START--
INFO: Run Behavior\ShowPageTraceBehavior [ RunTime:0.001000s ]
INFO: [ app_end ] --END-- [ RunTime:0.001000s ]

[ 2017-01-16T01:54:21+08:00 ] ::1 /webdemo/index.php/Admin/Index/nav
INFO: [ app_init ] --START--
INFO: Run Behavior\BuildLiteBehavior [ RunTime:0.000000s ]
INFO: [ app_init ] --END-- [ RunTime:0.000000s ]
INFO: [ app_begin ] --START--
INFO: Run Behavior\ReadHtmlCacheBehavior [ RunTime:0.000000s ]
INFO: [ app_begin ] --END-- [ RunTime:0.000000s ]
NOTIC: [2048] Declaration of Admin\Controller\IndexController::theme() should be compatible with Think\Controller::theme($theme) G:\xampp\htdocs\webdemo\Application\Admin\Controller\IndexController.class.php 第 320 行.
SQL: SHOW COLUMNS FROM `navigation` [ RunTime:0.0030s ]
SQL: SELECT * FROM `navigation` WHERE ( level=1 ) ORDER BY sort desc,id  [ RunTime:0.0000s ]
SQL: SELECT * FROM `navigation` WHERE ( level=2 ) ORDER BY sort desc,id  [ RunTime:0.0010s ]
SQL: SELECT * FROM `navigation` WHERE ( level=3 ) ORDER BY sort desc,id  [ RunTime:0.0000s ]
NOTIC: [8] Undefined variable: infoName G:\xampp\htdocs\webdemo\Application\Admin\Controller\IndexController.class.php 第 101 行.
NOTIC: [8] Undefined variable: infoName G:\xampp\htdocs\webdemo\Application\Admin\Controller\IndexController.class.php 第 101 行.
NOTIC: [8] Undefined variable: infoName G:\xampp\htdocs\webdemo\Application\Admin\Controller\IndexController.class.php 第 101 行.
INFO: [ view_parse ] --START--
INFO: [ template_filter ] --START--
INFO: Run Behavior\ContentReplaceBehavior [ RunTime:0.000000s ]
INFO: [ template_filter ] --END-- [ RunTime:0.000000s ]
INFO: Run Behavior\ParseTemplateBehavior [ RunTime:0.006000s ]
INFO: [ view_parse ] --END-- [ RunTime:0.006000s ]
INFO: [ view_filter ] --START--
INFO: Run Behavior\WriteHtmlCacheBehavior [ RunTime:0.001000s ]
INFO: [ view_filter ] --END-- [ RunTime:0.001000s ]
INFO: [ app_end ] --START--
INFO: Run Behavior\ShowPageTraceBehavior [ RunTime:0.000000s ]
INFO: [ app_end ] --END-- [ RunTime:0.000000s ]

[ 2017-01-16T01:54:23+08:00 ] ::1 /webdemo/index.php/Admin/Index/nav
INFO: [ app_init ] --START--
INFO: Run Behavior\BuildLiteBehavior [ RunTime:0.000000s ]
INFO: [ app_init ] --END-- [ RunTime:0.000000s ]
INFO: [ app_begin ] --START--
INFO: Run Behavior\ReadHtmlCacheBehavior [ RunTime:0.000000s ]
INFO: [ app_begin ] --END-- [ RunTime:0.000000s ]
NOTIC: [2048] Declaration of Admin\Controller\IndexController::theme() should be compatible with Think\Controller::theme($theme) G:\xampp\htdocs\webdemo\Application\Admin\Controller\IndexController.class.php 第 320 行.
SQL: SHOW COLUMNS FROM `navigation` [ RunTime:0.0030s ]
SQL: SELECT * FROM `navigation` WHERE ( level=1 ) ORDER BY sort desc,id  [ RunTime:0.0000s ]
SQL: SELECT * FROM `navigation` WHERE ( level=2 ) ORDER BY sort desc,id  [ RunTime:0.0000s ]
SQL: SELECT * FROM `navigation` WHERE ( level=3 ) ORDER BY sort desc,id  [ RunTime:0.0000s ]
NOTIC: [8] Undefined variable: infoName G:\xampp\htdocs\webdemo\Application\Admin\Controller\IndexController.class.php 第 101 行.
NOTIC: [8] Undefined variable: infoName G:\xampp\htdocs\webdemo\Application\Admin\Controller\IndexController.class.php 第 101 行.
NOTIC: [8] Undefined variable: infoName G:\xampp\htdocs\webdemo\Application\Admin\Controller\IndexController.class.php 第 101 行.
INFO: [ view_parse ] --START--
INFO: [ template_filter ] --START--
INFO: Run Behavior\ContentReplaceBehavior [ RunTime:0.000000s ]
INFO: [ template_filter ] --END-- [ RunTime:0.000000s ]
INFO: Run Behavior\ParseTemplateBehavior [ RunTime:0.006000s ]
INFO: [ view_parse ] --END-- [ RunTime:0.006000s ]
INFO: [ view_filter ] --START--
INFO: Run Behavior\WriteHtmlCacheBehavior [ RunTime:0.001000s ]
INFO: [ view_filter ] --END-- [ RunTime:0.001000s ]
INFO: [ app_end ] --START--
INFO: Run Behavior\ShowPageTraceBehavior [ RunTime:0.000000s ]
INFO: [ app_end ] --END-- [ RunTime:0.000000s ]

[ 2017-01-16T01:54:38+08:00 ] ::1 /webdemo/index.php/Admin/Index/nav
INFO: [ app_init ] --START--
INFO: Run Behavior\BuildLiteBehavior [ RunTime:0.000000s ]
INFO: [ app_init ] --END-- [ RunTime:0.000000s ]
INFO: [ app_begin ] --START--
INFO: Run Behavior\ReadHtmlCacheBehavior [ RunTime:0.000000s ]
INFO: [ app_begin ] --END-- [ RunTime:0.000000s ]
NOTIC: [2048] Declaration of Admin\Controller\IndexController::theme() should be compatible with Think\Controller::theme($theme) G:\xampp\htdocs\webdemo\Application\Admin\Controller\IndexController.class.php 第 320 行.
SQL: SHOW COLUMNS FROM `navigation` [ RunTime:0.0030s ]
SQL: SELECT * FROM `navigation` WHERE ( level=1 ) ORDER BY sort desc,id  [ RunTime:0.0000s ]
SQL: SELECT * FROM `navigation` WHERE ( level=2 ) ORDER BY sort desc,id  [ RunTime:0.0000s ]
SQL: SELECT * FROM `navigation` WHERE ( level=3 ) ORDER BY sort desc,id  [ RunTime:0.0000s ]
NOTIC: [8] Undefined variable: infoName G:\xampp\htdocs\webdemo\Application\Admin\Controller\IndexController.class.php 第 101 行.
NOTIC: [8] Undefined variable: infoName G:\xampp\htdocs\webdemo\Application\Admin\Controller\IndexController.class.php 第 101 行.
NOTIC: [8] Undefined variable: infoName G:\xampp\htdocs\webdemo\Application\Admin\Controller\IndexController.class.php 第 101 行.
INFO: [ view_parse ] --START--
INFO: [ template_filter ] --START--
INFO: Run Behavior\ContentReplaceBehavior [ RunTime:0.000000s ]
INFO: [ template_filter ] --END-- [ RunTime:0.000000s ]
INFO: Run Behavior\ParseTemplateBehavior [ RunTime:0.006000s ]
INFO: [ view_parse ] --END-- [ RunTime:0.006000s ]
INFO: [ view_filter ] --START--
INFO: Run Behavior\WriteHtmlCacheBehavior [ RunTime:0.001000s ]
INFO: [ view_filter ] --END-- [ RunTime:0.001000s ]
INFO: [ app_end ] --START--
INFO: Run Behavior\ShowPageTraceBehavior [ RunTime:0.000000s ]
INFO: [ app_end ] --END-- [ RunTime:0.000000s ]

