[ 2017-01-18T01:01:48+08:00 ] ::1 /webdemo/index.php/Admin/Index/article
INFO: [ app_init ] --START--
INFO: Run Behavior\BuildLiteBehavior [ RunTime:0.000000s ]
INFO: [ app_init ] --END-- [ RunTime:0.000000s ]
INFO: [ app_begin ] --START--
INFO: Run Behavior\ReadHtmlCacheBehavior [ RunTime:0.001000s ]
INFO: [ app_begin ] --END-- [ RunTime:0.001000s ]
NOTIC: [2048] Declaration of Admin\Controller\IndexController::theme() should be compatible with Think\Controller::theme($theme) G:\xampp\htdocs\webdemo\Application\Admin\Controller\IndexController.class.php 第 320 行.
SQL: SHOW COLUMNS FROM `navigation` [ RunTime:0.0020s ]
SQL: SELECT * FROM `navigation` WHERE ( type='article' ) ORDER BY sort desc,id  [ RunTime:0.0000s ]
NOTIC: [8] Undefined index: category_id G:\xampp\htdocs\webdemo\Application\Admin\Controller\IndexController.class.php 第 140 行.
NOTIC: [8] Undefined index: category_id G:\xampp\htdocs\webdemo\Application\Admin\Controller\IndexController.class.php 第 140 行.
NOTIC: [8] Undefined index: category_id G:\xampp\htdocs\webdemo\Application\Admin\Controller\IndexController.class.php 第 140 行.
NOTIC: [8] Undefined index: category_id G:\xampp\htdocs\webdemo\Application\Admin\Controller\IndexController.class.php 第 140 行.
NOTIC: [8] Undefined index: category_id G:\xampp\htdocs\webdemo\Application\Admin\Controller\IndexController.class.php 第 140 行.
SQL: SHOW COLUMNS FROM `article` [ RunTime:0.0030s ]
SQL: SELECT * FROM `article`  [ RunTime:0.0000s ]
NOTIC: [8] Undefined index: pass G:\xampp\htdocs\webdemo\Application\Admin\Controller\IndexController.class.php 第 158 行.
NOTIC: [8] Undefined index: pass G:\xampp\htdocs\webdemo\Application\Admin\Controller\IndexController.class.php 第 162 行.
NOTIC: [8] Undefined index: status G:\xampp\htdocs\webdemo\Application\Admin\Controller\IndexController.class.php 第 166 行.
NOTIC: [8] Undefined variable: category G:\xampp\htdocs\webdemo\Application\Admin\Controller\IndexController.class.php 第 194 行.
NOTIC: [8] Undefined index: category_id G:\xampp\htdocs\webdemo\Application\Admin\Controller\IndexController.class.php 第 195 行.
INFO: [ view_parse ] --START--
INFO: [ template_filter ] --START--
INFO: Run Behavior\ContentReplaceBehavior [ RunTime:0.000000s ]
INFO: [ template_filter ] --END-- [ RunTime:0.000000s ]
INFO: Run Behavior\ParseTemplateBehavior [ RunTime:0.005000s ]
INFO: [ view_parse ] --END-- [ RunTime:0.005000s ]
INFO: [ view_filter ] --START--
INFO: Run Behavior\WriteHtmlCacheBehavior [ RunTime:0.000000s ]
INFO: [ view_filter ] --END-- [ RunTime:0.000000s ]
INFO: [ app_end ] --START--
INFO: Run Behavior\ShowPageTraceBehavior [ RunTime:0.000000s ]
INFO: [ app_end ] --END-- [ RunTime:0.000000s ]

[ 2017-01-18T01:01:50+08:00 ] ::1 /webdemo/index.php/Admin/Config/nav.html?action=connect&id=16&articleId=1
INFO: [ app_init ] --START--
INFO: Run Behavior\BuildLiteBehavior [ RunTime:0.001000s ]
INFO: [ app_init ] --END-- [ RunTime:0.001000s ]
INFO: [ app_begin ] --START--
INFO: Run Behavior\ReadHtmlCacheBehavior [ RunTime:0.000000s ]
INFO: [ app_begin ] --END-- [ RunTime:0.000000s ]
SQL: SHOW COLUMNS FROM `navigation` [ RunTime:0.0030s ]
SQL: SELECT `type` FROM `navigation` WHERE ( id=16 ) LIMIT 1   [ RunTime:0.0000s ]
SQL: SELECT * FROM `navigation` WHERE ( type='article' ) ORDER BY sort desc,id  [ RunTime:0.0010s ]
SQL: SHOW COLUMNS FROM `article` [ RunTime:0.0020s ]
SQL: SELECT * FROM `article` WHERE ( id=1 ) LIMIT 1   [ RunTime:0.0000s ]
INFO: [ view_parse ] --START--
INFO: [ template_filter ] --START--
INFO: Run Behavior\ContentReplaceBehavior [ RunTime:0.000000s ]
INFO: [ template_filter ] --END-- [ RunTime:0.001000s ]
NOTIC: [8] Undefined variable: urlProduct G:\xampp\htdocs\webdemo\Application\Runtime\Cache\Admin\b4cd3d46106fb57b2687ea6a2ed31744.php 第 55 行.
NOTIC: [8] Undefined variable: 4 G:\xampp\htdocs\webdemo\Application\Runtime\Cache\Admin\b4cd3d46106fb57b2687ea6a2ed31744.php 第 115 行.
INFO: Run Behavior\ParseTemplateBehavior [ RunTime:0.007000s ]
INFO: [ view_parse ] --END-- [ RunTime:0.007000s ]
INFO: [ view_filter ] --START--
INFO: Run Behavior\WriteHtmlCacheBehavior [ RunTime:0.000000s ]
INFO: [ view_filter ] --END-- [ RunTime:0.000000s ]
INFO: [ app_end ] --START--
INFO: Run Behavior\ShowPageTraceBehavior [ RunTime:0.001001s ]
INFO: [ app_end ] --END-- [ RunTime:0.001001s ]

[ 2017-01-18T01:02:02+08:00 ] ::1 /webdemo/index.php/Admin/Index/product
INFO: [ app_init ] --START--
INFO: Run Behavior\BuildLiteBehavior [ RunTime:0.000000s ]
INFO: [ app_init ] --END-- [ RunTime:0.000000s ]
INFO: [ app_begin ] --START--
INFO: Run Behavior\ReadHtmlCacheBehavior [ RunTime:0.001000s ]
INFO: [ app_begin ] --END-- [ RunTime:0.001000s ]
NOTIC: [2048] Declaration of Admin\Controller\IndexController::theme() should be compatible with Think\Controller::theme($theme) G:\xampp\htdocs\webdemo\Application\Admin\Controller\IndexController.class.php 第 320 行.
SQL: SHOW COLUMNS FROM `navigation` [ RunTime:0.0020s ]
SQL: SELECT * FROM `navigation` WHERE ( type='product' ) ORDER BY sort desc,id  [ RunTime:0.0000s ]
NOTIC: [8] Undefined index: category_id G:\xampp\htdocs\webdemo\Application\Admin\Controller\IndexController.class.php 第 236 行.
NOTIC: [8] Undefined index: category_id G:\xampp\htdocs\webdemo\Application\Admin\Controller\IndexController.class.php 第 236 行.
NOTIC: [8] Undefined index: category_id G:\xampp\htdocs\webdemo\Application\Admin\Controller\IndexController.class.php 第 236 行.
NOTIC: [8] Undefined index: category_id G:\xampp\htdocs\webdemo\Application\Admin\Controller\IndexController.class.php 第 236 行.
NOTIC: [8] Undefined index: category_id G:\xampp\htdocs\webdemo\Application\Admin\Controller\IndexController.class.php 第 236 行.
SQL: SHOW COLUMNS FROM `product` [ RunTime:0.0060s ]
SQL: SELECT * FROM `product`  [ RunTime:0.0000s ]
NOTIC: [8] Undefined offset: 37 G:\xampp\htdocs\webdemo\Application\Admin\Controller\IndexController.class.php 第 250 行.
NOTIC: [8] Undefined variable: category G:\xampp\htdocs\webdemo\Application\Admin\Controller\IndexController.class.php 第 292 行.
NOTIC: [8] Undefined index: category_id G:\xampp\htdocs\webdemo\Application\Admin\Controller\IndexController.class.php 第 293 行.
INFO: [ view_parse ] --START--
INFO: [ template_filter ] --START--
INFO: Run Behavior\ContentReplaceBehavior [ RunTime:0.000000s ]
INFO: [ template_filter ] --END-- [ RunTime:0.000000s ]
INFO: Run Behavior\ParseTemplateBehavior [ RunTime:0.005000s ]
INFO: [ view_parse ] --END-- [ RunTime:0.005000s ]
INFO: [ view_filter ] --START--
INFO: Run Behavior\WriteHtmlCacheBehavior [ RunTime:0.001000s ]
INFO: [ view_filter ] --END-- [ RunTime:0.001000s ]
INFO: [ app_end ] --START--
INFO: Run Behavior\ShowPageTraceBehavior [ RunTime:0.000000s ]
INFO: [ app_end ] --END-- [ RunTime:0.000000s ]

[ 2017-01-18T01:02:04+08:00 ] ::1 /webdemo/index.php/Admin/Index/article
INFO: [ app_init ] --START--
INFO: Run Behavior\BuildLiteBehavior [ RunTime:0.000000s ]
INFO: [ app_init ] --END-- [ RunTime:0.000000s ]
INFO: [ app_begin ] --START--
INFO: Run Behavior\ReadHtmlCacheBehavior [ RunTime:0.000000s ]
INFO: [ app_begin ] --END-- [ RunTime:0.000000s ]
NOTIC: [2048] Declaration of Admin\Controller\IndexController::theme() should be compatible with Think\Controller::theme($theme) G:\xampp\htdocs\webdemo\Application\Admin\Controller\IndexController.class.php 第 320 行.
SQL: SHOW COLUMNS FROM `navigation` [ RunTime:0.0030s ]
SQL: SELECT * FROM `navigation` WHERE ( type='article' ) ORDER BY sort desc,id  [ RunTime:0.0010s ]
NOTIC: [8] Undefined index: category_id G:\xampp\htdocs\webdemo\Application\Admin\Controller\IndexController.class.php 第 140 行.
NOTIC: [8] Undefined index: category_id G:\xampp\htdocs\webdemo\Application\Admin\Controller\IndexController.class.php 第 140 行.
NOTIC: [8] Undefined index: category_id G:\xampp\htdocs\webdemo\Application\Admin\Controller\IndexController.class.php 第 140 行.
NOTIC: [8] Undefined index: category_id G:\xampp\htdocs\webdemo\Application\Admin\Controller\IndexController.class.php 第 140 行.
NOTIC: [8] Undefined index: category_id G:\xampp\htdocs\webdemo\Application\Admin\Controller\IndexController.class.php 第 140 行.
SQL: SHOW COLUMNS FROM `article` [ RunTime:0.0020s ]
SQL: SELECT * FROM `article`  [ RunTime:0.0010s ]
NOTIC: [8] Undefined index: pass G:\xampp\htdocs\webdemo\Application\Admin\Controller\IndexController.class.php 第 158 行.
NOTIC: [8] Undefined index: pass G:\xampp\htdocs\webdemo\Application\Admin\Controller\IndexController.class.php 第 162 行.
NOTIC: [8] Undefined index: status G:\xampp\htdocs\webdemo\Application\Admin\Controller\IndexController.class.php 第 166 行.
NOTIC: [8] Undefined variable: category G:\xampp\htdocs\webdemo\Application\Admin\Controller\IndexController.class.php 第 194 行.
NOTIC: [8] Undefined index: category_id G:\xampp\htdocs\webdemo\Application\Admin\Controller\IndexController.class.php 第 195 行.
INFO: [ view_parse ] --START--
INFO: [ template_filter ] --START--
INFO: Run Behavior\ContentReplaceBehavior [ RunTime:0.000000s ]
INFO: [ template_filter ] --END-- [ RunTime:0.000000s ]
INFO: Run Behavior\ParseTemplateBehavior [ RunTime:0.005001s ]
INFO: [ view_parse ] --END-- [ RunTime:0.005001s ]
INFO: [ view_filter ] --START--
INFO: Run Behavior\WriteHtmlCacheBehavior [ RunTime:0.001000s ]
INFO: [ view_filter ] --END-- [ RunTime:0.001000s ]
INFO: [ app_end ] --START--
INFO: Run Behavior\ShowPageTraceBehavior [ RunTime:0.000000s ]
INFO: [ app_end ] --END-- [ RunTime:0.000000s ]

[ 2017-01-18T01:02:15+08:00 ] ::1 /webdemo/index.php/Admin/Config/articleListEdit.html
INFO: [ app_init ] --START--
INFO: Run Behavior\BuildLiteBehavior [ RunTime:0.000000s ]
INFO: [ app_init ] --END-- [ RunTime:0.001000s ]
INFO: [ app_begin ] --START--
INFO: Run Behavior\ReadHtmlCacheBehavior [ RunTime:0.001000s ]
INFO: [ app_begin ] --END-- [ RunTime:0.001000s ]
ERR: 非法操作:articleListEdit

[ 2017-01-18T01:02:31+08:00 ] ::1 /webdemo/index.php/Admin/Index/product
INFO: [ app_init ] --START--
INFO: Run Behavior\BuildLiteBehavior [ RunTime:0.000000s ]
INFO: [ app_init ] --END-- [ RunTime:0.001000s ]
INFO: [ app_begin ] --START--
INFO: Run Behavior\ReadHtmlCacheBehavior [ RunTime:0.001000s ]
INFO: [ app_begin ] --END-- [ RunTime:0.001000s ]
NOTIC: [2048] Declaration of Admin\Controller\IndexController::theme() should be compatible with Think\Controller::theme($theme) G:\xampp\htdocs\webdemo\Application\Admin\Controller\IndexController.class.php 第 320 行.
SQL: SHOW COLUMNS FROM `navigation` [ RunTime:0.0030s ]
SQL: SELECT * FROM `navigation` WHERE ( type='product' ) ORDER BY sort desc,id  [ RunTime:0.0000s ]
NOTIC: [8] Undefined index: category_id G:\xampp\htdocs\webdemo\Application\Admin\Controller\IndexController.class.php 第 236 行.
NOTIC: [8] Undefined index: category_id G:\xampp\htdocs\webdemo\Application\Admin\Controller\IndexController.class.php 第 236 行.
NOTIC: [8] Undefined index: category_id G:\xampp\htdocs\webdemo\Application\Admin\Controller\IndexController.class.php 第 236 行.
NOTIC: [8] Undefined index: category_id G:\xampp\htdocs\webdemo\Application\Admin\Controller\IndexController.class.php 第 236 行.
NOTIC: [8] Undefined index: category_id G:\xampp\htdocs\webdemo\Application\Admin\Controller\IndexController.class.php 第 236 行.
SQL: SHOW COLUMNS FROM `product` [ RunTime:0.0030s ]
SQL: SELECT * FROM `product`  [ RunTime:0.0000s ]
NOTIC: [8] Undefined offset: 37 G:\xampp\htdocs\webdemo\Application\Admin\Controller\IndexController.class.php 第 250 行.
NOTIC: [8] Undefined variable: category G:\xampp\htdocs\webdemo\Application\Admin\Controller\IndexController.class.php 第 292 行.
NOTIC: [8] Undefined index: category_id G:\xampp\htdocs\webdemo\Application\Admin\Controller\IndexController.class.php 第 293 行.
INFO: [ view_parse ] --START--
INFO: [ template_filter ] --START--
INFO: Run Behavior\ContentReplaceBehavior [ RunTime:0.000000s ]
INFO: [ template_filter ] --END-- [ RunTime:0.000000s ]
INFO: Run Behavior\ParseTemplateBehavior [ RunTime:0.005000s ]
INFO: [ view_parse ] --END-- [ RunTime:0.005000s ]
INFO: [ view_filter ] --START--
INFO: Run Behavior\WriteHtmlCacheBehavior [ RunTime:0.000000s ]
INFO: [ view_filter ] --END-- [ RunTime:0.000000s ]
INFO: [ app_end ] --START--
INFO: Run Behavior\ShowPageTraceBehavior [ RunTime:0.001000s ]
INFO: [ app_end ] --END-- [ RunTime:0.001000s ]

[ 2017-01-18T01:02:47+08:00 ] ::1 /webdemo/index.php/Admin/Index/product
INFO: [ app_init ] --START--
INFO: Run Behavior\BuildLiteBehavior [ RunTime:0.000000s ]
INFO: [ app_init ] --END-- [ RunTime:0.015600s ]
INFO: [ app_begin ] --START--
INFO: Run Behavior\ReadHtmlCacheBehavior [ RunTime:0.000000s ]
INFO: [ app_begin ] --END-- [ RunTime:0.000000s ]
NOTIC: [2048] Declaration of Admin\Controller\IndexController::theme() should be compatible with Think\Controller::theme($theme) G:\xampp\htdocs\webdemo\Application\Admin\Controller\IndexController.class.php 第 320 行.
SQL: SHOW COLUMNS FROM `navigation` [ RunTime:0.0030s ]
SQL: SELECT * FROM `navigation` WHERE ( type='product' ) ORDER BY sort desc,id  [ RunTime:0.0010s ]
NOTIC: [8] Undefined index: category_id G:\xampp\htdocs\webdemo\Application\Admin\Controller\IndexController.class.php 第 236 行.
NOTIC: [8] Undefined index: category_id G:\xampp\htdocs\webdemo\Application\Admin\Controller\IndexController.class.php 第 236 行.
NOTIC: [8] Undefined index: category_id G:\xampp\htdocs\webdemo\Application\Admin\Controller\IndexController.class.php 第 236 行.
NOTIC: [8] Undefined index: category_id G:\xampp\htdocs\webdemo\Application\Admin\Controller\IndexController.class.php 第 236 行.
NOTIC: [8] Undefined index: category_id G:\xampp\htdocs\webdemo\Application\Admin\Controller\IndexController.class.php 第 236 行.
SQL: SHOW COLUMNS FROM `product` [ RunTime:0.0030s ]
SQL: SELECT * FROM `product`  [ RunTime:0.0000s ]
NOTIC: [8] Undefined offset: 37 G:\xampp\htdocs\webdemo\Application\Admin\Controller\IndexController.class.php 第 250 行.
NOTIC: [8] Undefined variable: category G:\xampp\htdocs\webdemo\Application\Admin\Controller\IndexController.class.php 第 292 行.
NOTIC: [8] Undefined index: category_id G:\xampp\htdocs\webdemo\Application\Admin\Controller\IndexController.class.php 第 293 行.
INFO: [ view_parse ] --START--
INFO: [ template_filter ] --START--
INFO: Run Behavior\ContentReplaceBehavior [ RunTime:0.000000s ]
INFO: [ template_filter ] --END-- [ RunTime:0.000000s ]
INFO: Run Behavior\ParseTemplateBehavior [ RunTime:0.004000s ]
INFO: [ view_parse ] --END-- [ RunTime:0.004000s ]
INFO: [ view_filter ] --START--
INFO: Run Behavior\WriteHtmlCacheBehavior [ RunTime:0.001000s ]
INFO: [ view_filter ] --END-- [ RunTime:0.001000s ]
INFO: [ app_end ] --START--
INFO: Run Behavior\ShowPageTraceBehavior [ RunTime:0.001000s ]
INFO: [ app_end ] --END-- [ RunTime:0.001000s ]

[ 2017-01-18T01:02:51+08:00 ] ::1 /webdemo/index.php/Admin/Config/ProductListEdit.html
INFO: [ app_init ] --START--
INFO: Run Behavior\BuildLiteBehavior [ RunTime:0.000000s ]
INFO: [ app_init ] --END-- [ RunTime:0.000000s ]
INFO: [ app_begin ] --START--
INFO: Run Behavior\ReadHtmlCacheBehavior [ RunTime:0.000000s ]
INFO: [ app_begin ] --END-- [ RunTime:0.000000s ]
SQL: SHOW COLUMNS FROM `product` [ RunTime:0.0030s ]
NOTIC: [8] Undefined index: new_category_id G:\xampp\htdocs\webdemo\Application\Admin\Controller\ConfigController.class.php 第 230 行.
SQL: UPDATE `product` SET `category_id`=NULL WHERE `id` = 2 [ RunTime:0.0000s ]
NOTIC: [8] Undefined index: type G:\xampp\htdocs\webdemo\Application\Admin\Controller\ConfigController.class.php 第 236 行.
INFO: [ app_end ] --START--
INFO: Run Behavior\ShowPageTraceBehavior [ RunTime:0.000000s ]
INFO: [ app_end ] --END-- [ RunTime:0.000000s ]

[ 2017-01-18T01:02:52+08:00 ] ::1 /webdemo/index.php/Admin/Index/product
INFO: [ app_init ] --START--
INFO: Run Behavior\BuildLiteBehavior [ RunTime:0.000000s ]
INFO: [ app_init ] --END-- [ RunTime:0.000000s ]
INFO: [ app_begin ] --START--
INFO: Run Behavior\ReadHtmlCacheBehavior [ RunTime:0.001000s ]
INFO: [ app_begin ] --END-- [ RunTime:0.001000s ]
NOTIC: [2048] Declaration of Admin\Controller\IndexController::theme() should be compatible with Think\Controller::theme($theme) G:\xampp\htdocs\webdemo\Application\Admin\Controller\IndexController.class.php 第 320 行.
SQL: SHOW COLUMNS FROM `navigation` [ RunTime:0.0030s ]
SQL: SELECT * FROM `navigation` WHERE ( type='product' ) ORDER BY sort desc,id  [ RunTime:0.0000s ]
NOTIC: [8] Undefined index: category_id G:\xampp\htdocs\webdemo\Application\Admin\Controller\IndexController.class.php 第 236 行.
NOTIC: [8] Undefined index: category_id G:\xampp\htdocs\webdemo\Application\Admin\Controller\IndexController.class.php 第 236 行.
NOTIC: [8] Undefined index: category_id G:\xampp\htdocs\webdemo\Application\Admin\Controller\IndexController.class.php 第 236 行.
NOTIC: [8] Undefined index: category_id G:\xampp\htdocs\webdemo\Application\Admin\Controller\IndexController.class.php 第 236 行.
NOTIC: [8] Undefined index: category_id G:\xampp\htdocs\webdemo\Application\Admin\Controller\IndexController.class.php 第 236 行.
SQL: SHOW COLUMNS FROM `product` [ RunTime:0.0030s ]
SQL: SELECT * FROM `product`  [ RunTime:0.0010s ]
NOTIC: [8] Undefined offset: 0 G:\xampp\htdocs\webdemo\Application\Admin\Controller\IndexController.class.php 第 250 行.
NOTIC: [8] Undefined offset: 37 G:\xampp\htdocs\webdemo\Application\Admin\Controller\IndexController.class.php 第 250 行.
NOTIC: [8] Undefined variable: category G:\xampp\htdocs\webdemo\Application\Admin\Controller\IndexController.class.php 第 292 行.
NOTIC: [8] Undefined index: category_id G:\xampp\htdocs\webdemo\Application\Admin\Controller\IndexController.class.php 第 293 行.
INFO: [ view_parse ] --START--
INFO: [ template_filter ] --START--
INFO: Run Behavior\ContentReplaceBehavior [ RunTime:0.000000s ]
INFO: [ template_filter ] --END-- [ RunTime:0.000000s ]
INFO: Run Behavior\ParseTemplateBehavior [ RunTime:0.005000s ]
INFO: [ view_parse ] --END-- [ RunTime:0.005000s ]
INFO: [ view_filter ] --START--
INFO: Run Behavior\WriteHtmlCacheBehavior [ RunTime:0.000000s ]
INFO: [ view_filter ] --END-- [ RunTime:0.000000s ]
INFO: [ app_end ] --START--
INFO: Run Behavior\ShowPageTraceBehavior [ RunTime:0.001000s ]
INFO: [ app_end ] --END-- [ RunTime:0.001000s ]

[ 2017-01-18T01:03:23+08:00 ] ::1 /webdemo/index.php/Admin/Index/product
INFO: [ app_init ] --START--
INFO: Run Behavior\BuildLiteBehavior [ RunTime:0.000000s ]
INFO: [ app_init ] --END-- [ RunTime:0.001000s ]
INFO: [ app_begin ] --START--
INFO: Run Behavior\ReadHtmlCacheBehavior [ RunTime:0.001000s ]
INFO: [ app_begin ] --END-- [ RunTime:0.001000s ]
NOTIC: [2048] Declaration of Admin\Controller\IndexController::theme() should be compatible with Think\Controller::theme($theme) G:\xampp\htdocs\webdemo\Application\Admin\Controller\IndexController.class.php 第 320 行.
SQL: SHOW COLUMNS FROM `navigation` [ RunTime:0.0030s ]
SQL: SELECT * FROM `navigation` WHERE ( type='product' ) ORDER BY sort desc,id  [ RunTime:0.0000s ]
NOTIC: [8] Undefined index: category_id G:\xampp\htdocs\webdemo\Application\Admin\Controller\IndexController.class.php 第 236 行.
NOTIC: [8] Undefined index: category_id G:\xampp\htdocs\webdemo\Application\Admin\Controller\IndexController.class.php 第 236 行.
NOTIC: [8] Undefined index: category_id G:\xampp\htdocs\webdemo\Application\Admin\Controller\IndexController.class.php 第 236 行.
NOTIC: [8] Undefined index: category_id G:\xampp\htdocs\webdemo\Application\Admin\Controller\IndexController.class.php 第 236 行.
NOTIC: [8] Undefined index: category_id G:\xampp\htdocs\webdemo\Application\Admin\Controller\IndexController.class.php 第 236 行.
SQL: SHOW COLUMNS FROM `product` [ RunTime:0.0030s ]
SQL: SELECT * FROM `product`  [ RunTime:0.0000s ]
NOTIC: [8] Undefined offset: 0 G:\xampp\htdocs\webdemo\Application\Admin\Controller\IndexController.class.php 第 250 行.
NOTIC: [8] Undefined offset: 37 G:\xampp\htdocs\webdemo\Application\Admin\Controller\IndexController.class.php 第 250 行.
NOTIC: [8] Undefined variable: category G:\xampp\htdocs\webdemo\Application\Admin\Controller\IndexController.class.php 第 292 行.
NOTIC: [8] Undefined index: category_id G:\xampp\htdocs\webdemo\Application\Admin\Controller\IndexController.class.php 第 293 行.
INFO: [ view_parse ] --START--
INFO: [ template_filter ] --START--
INFO: Run Behavior\ContentReplaceBehavior [ RunTime:0.000000s ]
INFO: [ template_filter ] --END-- [ RunTime:0.000000s ]
INFO: Run Behavior\ParseTemplateBehavior [ RunTime:0.005000s ]
INFO: [ view_parse ] --END-- [ RunTime:0.005000s ]
INFO: [ view_filter ] --START--
INFO: Run Behavior\WriteHtmlCacheBehavior [ RunTime:0.000000s ]
INFO: [ view_filter ] --END-- [ RunTime:0.000000s ]
INFO: [ app_end ] --START--
INFO: Run Behavior\ShowPageTraceBehavior [ RunTime:0.001000s ]
INFO: [ app_end ] --END-- [ RunTime:0.001000s ]

[ 2017-01-18T01:05:05+08:00 ] ::1 /webdemo/index.php/Admin/Index/product
INFO: [ app_init ] --START--
INFO: Run Behavior\BuildLiteBehavior [ RunTime:0.000000s ]
INFO: [ app_init ] --END-- [ RunTime:0.001000s ]
INFO: [ app_begin ] --START--
INFO: Run Behavior\ReadHtmlCacheBehavior [ RunTime:0.000000s ]
INFO: [ app_begin ] --END-- [ RunTime:0.000000s ]
NOTIC: [2048] Declaration of Admin\Controller\IndexController::theme() should be compatible with Think\Controller::theme($theme) G:\xampp\htdocs\webdemo\Application\Admin\Controller\IndexController.class.php 第 320 行.
SQL: SHOW COLUMNS FROM `navigation` [ RunTime:0.0020s ]
SQL: SELECT * FROM `navigation` WHERE ( type='product' ) ORDER BY sort desc,id  [ RunTime:0.0000s ]
NOTIC: [8] Undefined index: category_id G:\xampp\htdocs\webdemo\Application\Admin\Controller\IndexController.class.php 第 236 行.
NOTIC: [8] Undefined index: category_id G:\xampp\htdocs\webdemo\Application\Admin\Controller\IndexController.class.php 第 236 行.
NOTIC: [8] Undefined index: category_id G:\xampp\htdocs\webdemo\Application\Admin\Controller\IndexController.class.php 第 236 行.
NOTIC: [8] Undefined index: category_id G:\xampp\htdocs\webdemo\Application\Admin\Controller\IndexController.class.php 第 236 行.
NOTIC: [8] Undefined index: category_id G:\xampp\htdocs\webdemo\Application\Admin\Controller\IndexController.class.php 第 236 行.
SQL: SHOW COLUMNS FROM `product` [ RunTime:0.0030s ]
SQL: SELECT * FROM `product`  [ RunTime:0.0000s ]
NOTIC: [8] Undefined offset: 0 G:\xampp\htdocs\webdemo\Application\Admin\Controller\IndexController.class.php 第 250 行.
NOTIC: [8] Undefined offset: 37 G:\xampp\htdocs\webdemo\Application\Admin\Controller\IndexController.class.php 第 250 行.
NOTIC: [8] Undefined variable: category G:\xampp\htdocs\webdemo\Application\Admin\Controller\IndexController.class.php 第 292 行.
NOTIC: [8] Undefined index: category_id G:\xampp\htdocs\webdemo\Application\Admin\Controller\IndexController.class.php 第 293 行.
INFO: [ view_parse ] --START--
INFO: [ template_filter ] --START--
INFO: Run Behavior\ContentReplaceBehavior [ RunTime:0.000000s ]
INFO: [ template_filter ] --END-- [ RunTime:0.000000s ]
INFO: Run Behavior\ParseTemplateBehavior [ RunTime:0.005001s ]
INFO: [ view_parse ] --END-- [ RunTime:0.005001s ]
INFO: [ view_filter ] --START--
INFO: Run Behavior\WriteHtmlCacheBehavior [ RunTime:0.000000s ]
INFO: [ view_filter ] --END-- [ RunTime:0.000000s ]
INFO: [ app_end ] --START--
INFO: Run Behavior\ShowPageTraceBehavior [ RunTime:0.001000s ]
INFO: [ app_end ] --END-- [ RunTime:0.001000s ]

[ 2017-01-18T01:06:51+08:00 ] ::1 /webdemo/admin
INFO: [ app_init ] --START--
INFO: Run Behavior\BuildLiteBehavior [ RunTime:0.000000s ]
INFO: [ app_init ] --END-- [ RunTime:0.000000s ]
INFO: [ app_begin ] --START--
INFO: Run Behavior\ReadHtmlCacheBehavior [ RunTime:0.001000s ]
INFO: [ app_begin ] --END-- [ RunTime:0.001000s ]
NOTIC: [2048] Declaration of Admin\Controller\IndexController::theme() should be compatible with Think\Controller::theme($theme) G:\xampp\htdocs\webdemo\Application\Admin\Controller\IndexController.class.php 第 320 行.
INFO: [ view_parse ] --START--
INFO: [ template_filter ] --START--
INFO: Run Behavior\ContentReplaceBehavior [ RunTime:0.000000s ]
INFO: [ template_filter ] --END-- [ RunTime:0.000000s ]
INFO: Run Behavior\ParseTemplateBehavior [ RunTime:0.035002s ]
INFO: [ view_parse ] --END-- [ RunTime:0.035002s ]
INFO: [ view_filter ] --START--
INFO: Run Behavior\WriteHtmlCacheBehavior [ RunTime:0.001000s ]
INFO: [ view_filter ] --END-- [ RunTime:0.001000s ]
INFO: [ app_end ] --START--
INFO: Run Behavior\ShowPageTraceBehavior [ RunTime:0.001000s ]
INFO: [ app_end ] --END-- [ RunTime:0.001000s ]

[ 2017-01-18T01:06:51+08:00 ] ::1 /webdemo/index.php/Admin/Index/topframe
INFO: [ app_init ] --START--
INFO: Run Behavior\BuildLiteBehavior [ RunTime:0.000000s ]
INFO: [ app_init ] --END-- [ RunTime:0.001001s ]
INFO: [ app_begin ] --START--
INFO: Run Behavior\ReadHtmlCacheBehavior [ RunTime:0.001000s ]
INFO: [ app_begin ] --END-- [ RunTime:0.001000s ]
NOTIC: [2048] Declaration of Admin\Controller\IndexController::theme() should be compatible with Think\Controller::theme($theme) G:\xampp\htdocs\webdemo\Application\Admin\Controller\IndexController.class.php 第 320 行.
INFO: [ view_parse ] --START--
INFO: [ template_filter ] --START--
INFO: Run Behavior\ContentReplaceBehavior [ RunTime:0.000000s ]
INFO: [ template_filter ] --END-- [ RunTime:0.000000s ]
INFO: Run Behavior\ParseTemplateBehavior [ RunTime:0.023001s ]
INFO: [ view_parse ] --END-- [ RunTime:0.023001s ]
INFO: [ view_filter ] --START--
INFO: Run Behavior\WriteHtmlCacheBehavior [ RunTime:0.001001s ]
INFO: [ view_filter ] --END-- [ RunTime:0.001001s ]
INFO: [ app_end ] --START--
INFO: Run Behavior\ShowPageTraceBehavior [ RunTime:0.000000s ]
INFO: [ app_end ] --END-- [ RunTime:0.000000s ]

[ 2017-01-18T01:06:51+08:00 ] ::1 /webdemo/index.php/Admin/Index/leftframe
INFO: [ app_init ] --START--
INFO: Run Behavior\BuildLiteBehavior [ RunTime:0.000000s ]
INFO: [ app_init ] --END-- [ RunTime:0.000000s ]
INFO: [ app_begin ] --START--
INFO: Run Behavior\ReadHtmlCacheBehavior [ RunTime:0.001000s ]
INFO: [ app_begin ] --END-- [ RunTime:0.001000s ]
NOTIC: [2048] Declaration of Admin\Controller\IndexController::theme() should be compatible with Think\Controller::theme($theme) G:\xampp\htdocs\webdemo\Application\Admin\Controller\IndexController.class.php 第 320 行.
INFO: [ view_parse ] --START--
INFO: [ template_filter ] --START--
INFO: Run Behavior\ContentReplaceBehavior [ RunTime:0.000000s ]
INFO: [ template_filter ] --END-- [ RunTime:0.000000s ]
INFO: Run Behavior\ParseTemplateBehavior [ RunTime:0.028001s ]
INFO: [ view_parse ] --END-- [ RunTime:0.028001s ]
INFO: [ view_filter ] --START--
INFO: Run Behavior\WriteHtmlCacheBehavior [ RunTime:0.000000s ]
INFO: [ view_filter ] --END-- [ RunTime:0.001000s ]
INFO: [ app_end ] --START--
INFO: Run Behavior\ShowPageTraceBehavior [ RunTime:0.001000s ]
INFO: [ app_end ] --END-- [ RunTime:0.001000s ]

[ 2017-01-18T01:06:51+08:00 ] ::1 /webdemo/index.php/Admin/Index/defaultframe
INFO: [ app_init ] --START--
INFO: Run Behavior\BuildLiteBehavior [ RunTime:0.000000s ]
INFO: [ app_init ] --END-- [ RunTime:0.000000s ]
INFO: [ app_begin ] --START--
INFO: Run Behavior\ReadHtmlCacheBehavior [ RunTime:0.000000s ]
INFO: [ app_begin ] --END-- [ RunTime:0.000000s ]
NOTIC: [2048] Declaration of Admin\Controller\IndexController::theme() should be compatible with Think\Controller::theme($theme) G:\xampp\htdocs\webdemo\Application\Admin\Controller\IndexController.class.php 第 320 行.
INFO: [ view_parse ] --START--
INFO: [ template_filter ] --START--
INFO: Run Behavior\ContentReplaceBehavior [ RunTime:0.000000s ]
INFO: [ template_filter ] --END-- [ RunTime:0.000000s ]
INFO: Run Behavior\ParseTemplateBehavior [ RunTime:0.055003s ]
INFO: [ view_parse ] --END-- [ RunTime:0.055003s ]
INFO: [ view_filter ] --START--
INFO: Run Behavior\WriteHtmlCacheBehavior [ RunTime:0.000000s ]
INFO: [ view_filter ] --END-- [ RunTime:0.000000s ]
INFO: [ app_end ] --START--
INFO: Run Behavior\ShowPageTraceBehavior [ RunTime:0.001000s ]
INFO: [ app_end ] --END-- [ RunTime:0.001000s ]

[ 2017-01-18T01:06:58+08:00 ] ::1 /webdemo/index.php/Admin/Index/product
INFO: [ app_init ] --START--
INFO: Run Behavior\BuildLiteBehavior [ RunTime:0.000000s ]
INFO: [ app_init ] --END-- [ RunTime:0.000000s ]
INFO: [ app_begin ] --START--
INFO: Run Behavior\ReadHtmlCacheBehavior [ RunTime:0.000000s ]
INFO: [ app_begin ] --END-- [ RunTime:0.000000s ]
NOTIC: [2048] Declaration of Admin\Controller\IndexController::theme() should be compatible with Think\Controller::theme($theme) G:\xampp\htdocs\webdemo\Application\Admin\Controller\IndexController.class.php 第 320 行.
SQL: SHOW COLUMNS FROM `navigation` [ RunTime:0.0030s ]
SQL: SELECT * FROM `navigation` WHERE ( type='product' ) ORDER BY sort desc,id  [ RunTime:0.0010s ]
NOTIC: [8] Undefined index: category_id G:\xampp\htdocs\webdemo\Application\Admin\Controller\IndexController.class.php 第 236 行.
NOTIC: [8] Undefined index: category_id G:\xampp\htdocs\webdemo\Application\Admin\Controller\IndexController.class.php 第 236 行.
NOTIC: [8] Undefined index: category_id G:\xampp\htdocs\webdemo\Application\Admin\Controller\IndexController.class.php 第 236 行.
NOTIC: [8] Undefined index: category_id G:\xampp\htdocs\webdemo\Application\Admin\Controller\IndexController.class.php 第 236 行.
NOTIC: [8] Undefined index: category_id G:\xampp\htdocs\webdemo\Application\Admin\Controller\IndexController.class.php 第 236 行.
SQL: SHOW COLUMNS FROM `product` [ RunTime:0.0030s ]
SQL: SELECT * FROM `product`  [ RunTime:0.0000s ]
NOTIC: [8] Undefined offset: 0 G:\xampp\htdocs\webdemo\Application\Admin\Controller\IndexController.class.php 第 250 行.
NOTIC: [8] Undefined offset: 37 G:\xampp\htdocs\webdemo\Application\Admin\Controller\IndexController.class.php 第 250 行.
NOTIC: [8] Undefined variable: category G:\xampp\htdocs\webdemo\Application\Admin\Controller\IndexController.class.php 第 292 行.
NOTIC: [8] Undefined index: category_id G:\xampp\htdocs\webdemo\Application\Admin\Controller\IndexController.class.php 第 293 行.
INFO: [ view_parse ] --START--
INFO: [ template_filter ] --START--
INFO: Run Behavior\ContentReplaceBehavior [ RunTime:0.000000s ]
INFO: [ template_filter ] --END-- [ RunTime:0.000000s ]
INFO: Run Behavior\ParseTemplateBehavior [ RunTime:0.005000s ]
INFO: [ view_parse ] --END-- [ RunTime:0.005000s ]
INFO: [ view_filter ] --START--
INFO: Run Behavior\WriteHtmlCacheBehavior [ RunTime:0.000000s ]
INFO: [ view_filter ] --END-- [ RunTime:0.000000s ]
INFO: [ app_end ] --START--
INFO: Run Behavior\ShowPageTraceBehavior [ RunTime:0.000000s ]
INFO: [ app_end ] --END-- [ RunTime:0.000000s ]

[ 2017-01-18T01:11:23+08:00 ] ::1 /webdemo/index.php/Admin/Index/product
INFO: [ app_init ] --START--
INFO: Run Behavior\BuildLiteBehavior [ RunTime:0.000000s ]
INFO: [ app_init ] --END-- [ RunTime:0.001000s ]
INFO: [ app_begin ] --START--
INFO: Run Behavior\ReadHtmlCacheBehavior [ RunTime:0.000000s ]
INFO: [ app_begin ] --END-- [ RunTime:0.000000s ]
NOTIC: [2048] Declaration of Admin\Controller\IndexController::theme() should be compatible with Think\Controller::theme($theme) G:\xampp\htdocs\webdemo\Application\Admin\Controller\IndexController.class.php 第 320 行.
SQL: SHOW COLUMNS FROM `navigation` [ RunTime:0.0030s ]
SQL: SELECT * FROM `navigation` WHERE ( type='product' ) ORDER BY sort desc,id  [ RunTime:0.0000s ]
NOTIC: [8] Undefined index: category_id G:\xampp\htdocs\webdemo\Application\Admin\Controller\IndexController.class.php 第 236 行.
NOTIC: [8] Undefined index: category_id G:\xampp\htdocs\webdemo\Application\Admin\Controller\IndexController.class.php 第 236 行.
NOTIC: [8] Undefined index: category_id G:\xampp\htdocs\webdemo\Application\Admin\Controller\IndexController.class.php 第 236 行.
NOTIC: [8] Undefined index: category_id G:\xampp\htdocs\webdemo\Application\Admin\Controller\IndexController.class.php 第 236 行.
NOTIC: [8] Undefined index: category_id G:\xampp\htdocs\webdemo\Application\Admin\Controller\IndexController.class.php 第 236 行.
SQL: SHOW COLUMNS FROM `product` [ RunTime:0.0020s ]
SQL: SELECT * FROM `product`  [ RunTime:0.0000s ]
NOTIC: [8] Undefined offset: 0 G:\xampp\htdocs\webdemo\Application\Admin\Controller\IndexController.class.php 第 250 行.
NOTIC: [8] Undefined offset: 37 G:\xampp\htdocs\webdemo\Application\Admin\Controller\IndexController.class.php 第 250 行.
NOTIC: [8] Undefined variable: category G:\xampp\htdocs\webdemo\Application\Admin\Controller\IndexController.class.php 第 292 行.
NOTIC: [8] Undefined index: category_id G:\xampp\htdocs\webdemo\Application\Admin\Controller\IndexController.class.php 第 293 行.
INFO: [ view_parse ] --START--
INFO: [ template_filter ] --START--
INFO: Run Behavior\ContentReplaceBehavior [ RunTime:0.000000s ]
INFO: [ template_filter ] --END-- [ RunTime:0.000000s ]
INFO: Run Behavior\ParseTemplateBehavior [ RunTime:0.006000s ]
INFO: [ view_parse ] --END-- [ RunTime:0.006000s ]
INFO: [ view_filter ] --START--
INFO: Run Behavior\WriteHtmlCacheBehavior [ RunTime:0.000000s ]
INFO: [ view_filter ] --END-- [ RunTime:0.000000s ]
INFO: [ app_end ] --START--
INFO: Run Behavior\ShowPageTraceBehavior [ RunTime:0.001000s ]
INFO: [ app_end ] --END-- [ RunTime:0.001000s ]

[ 2017-01-18T01:11:25+08:00 ] ::1 /webdemo/index.php/Admin/Index/theme
INFO: [ app_init ] --START--
INFO: Run Behavior\BuildLiteBehavior [ RunTime:0.000000s ]
INFO: [ app_init ] --END-- [ RunTime:0.000000s ]
INFO: [ app_begin ] --START--
INFO: Run Behavior\ReadHtmlCacheBehavior [ RunTime:0.001000s ]
INFO: [ app_begin ] --END-- [ RunTime:0.001000s ]
NOTIC: [2048] Declaration of Admin\Controller\IndexController::theme() should be compatible with Think\Controller::theme($theme) G:\xampp\htdocs\webdemo\Application\Admin\Controller\IndexController.class.php 第 320 行.
INFO: [ app_end ] --START--
INFO: Run Behavior\ShowPageTraceBehavior [ RunTime:0.000000s ]
INFO: [ app_end ] --END-- [ RunTime:0.000000s ]

[ 2017-01-18T01:11:28+08:00 ] ::1 /webdemo/index.php/Admin/Index/product
INFO: [ app_init ] --START--
INFO: Run Behavior\BuildLiteBehavior [ RunTime:0.000000s ]
INFO: [ app_init ] --END-- [ RunTime:0.001000s ]
INFO: [ app_begin ] --START--
INFO: Run Behavior\ReadHtmlCacheBehavior [ RunTime:0.001000s ]
INFO: [ app_begin ] --END-- [ RunTime:0.001000s ]
NOTIC: [2048] Declaration of Admin\Controller\IndexController::theme() should be compatible with Think\Controller::theme($theme) G:\xampp\htdocs\webdemo\Application\Admin\Controller\IndexController.class.php 第 320 行.
SQL: SHOW COLUMNS FROM `navigation` [ RunTime:0.0030s ]
SQL: SELECT * FROM `navigation` WHERE ( type='product' ) ORDER BY sort desc,id  [ RunTime:0.0000s ]
NOTIC: [8] Undefined index: category_id G:\xampp\htdocs\webdemo\Application\Admin\Controller\IndexController.class.php 第 236 行.
NOTIC: [8] Undefined index: category_id G:\xampp\htdocs\webdemo\Application\Admin\Controller\IndexController.class.php 第 236 行.
NOTIC: [8] Undefined index: category_id G:\xampp\htdocs\webdemo\Application\Admin\Controller\IndexController.class.php 第 236 行.
NOTIC: [8] Undefined index: category_id G:\xampp\htdocs\webdemo\Application\Admin\Controller\IndexController.class.php 第 236 行.
NOTIC: [8] Undefined index: category_id G:\xampp\htdocs\webdemo\Application\Admin\Controller\IndexController.class.php 第 236 行.
SQL: SHOW COLUMNS FROM `product` [ RunTime:0.0030s ]
SQL: SELECT * FROM `product`  [ RunTime:0.0000s ]
NOTIC: [8] Undefined offset: 0 G:\xampp\htdocs\webdemo\Application\Admin\Controller\IndexController.class.php 第 250 行.
NOTIC: [8] Undefined offset: 37 G:\xampp\htdocs\webdemo\Application\Admin\Controller\IndexController.class.php 第 250 行.
NOTIC: [8] Undefined variable: category G:\xampp\htdocs\webdemo\Application\Admin\Controller\IndexController.class.php 第 292 行.
NOTIC: [8] Undefined index: category_id G:\xampp\htdocs\webdemo\Application\Admin\Controller\IndexController.class.php 第 293 行.
INFO: [ view_parse ] --START--
INFO: [ template_filter ] --START--
INFO: Run Behavior\ContentReplaceBehavior [ RunTime:0.000000s ]
INFO: [ template_filter ] --END-- [ RunTime:0.001000s ]
INFO: Run Behavior\ParseTemplateBehavior [ RunTime:0.005000s ]
INFO: [ view_parse ] --END-- [ RunTime:0.005000s ]
INFO: [ view_filter ] --START--
INFO: Run Behavior\WriteHtmlCacheBehavior [ RunTime:0.001000s ]
INFO: [ view_filter ] --END-- [ RunTime:0.001000s ]
INFO: [ app_end ] --START--
INFO: Run Behavior\ShowPageTraceBehavior [ RunTime:0.000000s ]
INFO: [ app_end ] --END-- [ RunTime:0.000000s ]

[ 2017-01-18T01:19:19+08:00 ] ::1 /webdemo/index.php/Admin/Index/product
INFO: [ app_init ] --START--
INFO: Run Behavior\BuildLiteBehavior [ RunTime:0.000000s ]
INFO: [ app_init ] --END-- [ RunTime:0.000000s ]
INFO: [ app_begin ] --START--
INFO: Run Behavior\ReadHtmlCacheBehavior [ RunTime:0.001000s ]
INFO: [ app_begin ] --END-- [ RunTime:0.001000s ]
NOTIC: [2048] Declaration of Admin\Controller\IndexController::theme() should be compatible with Think\Controller::theme($theme) G:\xampp\htdocs\webdemo\Application\Admin\Controller\IndexController.class.php 第 320 行.
SQL: SHOW COLUMNS FROM `navigation` [ RunTime:0.0030s ]
SQL: SELECT * FROM `navigation` WHERE ( type='product' ) ORDER BY sort desc,id  [ RunTime:0.0000s ]
NOTIC: [8] Undefined index: category_id G:\xampp\htdocs\webdemo\Application\Admin\Controller\IndexController.class.php 第 236 行.
NOTIC: [8] Undefined index: category_id G:\xampp\htdocs\webdemo\Application\Admin\Controller\IndexController.class.php 第 236 行.
NOTIC: [8] Undefined index: category_id G:\xampp\htdocs\webdemo\Application\Admin\Controller\IndexController.class.php 第 236 行.
NOTIC: [8] Undefined index: category_id G:\xampp\htdocs\webdemo\Application\Admin\Controller\IndexController.class.php 第 236 行.
NOTIC: [8] Undefined index: category_id G:\xampp\htdocs\webdemo\Application\Admin\Controller\IndexController.class.php 第 236 行.
SQL: SHOW COLUMNS FROM `product` [ RunTime:0.0030s ]
SQL: SELECT * FROM `product`  [ RunTime:0.0000s ]
NOTIC: [8] Undefined offset: 0 G:\xampp\htdocs\webdemo\Application\Admin\Controller\IndexController.class.php 第 250 行.
NOTIC: [8] Undefined offset: 37 G:\xampp\htdocs\webdemo\Application\Admin\Controller\IndexController.class.php 第 250 行.
NOTIC: [8] Undefined variable: category G:\xampp\htdocs\webdemo\Application\Admin\Controller\IndexController.class.php 第 292 行.
NOTIC: [8] Undefined index: category_id G:\xampp\htdocs\webdemo\Application\Admin\Controller\IndexController.class.php 第 293 行.
INFO: [ view_parse ] --START--
INFO: [ template_filter ] --START--
INFO: Run Behavior\ContentReplaceBehavior [ RunTime:0.000000s ]
INFO: [ template_filter ] --END-- [ RunTime:0.000000s ]
INFO: Run Behavior\ParseTemplateBehavior [ RunTime:0.005000s ]
INFO: [ view_parse ] --END-- [ RunTime:0.005000s ]
INFO: [ view_filter ] --START--
INFO: Run Behavior\WriteHtmlCacheBehavior [ RunTime:0.000000s ]
INFO: [ view_filter ] --END-- [ RunTime:0.000000s ]
INFO: [ app_end ] --START--
INFO: Run Behavior\ShowPageTraceBehavior [ RunTime:0.000000s ]
INFO: [ app_end ] --END-- [ RunTime:0.000000s ]

[ 2017-01-18T01:19:24+08:00 ] ::1 /webdemo/index.php/Admin/Index/article
INFO: [ app_init ] --START--
INFO: Run Behavior\BuildLiteBehavior [ RunTime:0.000000s ]
INFO: [ app_init ] --END-- [ RunTime:0.001000s ]
INFO: [ app_begin ] --START--
INFO: Run Behavior\ReadHtmlCacheBehavior [ RunTime:0.001000s ]
INFO: [ app_begin ] --END-- [ RunTime:0.001000s ]
NOTIC: [2048] Declaration of Admin\Controller\IndexController::theme() should be compatible with Think\Controller::theme($theme) G:\xampp\htdocs\webdemo\Application\Admin\Controller\IndexController.class.php 第 320 行.
SQL: SHOW COLUMNS FROM `navigation` [ RunTime:0.0020s ]
SQL: SELECT * FROM `navigation` WHERE ( type='article' ) ORDER BY sort desc,id  [ RunTime:0.0010s ]
NOTIC: [8] Undefined index: category_id G:\xampp\htdocs\webdemo\Application\Admin\Controller\IndexController.class.php 第 140 行.
NOTIC: [8] Undefined index: category_id G:\xampp\htdocs\webdemo\Application\Admin\Controller\IndexController.class.php 第 140 行.
NOTIC: [8] Undefined index: category_id G:\xampp\htdocs\webdemo\Application\Admin\Controller\IndexController.class.php 第 140 行.
NOTIC: [8] Undefined index: category_id G:\xampp\htdocs\webdemo\Application\Admin\Controller\IndexController.class.php 第 140 行.
NOTIC: [8] Undefined index: category_id G:\xampp\htdocs\webdemo\Application\Admin\Controller\IndexController.class.php 第 140 行.
SQL: SHOW COLUMNS FROM `article` [ RunTime:0.0020s ]
SQL: SELECT * FROM `article`  [ RunTime:0.0010s ]
NOTIC: [8] Undefined index: pass G:\xampp\htdocs\webdemo\Application\Admin\Controller\IndexController.class.php 第 158 行.
NOTIC: [8] Undefined index: pass G:\xampp\htdocs\webdemo\Application\Admin\Controller\IndexController.class.php 第 162 行.
NOTIC: [8] Undefined index: status G:\xampp\htdocs\webdemo\Application\Admin\Controller\IndexController.class.php 第 166 行.
NOTIC: [8] Undefined variable: category G:\xampp\htdocs\webdemo\Application\Admin\Controller\IndexController.class.php 第 194 行.
NOTIC: [8] Undefined index: category_id G:\xampp\htdocs\webdemo\Application\Admin\Controller\IndexController.class.php 第 195 行.
INFO: [ view_parse ] --START--
INFO: [ template_filter ] --START--
INFO: Run Behavior\ContentReplaceBehavior [ RunTime:0.001000s ]
INFO: [ template_filter ] --END-- [ RunTime:0.001000s ]
INFO: Run Behavior\ParseTemplateBehavior [ RunTime:0.005000s ]
INFO: [ view_parse ] --END-- [ RunTime:0.005000s ]
INFO: [ view_filter ] --START--
INFO: Run Behavior\WriteHtmlCacheBehavior [ RunTime:0.001000s ]
INFO: [ view_filter ] --END-- [ RunTime:0.001000s ]
INFO: [ app_end ] --START--
INFO: Run Behavior\ShowPageTraceBehavior [ RunTime:0.000000s ]
INFO: [ app_end ] --END-- [ RunTime:0.000000s ]

[ 2017-01-18T01:19:25+08:00 ] ::1 /webdemo/index.php/Admin/Index/product
INFO: [ app_init ] --START--
INFO: Run Behavior\BuildLiteBehavior [ RunTime:0.000000s ]
INFO: [ app_init ] --END-- [ RunTime:0.001000s ]
INFO: [ app_begin ] --START--
INFO: Run Behavior\ReadHtmlCacheBehavior [ RunTime:0.000000s ]
INFO: [ app_begin ] --END-- [ RunTime:0.000000s ]
NOTIC: [2048] Declaration of Admin\Controller\IndexController::theme() should be compatible with Think\Controller::theme($theme) G:\xampp\htdocs\webdemo\Application\Admin\Controller\IndexController.class.php 第 320 行.
SQL: SHOW COLUMNS FROM `navigation` [ RunTime:0.0030s ]
SQL: SELECT * FROM `navigation` WHERE ( type='product' ) ORDER BY sort desc,id  [ RunTime:0.0000s ]
NOTIC: [8] Undefined index: category_id G:\xampp\htdocs\webdemo\Application\Admin\Controller\IndexController.class.php 第 236 行.
NOTIC: [8] Undefined index: category_id G:\xampp\htdocs\webdemo\Application\Admin\Controller\IndexController.class.php 第 236 行.
NOTIC: [8] Undefined index: category_id G:\xampp\htdocs\webdemo\Application\Admin\Controller\IndexController.class.php 第 236 行.
NOTIC: [8] Undefined index: category_id G:\xampp\htdocs\webdemo\Application\Admin\Controller\IndexController.class.php 第 236 行.
NOTIC: [8] Undefined index: category_id G:\xampp\htdocs\webdemo\Application\Admin\Controller\IndexController.class.php 第 236 行.
SQL: SHOW COLUMNS FROM `product` [ RunTime:0.0030s ]
SQL: SELECT * FROM `product`  [ RunTime:0.0000s ]
NOTIC: [8] Undefined offset: 0 G:\xampp\htdocs\webdemo\Application\Admin\Controller\IndexController.class.php 第 250 行.
NOTIC: [8] Undefined offset: 37 G:\xampp\htdocs\webdemo\Application\Admin\Controller\IndexController.class.php 第 250 行.
NOTIC: [8] Undefined variable: category G:\xampp\htdocs\webdemo\Application\Admin\Controller\IndexController.class.php 第 292 行.
NOTIC: [8] Undefined index: category_id G:\xampp\htdocs\webdemo\Application\Admin\Controller\IndexController.class.php 第 293 行.
INFO: [ view_parse ] --START--
INFO: [ template_filter ] --START--
INFO: Run Behavior\ContentReplaceBehavior [ RunTime:0.000000s ]
INFO: [ template_filter ] --END-- [ RunTime:0.000000s ]
INFO: Run Behavior\ParseTemplateBehavior [ RunTime:0.005000s ]
INFO: [ view_parse ] --END-- [ RunTime:0.005000s ]
INFO: [ view_filter ] --START--
INFO: Run Behavior\WriteHtmlCacheBehavior [ RunTime:0.000000s ]
INFO: [ view_filter ] --END-- [ RunTime:0.000000s ]
INFO: [ app_end ] --START--
INFO: Run Behavior\ShowPageTraceBehavior [ RunTime:0.000000s ]
INFO: [ app_end ] --END-- [ RunTime:0.000000s ]

[ 2017-01-18T01:23:29+08:00 ] ::1 /webdemo/index.php/Admin/Index/product
INFO: [ app_init ] --START--
INFO: Run Behavior\BuildLiteBehavior [ RunTime:0.000000s ]
INFO: [ app_init ] --END-- [ RunTime:0.000000s ]
INFO: [ app_begin ] --START--
INFO: Run Behavior\ReadHtmlCacheBehavior [ RunTime:0.001000s ]
INFO: [ app_begin ] --END-- [ RunTime:0.001000s ]
NOTIC: [2048] Declaration of Admin\Controller\IndexController::theme() should be compatible with Think\Controller::theme($theme) G:\xampp\htdocs\webdemo\Application\Admin\Controller\IndexController.class.php 第 320 行.
SQL: SHOW COLUMNS FROM `navigation` [ RunTime:0.0020s ]
SQL: SELECT * FROM `navigation` WHERE ( type='product' ) ORDER BY sort desc,id  [ RunTime:0.0000s ]
NOTIC: [8] Undefined index: category_id G:\xampp\htdocs\webdemo\Application\Admin\Controller\IndexController.class.php 第 236 行.
NOTIC: [8] Undefined index: category_id G:\xampp\htdocs\webdemo\Application\Admin\Controller\IndexController.class.php 第 236 行.
NOTIC: [8] Undefined index: category_id G:\xampp\htdocs\webdemo\Application\Admin\Controller\IndexController.class.php 第 236 行.
NOTIC: [8] Undefined index: category_id G:\xampp\htdocs\webdemo\Application\Admin\Controller\IndexController.class.php 第 236 行.
NOTIC: [8] Undefined index: category_id G:\xampp\htdocs\webdemo\Application\Admin\Controller\IndexController.class.php 第 236 行.
SQL: SHOW COLUMNS FROM `product` [ RunTime:0.0030s ]
SQL: SELECT * FROM `product`  [ RunTime:0.0000s ]
NOTIC: [8] Undefined offset: 0 G:\xampp\htdocs\webdemo\Application\Admin\Controller\IndexController.class.php 第 250 行.
NOTIC: [8] Undefined offset: 37 G:\xampp\htdocs\webdemo\Application\Admin\Controller\IndexController.class.php 第 250 行.
NOTIC: [8] Undefined variable: category G:\xampp\htdocs\webdemo\Application\Admin\Controller\IndexController.class.php 第 292 行.
NOTIC: [8] Undefined index: category_id G:\xampp\htdocs\webdemo\Application\Admin\Controller\IndexController.class.php 第 293 行.
INFO: [ view_parse ] --START--
INFO: [ template_filter ] --START--
INFO: Run Behavior\ContentReplaceBehavior [ RunTime:0.000000s ]
INFO: [ template_filter ] --END-- [ RunTime:0.000000s ]
INFO: Run Behavior\ParseTemplateBehavior [ RunTime:0.006000s ]
INFO: [ view_parse ] --END-- [ RunTime:0.006000s ]
INFO: [ view_filter ] --START--
INFO: Run Behavior\WriteHtmlCacheBehavior [ RunTime:0.000000s ]
INFO: [ view_filter ] --END-- [ RunTime:0.000000s ]
INFO: [ app_end ] --START--
INFO: Run Behavior\ShowPageTraceBehavior [ RunTime:0.001000s ]
INFO: [ app_end ] --END-- [ RunTime:0.001000s ]

[ 2017-01-18T01:23:29+08:00 ] ::1 /webdemo/index.php/Admin/Index/php.net.cn/xsite/admin/js/common.js
INFO: [ app_init ] --START--
INFO: Run Behavior\BuildLiteBehavior [ RunTime:0.000000s ]
INFO: [ app_init ] --END-- [ RunTime:0.001000s ]
INFO: [ app_begin ] --START--
INFO: Run Behavior\ReadHtmlCacheBehavior [ RunTime:0.000000s ]
INFO: [ app_begin ] --END-- [ RunTime:0.001000s ]
NOTIC: [2048] Declaration of Admin\Controller\IndexController::theme() should be compatible with Think\Controller::theme($theme) G:\xampp\htdocs\webdemo\Application\Admin\Controller\IndexController.class.php 第 320 行.
ERR: 非法操作:php.net.cn

[ 2017-01-18T01:23:29+08:00 ] ::1 /webdemo/index.php/Admin/Index/php.net.cn/xsite/admin/images/admincp.css
INFO: [ app_init ] --START--
INFO: Run Behavior\BuildLiteBehavior [ RunTime:0.000000s ]
INFO: [ app_init ] --END-- [ RunTime:0.000000s ]
INFO: [ app_begin ] --START--
INFO: Run Behavior\ReadHtmlCacheBehavior [ RunTime:0.001000s ]
INFO: [ app_begin ] --END-- [ RunTime:0.001000s ]
NOTIC: [2048] Declaration of Admin\Controller\IndexController::theme() should be compatible with Think\Controller::theme($theme) G:\xampp\htdocs\webdemo\Application\Admin\Controller\IndexController.class.php 第 320 行.
ERR: 非法操作:php.net.cn

[ 2017-01-18T01:27:42+08:00 ] ::1 /webdemo/index.php/Admin/Index/product
INFO: [ app_init ] --START--
INFO: Run Behavior\BuildLiteBehavior [ RunTime:0.000000s ]
INFO: [ app_init ] --END-- [ RunTime:0.000000s ]
INFO: [ app_begin ] --START--
INFO: Run Behavior\ReadHtmlCacheBehavior [ RunTime:0.000000s ]
INFO: [ app_begin ] --END-- [ RunTime:0.000000s ]
NOTIC: [2048] Declaration of Admin\Controller\IndexController::theme() should be compatible with Think\Controller::theme($theme) G:\xampp\htdocs\webdemo\Application\Admin\Controller\IndexController.class.php 第 320 行.
SQL: SHOW COLUMNS FROM `navigation` [ RunTime:0.0030s ]
SQL: SELECT * FROM `navigation` WHERE ( type='product' ) ORDER BY sort desc,id  [ RunTime:0.0010s ]
NOTIC: [8] Undefined index: category_id G:\xampp\htdocs\webdemo\Application\Admin\Controller\IndexController.class.php 第 236 行.
NOTIC: [8] Undefined index: category_id G:\xampp\htdocs\webdemo\Application\Admin\Controller\IndexController.class.php 第 236 行.
NOTIC: [8] Undefined index: category_id G:\xampp\htdocs\webdemo\Application\Admin\Controller\IndexController.class.php 第 236 行.
NOTIC: [8] Undefined index: category_id G:\xampp\htdocs\webdemo\Application\Admin\Controller\IndexController.class.php 第 236 行.
NOTIC: [8] Undefined index: category_id G:\xampp\htdocs\webdemo\Application\Admin\Controller\IndexController.class.php 第 236 行.
SQL: SHOW COLUMNS FROM `product` [ RunTime:0.0030s ]
SQL: SELECT * FROM `product`  [ RunTime:0.0000s ]
NOTIC: [8] Undefined offset: 0 G:\xampp\htdocs\webdemo\Application\Admin\Controller\IndexController.class.php 第 250 行.
NOTIC: [8] Undefined offset: 37 G:\xampp\htdocs\webdemo\Application\Admin\Controller\IndexController.class.php 第 250 行.
NOTIC: [8] Undefined variable: category G:\xampp\htdocs\webdemo\Application\Admin\Controller\IndexController.class.php 第 292 行.
NOTIC: [8] Undefined index: category_id G:\xampp\htdocs\webdemo\Application\Admin\Controller\IndexController.class.php 第 293 行.
INFO: [ view_parse ] --START--
INFO: [ template_filter ] --START--
INFO: Run Behavior\ContentReplaceBehavior [ RunTime:0.000000s ]
INFO: [ template_filter ] --END-- [ RunTime:0.001000s ]
INFO: Run Behavior\ParseTemplateBehavior [ RunTime:0.006000s ]
INFO: [ view_parse ] --END-- [ RunTime:0.006000s ]
INFO: [ view_filter ] --START--
INFO: Run Behavior\WriteHtmlCacheBehavior [ RunTime:0.000000s ]
INFO: [ view_filter ] --END-- [ RunTime:0.000000s ]
INFO: [ app_end ] --START--
INFO: Run Behavior\ShowPageTraceBehavior [ RunTime:0.001000s ]
INFO: [ app_end ] --END-- [ RunTime:0.001000s ]

[ 2017-01-18T01:30:20+08:00 ] ::1 /webdemo/index.php/Admin/Index/product
INFO: [ app_init ] --START--
INFO: Run Behavior\BuildLiteBehavior [ RunTime:0.000000s ]
INFO: [ app_init ] --END-- [ RunTime:0.001000s ]
INFO: [ app_begin ] --START--
INFO: Run Behavior\ReadHtmlCacheBehavior [ RunTime:0.000000s ]
INFO: [ app_begin ] --END-- [ RunTime:0.000000s ]
NOTIC: [2048] Declaration of Admin\Controller\IndexController::theme() should be compatible with Think\Controller::theme($theme) G:\xampp\htdocs\webdemo\Application\Admin\Controller\IndexController.class.php 第 320 行.
SQL: SHOW COLUMNS FROM `navigation` [ RunTime:0.0020s ]
SQL: SELECT * FROM `navigation` WHERE ( type='product' ) ORDER BY sort desc,id  [ RunTime:0.0000s ]
NOTIC: [8] Undefined index: category_id G:\xampp\htdocs\webdemo\Application\Admin\Controller\IndexController.class.php 第 236 行.
NOTIC: [8] Undefined index: category_id G:\xampp\htdocs\webdemo\Application\Admin\Controller\IndexController.class.php 第 236 行.
NOTIC: [8] Undefined index: category_id G:\xampp\htdocs\webdemo\Application\Admin\Controller\IndexController.class.php 第 236 行.
NOTIC: [8] Undefined index: category_id G:\xampp\htdocs\webdemo\Application\Admin\Controller\IndexController.class.php 第 236 行.
NOTIC: [8] Undefined index: category_id G:\xampp\htdocs\webdemo\Application\Admin\Controller\IndexController.class.php 第 236 行.
SQL: SHOW COLUMNS FROM `product` [ RunTime:0.0030s ]
SQL: SELECT * FROM `product`  [ RunTime:0.0000s ]
NOTIC: [8] Undefined variable: category G:\xampp\htdocs\webdemo\Application\Admin\Controller\IndexController.class.php 第 292 行.
NOTIC: [8] Undefined index: category_id G:\xampp\htdocs\webdemo\Application\Admin\Controller\IndexController.class.php 第 293 行.
INFO: [ view_parse ] --START--
INFO: [ template_filter ] --START--
INFO: Run Behavior\ContentReplaceBehavior [ RunTime:0.000000s ]
INFO: [ template_filter ] --END-- [ RunTime:0.000000s ]
INFO: Run Behavior\ParseTemplateBehavior [ RunTime:0.004000s ]
INFO: [ view_parse ] --END-- [ RunTime:0.005000s ]
INFO: [ view_filter ] --START--
INFO: Run Behavior\WriteHtmlCacheBehavior [ RunTime:0.000000s ]
INFO: [ view_filter ] --END-- [ RunTime:0.000000s ]
INFO: [ app_end ] --START--
INFO: Run Behavior\ShowPageTraceBehavior [ RunTime:0.000000s ]
INFO: [ app_end ] --END-- [ RunTime:0.000000s ]

[ 2017-01-18T01:33:02+08:00 ] ::1 /webdemo/index.php/Admin/Index/product
INFO: [ app_init ] --START--
INFO: Run Behavior\BuildLiteBehavior [ RunTime:0.000000s ]
INFO: [ app_init ] --END-- [ RunTime:0.000000s ]
INFO: [ app_begin ] --START--
INFO: Run Behavior\ReadHtmlCacheBehavior [ RunTime:0.000000s ]
INFO: [ app_begin ] --END-- [ RunTime:0.000000s ]
NOTIC: [2048] Declaration of Admin\Controller\IndexController::theme() should be compatible with Think\Controller::theme($theme) G:\xampp\htdocs\webdemo\Application\Admin\Controller\IndexController.class.php 第 320 行.
SQL: SHOW COLUMNS FROM `navigation` [ RunTime:0.0030s ]
SQL: SELECT * FROM `navigation` WHERE ( type='product' ) ORDER BY sort desc,id  [ RunTime:0.0010s ]
NOTIC: [8] Undefined index: category_id G:\xampp\htdocs\webdemo\Application\Admin\Controller\IndexController.class.php 第 236 行.
NOTIC: [8] Undefined index: category_id G:\xampp\htdocs\webdemo\Application\Admin\Controller\IndexController.class.php 第 236 行.
NOTIC: [8] Undefined index: category_id G:\xampp\htdocs\webdemo\Application\Admin\Controller\IndexController.class.php 第 236 行.
NOTIC: [8] Undefined index: category_id G:\xampp\htdocs\webdemo\Application\Admin\Controller\IndexController.class.php 第 236 行.
NOTIC: [8] Undefined index: category_id G:\xampp\htdocs\webdemo\Application\Admin\Controller\IndexController.class.php 第 236 行.
SQL: SHOW COLUMNS FROM `product` [ RunTime:0.0030s ]
SQL: SELECT * FROM `product`  [ RunTime:0.0000s ]
NOTIC: [8] Undefined variable: category G:\xampp\htdocs\webdemo\Application\Admin\Controller\IndexController.class.php 第 292 行.
NOTIC: [8] Undefined index: category_id G:\xampp\htdocs\webdemo\Application\Admin\Controller\IndexController.class.php 第 293 行.
INFO: [ view_parse ] --START--
INFO: [ template_filter ] --START--
INFO: Run Behavior\ContentReplaceBehavior [ RunTime:0.000000s ]
INFO: [ template_filter ] --END-- [ RunTime:0.001000s ]
INFO: Run Behavior\ParseTemplateBehavior [ RunTime:0.005000s ]
INFO: [ view_parse ] --END-- [ RunTime:0.005000s ]
INFO: [ view_filter ] --START--
INFO: Run Behavior\WriteHtmlCacheBehavior [ RunTime:0.001001s ]
INFO: [ view_filter ] --END-- [ RunTime:0.001001s ]
INFO: [ app_end ] --START--
INFO: Run Behavior\ShowPageTraceBehavior [ RunTime:0.000000s ]
INFO: [ app_end ] --END-- [ RunTime:0.000000s ]

[ 2017-01-18T01:36:18+08:00 ] ::1 /webdemo/index.php/Admin/Index/product
INFO: [ app_init ] --START--
INFO: Run Behavior\BuildLiteBehavior [ RunTime:0.000000s ]
INFO: [ app_init ] --END-- [ RunTime:0.000000s ]
INFO: [ app_begin ] --START--
INFO: Run Behavior\ReadHtmlCacheBehavior [ RunTime:0.001000s ]
INFO: [ app_begin ] --END-- [ RunTime:0.001000s ]
NOTIC: [2048] Declaration of Admin\Controller\IndexController::theme() should be compatible with Think\Controller::theme($theme) G:\xampp\htdocs\webdemo\Application\Admin\Controller\IndexController.class.php 第 321 行.
SQL: SHOW COLUMNS FROM `navigation` [ RunTime:0.0020s ]
SQL: SELECT * FROM `navigation` WHERE ( type='product' ) ORDER BY sort desc,id  [ RunTime:0.0010s ]
NOTIC: [8] Undefined index: category_id G:\xampp\htdocs\webdemo\Application\Admin\Controller\IndexController.class.php 第 236 行.
NOTIC: [8] Undefined index: category_id G:\xampp\htdocs\webdemo\Application\Admin\Controller\IndexController.class.php 第 236 行.
NOTIC: [8] Undefined index: category_id G:\xampp\htdocs\webdemo\Application\Admin\Controller\IndexController.class.php 第 236 行.
NOTIC: [8] Undefined index: category_id G:\xampp\htdocs\webdemo\Application\Admin\Controller\IndexController.class.php 第 236 行.
NOTIC: [8] Undefined index: category_id G:\xampp\htdocs\webdemo\Application\Admin\Controller\IndexController.class.php 第 236 行.
SQL: SHOW COLUMNS FROM `product` [ RunTime:0.0020s ]
SQL: SELECT * FROM `product`  [ RunTime:0.0010s ]
NOTIC: [8] Undefined variable: category G:\xampp\htdocs\webdemo\Application\Admin\Controller\IndexController.class.php 第 293 行.
NOTIC: [8] Undefined index: category_id G:\xampp\htdocs\webdemo\Application\Admin\Controller\IndexController.class.php 第 294 行.
INFO: [ view_parse ] --START--
INFO: [ template_filter ] --START--
INFO: Run Behavior\ContentReplaceBehavior [ RunTime:0.000000s ]
INFO: [ template_filter ] --END-- [ RunTime:0.000000s ]
INFO: Run Behavior\ParseTemplateBehavior [ RunTime:0.005000s ]
INFO: [ view_parse ] --END-- [ RunTime:0.005000s ]
INFO: [ view_filter ] --START--
INFO: Run Behavior\WriteHtmlCacheBehavior [ RunTime:0.001000s ]
INFO: [ view_filter ] --END-- [ RunTime:0.001000s ]
INFO: [ app_end ] --START--
INFO: Run Behavior\ShowPageTraceBehavior [ RunTime:0.000000s ]
INFO: [ app_end ] --END-- [ RunTime:0.000000s ]

[ 2017-01-18T01:36:38+08:00 ] ::1 /webdemo/index.php/Admin/Config/ProductListEdit.html
INFO: [ app_init ] --START--
INFO: Run Behavior\BuildLiteBehavior [ RunTime:0.000000s ]
INFO: [ app_init ] --END-- [ RunTime:0.000000s ]
INFO: [ app_begin ] --START--
INFO: Run Behavior\ReadHtmlCacheBehavior [ RunTime:0.000000s ]
INFO: [ app_begin ] --END-- [ RunTime:0.000000s ]
SQL: SHOW COLUMNS FROM `product` [ RunTime:0.0030s ]
SQL: UPDATE `product` SET `category_id`='11' WHERE `id` = 2 [ RunTime:0.0000s ]
NOTIC: [8] Undefined index: type G:\xampp\htdocs\webdemo\Application\Admin\Controller\ConfigController.class.php 第 236 行.
INFO: [ app_end ] --START--
INFO: Run Behavior\ShowPageTraceBehavior [ RunTime:0.001000s ]
INFO: [ app_end ] --END-- [ RunTime:0.001000s ]

[ 2017-01-18T01:36:39+08:00 ] ::1 /webdemo/index.php/Admin/Index/product
INFO: [ app_init ] --START--
INFO: Run Behavior\BuildLiteBehavior [ RunTime:0.000000s ]
INFO: [ app_init ] --END-- [ RunTime:0.000000s ]
INFO: [ app_begin ] --START--
INFO: Run Behavior\ReadHtmlCacheBehavior [ RunTime:0.000000s ]
INFO: [ app_begin ] --END-- [ RunTime:0.000000s ]
NOTIC: [2048] Declaration of Admin\Controller\IndexController::theme() should be compatible with Think\Controller::theme($theme) G:\xampp\htdocs\webdemo\Application\Admin\Controller\IndexController.class.php 第 321 行.
SQL: SHOW COLUMNS FROM `navigation` [ RunTime:0.0030s ]
SQL: SELECT * FROM `navigation` WHERE ( type='product' ) ORDER BY sort desc,id  [ RunTime:0.0000s ]
NOTIC: [8] Undefined index: category_id G:\xampp\htdocs\webdemo\Application\Admin\Controller\IndexController.class.php 第 236 行.
NOTIC: [8] Undefined index: category_id G:\xampp\htdocs\webdemo\Application\Admin\Controller\IndexController.class.php 第 236 行.
NOTIC: [8] Undefined index: category_id G:\xampp\htdocs\webdemo\Application\Admin\Controller\IndexController.class.php 第 236 行.
NOTIC: [8] Undefined index: category_id G:\xampp\htdocs\webdemo\Application\Admin\Controller\IndexController.class.php 第 236 行.
NOTIC: [8] Undefined index: category_id G:\xampp\htdocs\webdemo\Application\Admin\Controller\IndexController.class.php 第 236 行.
SQL: SHOW COLUMNS FROM `product` [ RunTime:0.0030s ]
SQL: SELECT * FROM `product`  [ RunTime:0.0000s ]
NOTIC: [8] Undefined variable: category G:\xampp\htdocs\webdemo\Application\Admin\Controller\IndexController.class.php 第 293 行.
NOTIC: [8] Undefined index: category_id G:\xampp\htdocs\webdemo\Application\Admin\Controller\IndexController.class.php 第 294 行.
INFO: [ view_parse ] --START--
INFO: [ template_filter ] --START--
INFO: Run Behavior\ContentReplaceBehavior [ RunTime:0.000000s ]
INFO: [ template_filter ] --END-- [ RunTime:0.000000s ]
INFO: Run Behavior\ParseTemplateBehavior [ RunTime:0.005000s ]
INFO: [ view_parse ] --END-- [ RunTime:0.005000s ]
INFO: [ view_filter ] --START--
INFO: Run Behavior\WriteHtmlCacheBehavior [ RunTime:0.000000s ]
INFO: [ view_filter ] --END-- [ RunTime:0.000000s ]
INFO: [ app_end ] --START--
INFO: Run Behavior\ShowPageTraceBehavior [ RunTime:0.000000s ]
INFO: [ app_end ] --END-- [ RunTime:0.000000s ]

[ 2017-01-18T01:38:27+08:00 ] ::1 /webdemo/index.php/Admin/Index/article
INFO: [ app_init ] --START--
INFO: Run Behavior\BuildLiteBehavior [ RunTime:0.000000s ]
INFO: [ app_init ] --END-- [ RunTime:0.000000s ]
INFO: [ app_begin ] --START--
INFO: Run Behavior\ReadHtmlCacheBehavior [ RunTime:0.001000s ]
INFO: [ app_begin ] --END-- [ RunTime:0.001000s ]
NOTIC: [2048] Declaration of Admin\Controller\IndexController::theme() should be compatible with Think\Controller::theme($theme) G:\xampp\htdocs\webdemo\Application\Admin\Controller\IndexController.class.php 第 322 行.
SQL: SHOW COLUMNS FROM `navigation` [ RunTime:0.0030s ]
SQL: SELECT * FROM `navigation` WHERE ( type='article' ) ORDER BY sort desc,id  [ RunTime:0.0000s ]
NOTIC: [8] Undefined index: category_id G:\xampp\htdocs\webdemo\Application\Admin\Controller\IndexController.class.php 第 140 行.
NOTIC: [8] Undefined index: category_id G:\xampp\htdocs\webdemo\Application\Admin\Controller\IndexController.class.php 第 140 行.
NOTIC: [8] Undefined index: category_id G:\xampp\htdocs\webdemo\Application\Admin\Controller\IndexController.class.php 第 140 行.
NOTIC: [8] Undefined index: category_id G:\xampp\htdocs\webdemo\Application\Admin\Controller\IndexController.class.php 第 140 行.
NOTIC: [8] Undefined index: category_id G:\xampp\htdocs\webdemo\Application\Admin\Controller\IndexController.class.php 第 140 行.
SQL: SHOW COLUMNS FROM `article` [ RunTime:0.0030s ]
SQL: SELECT * FROM `article`  [ RunTime:0.0000s ]
NOTIC: [8] Undefined index: pass G:\xampp\htdocs\webdemo\Application\Admin\Controller\IndexController.class.php 第 158 行.
NOTIC: [8] Undefined index: pass G:\xampp\htdocs\webdemo\Application\Admin\Controller\IndexController.class.php 第 162 行.
NOTIC: [8] Undefined index: status G:\xampp\htdocs\webdemo\Application\Admin\Controller\IndexController.class.php 第 166 行.
NOTIC: [8] Undefined variable: category G:\xampp\htdocs\webdemo\Application\Admin\Controller\IndexController.class.php 第 195 行.
NOTIC: [8] Undefined index: category_id G:\xampp\htdocs\webdemo\Application\Admin\Controller\IndexController.class.php 第 196 行.
INFO: [ view_parse ] --START--
INFO: [ template_filter ] --START--
INFO: Run Behavior\ContentReplaceBehavior [ RunTime:0.000000s ]
INFO: [ template_filter ] --END-- [ RunTime:0.000000s ]
INFO: Run Behavior\ParseTemplateBehavior [ RunTime:0.005000s ]
INFO: [ view_parse ] --END-- [ RunTime:0.005000s ]
INFO: [ view_filter ] --START--
INFO: Run Behavior\WriteHtmlCacheBehavior [ RunTime:0.000000s ]
INFO: [ view_filter ] --END-- [ RunTime:0.000000s ]
INFO: [ app_end ] --START--
INFO: Run Behavior\ShowPageTraceBehavior [ RunTime:0.001000s ]
INFO: [ app_end ] --END-- [ RunTime:0.001000s ]

[ 2017-01-18T01:38:33+08:00 ] ::1 /webdemo/index.php/Admin/Config/ArticleListEdit.html
INFO: [ app_init ] --START--
INFO: Run Behavior\BuildLiteBehavior [ RunTime:0.000000s ]
INFO: [ app_init ] --END-- [ RunTime:0.000000s ]
INFO: [ app_begin ] --START--
INFO: Run Behavior\ReadHtmlCacheBehavior [ RunTime:0.000000s ]
INFO: [ app_begin ] --END-- [ RunTime:0.000000s ]
ERR: 非法操作:ArticleListEdit

[ 2017-01-18T01:44:03+08:00 ] ::1 /webdemo/index.php/Admin/Index/product
INFO: [ app_init ] --START--
INFO: Run Behavior\BuildLiteBehavior [ RunTime:0.000000s ]
INFO: [ app_init ] --END-- [ RunTime:0.010001s ]
INFO: [ app_begin ] --START--
INFO: Run Behavior\ReadHtmlCacheBehavior [ RunTime:0.001000s ]
INFO: [ app_begin ] --END-- [ RunTime:0.001000s ]
NOTIC: [2048] Declaration of Admin\Controller\IndexController::theme() should be compatible with Think\Controller::theme($theme) G:\xampp\htdocs\webdemo\Application\Admin\Controller\IndexController.class.php 第 322 行.
SQL: SHOW COLUMNS FROM `navigation` [ RunTime:0.0030s ]
SQL: SELECT * FROM `navigation` WHERE ( type='product' ) ORDER BY sort desc,id  [ RunTime:0.0000s ]
NOTIC: [8] Undefined index: category_id G:\xampp\htdocs\webdemo\Application\Admin\Controller\IndexController.class.php 第 237 行.
NOTIC: [8] Undefined index: category_id G:\xampp\htdocs\webdemo\Application\Admin\Controller\IndexController.class.php 第 237 行.
NOTIC: [8] Undefined index: category_id G:\xampp\htdocs\webdemo\Application\Admin\Controller\IndexController.class.php 第 237 行.
NOTIC: [8] Undefined index: category_id G:\xampp\htdocs\webdemo\Application\Admin\Controller\IndexController.class.php 第 237 行.
NOTIC: [8] Undefined index: category_id G:\xampp\htdocs\webdemo\Application\Admin\Controller\IndexController.class.php 第 237 行.
SQL: SHOW COLUMNS FROM `product` [ RunTime:0.0030s ]
SQL: SELECT * FROM `product`  [ RunTime:0.0000s ]
NOTIC: [8] Undefined variable: category G:\xampp\htdocs\webdemo\Application\Admin\Controller\IndexController.class.php 第 294 行.
NOTIC: [8] Undefined index: category_id G:\xampp\htdocs\webdemo\Application\Admin\Controller\IndexController.class.php 第 295 行.
INFO: [ view_parse ] --START--
INFO: [ template_filter ] --START--
INFO: Run Behavior\ContentReplaceBehavior [ RunTime:0.000000s ]
INFO: [ template_filter ] --END-- [ RunTime:0.000000s ]
INFO: Run Behavior\ParseTemplateBehavior [ RunTime:0.055003s ]
INFO: [ view_parse ] --END-- [ RunTime:0.055003s ]
INFO: [ view_filter ] --START--
INFO: Run Behavior\WriteHtmlCacheBehavior [ RunTime:0.001000s ]
INFO: [ view_filter ] --END-- [ RunTime:0.001000s ]
INFO: [ app_end ] --START--
INFO: Run Behavior\ShowPageTraceBehavior [ RunTime:0.010001s ]
INFO: [ app_end ] --END-- [ RunTime:0.010001s ]

[ 2017-01-18T01:44:04+08:00 ] ::1 /webdemo/index.php/Admin/Index/article
INFO: [ app_init ] --START--
INFO: Run Behavior\BuildLiteBehavior [ RunTime:0.000000s ]
INFO: [ app_init ] --END-- [ RunTime:0.001000s ]
INFO: [ app_begin ] --START--
INFO: Run Behavior\ReadHtmlCacheBehavior [ RunTime:0.000000s ]
INFO: [ app_begin ] --END-- [ RunTime:0.000000s ]
NOTIC: [2048] Declaration of Admin\Controller\IndexController::theme() should be compatible with Think\Controller::theme($theme) G:\xampp\htdocs\webdemo\Application\Admin\Controller\IndexController.class.php 第 322 行.
SQL: SHOW COLUMNS FROM `navigation` [ RunTime:0.0030s ]
SQL: SELECT * FROM `navigation` WHERE ( type='article' ) ORDER BY sort desc,id  [ RunTime:0.0000s ]
NOTIC: [8] Undefined index: category_id G:\xampp\htdocs\webdemo\Application\Admin\Controller\IndexController.class.php 第 140 行.
NOTIC: [8] Undefined index: category_id G:\xampp\htdocs\webdemo\Application\Admin\Controller\IndexController.class.php 第 140 行.
NOTIC: [8] Undefined index: category_id G:\xampp\htdocs\webdemo\Application\Admin\Controller\IndexController.class.php 第 140 行.
NOTIC: [8] Undefined index: category_id G:\xampp\htdocs\webdemo\Application\Admin\Controller\IndexController.class.php 第 140 行.
NOTIC: [8] Undefined index: category_id G:\xampp\htdocs\webdemo\Application\Admin\Controller\IndexController.class.php 第 140 行.
SQL: SHOW COLUMNS FROM `article` [ RunTime:0.0030s ]
SQL: SELECT * FROM `article`  [ RunTime:0.0010s ]
NOTIC: [8] Undefined index: pass G:\xampp\htdocs\webdemo\Application\Admin\Controller\IndexController.class.php 第 158 行.
NOTIC: [8] Undefined index: pass G:\xampp\htdocs\webdemo\Application\Admin\Controller\IndexController.class.php 第 162 行.
NOTIC: [8] Undefined index: status G:\xampp\htdocs\webdemo\Application\Admin\Controller\IndexController.class.php 第 166 行.
NOTIC: [8] Undefined variable: category G:\xampp\htdocs\webdemo\Application\Admin\Controller\IndexController.class.php 第 195 行.
NOTIC: [8] Undefined index: category_id G:\xampp\htdocs\webdemo\Application\Admin\Controller\IndexController.class.php 第 196 行.
INFO: [ view_parse ] --START--
INFO: [ template_filter ] --START--
INFO: Run Behavior\ContentReplaceBehavior [ RunTime:0.001000s ]
INFO: [ template_filter ] --END-- [ RunTime:0.001000s ]
INFO: Run Behavior\ParseTemplateBehavior [ RunTime:0.015001s ]
INFO: [ view_parse ] --END-- [ RunTime:0.016001s ]
INFO: [ view_filter ] --START--
INFO: Run Behavior\WriteHtmlCacheBehavior [ RunTime:0.000000s ]
INFO: [ view_filter ] --END-- [ RunTime:0.000000s ]
INFO: [ app_end ] --START--
INFO: Run Behavior\ShowPageTraceBehavior [ RunTime:0.000000s ]
INFO: [ app_end ] --END-- [ RunTime:0.000000s ]

[ 2017-01-18T02:13:33+08:00 ] ::1 /webdemo/index.php/Admin/Config/ArticleListEdit.html
INFO: [ app_init ] --START--
INFO: Run Behavior\BuildLiteBehavior [ RunTime:0.000000s ]
INFO: [ app_init ] --END-- [ RunTime:0.010001s ]
INFO: [ app_begin ] --START--
INFO: Run Behavior\ReadHtmlCacheBehavior [ RunTime:0.001000s ]
INFO: [ app_begin ] --END-- [ RunTime:0.001000s ]
SQL: SHOW COLUMNS FROM `article` [ RunTime:0.0030s ]
SQL: UPDATE `article` SET `category_id`='19' WHERE `id` = 1 [ RunTime:0.0010s ]
NOTIC: [8] Undefined index: type G:\xampp\htdocs\webdemo\Application\Admin\Controller\ConfigController.class.php 第 272 行.
INFO: [ app_end ] --START--
INFO: Run Behavior\ShowPageTraceBehavior [ RunTime:0.013001s ]
INFO: [ app_end ] --END-- [ RunTime:0.013001s ]

[ 2017-01-18T02:13:34+08:00 ] ::1 /webdemo/index.php/Admin/Index/article
INFO: [ app_init ] --START--
INFO: Run Behavior\BuildLiteBehavior [ RunTime:0.000000s ]
INFO: [ app_init ] --END-- [ RunTime:0.000000s ]
INFO: [ app_begin ] --START--
INFO: Run Behavior\ReadHtmlCacheBehavior [ RunTime:0.001000s ]
INFO: [ app_begin ] --END-- [ RunTime:0.001000s ]
NOTIC: [2048] Declaration of Admin\Controller\IndexController::theme() should be compatible with Think\Controller::theme($theme) G:\xampp\htdocs\webdemo\Application\Admin\Controller\IndexController.class.php 第 322 行.
SQL: SHOW COLUMNS FROM `navigation` [ RunTime:0.0040s ]
SQL: SELECT * FROM `navigation` WHERE ( type='article' ) ORDER BY sort desc,id  [ RunTime:0.0000s ]
NOTIC: [8] Undefined index: category_id G:\xampp\htdocs\webdemo\Application\Admin\Controller\IndexController.class.php 第 140 行.
NOTIC: [8] Undefined index: category_id G:\xampp\htdocs\webdemo\Application\Admin\Controller\IndexController.class.php 第 140 行.
NOTIC: [8] Undefined index: category_id G:\xampp\htdocs\webdemo\Application\Admin\Controller\IndexController.class.php 第 140 行.
NOTIC: [8] Undefined index: category_id G:\xampp\htdocs\webdemo\Application\Admin\Controller\IndexController.class.php 第 140 行.
NOTIC: [8] Undefined index: category_id G:\xampp\htdocs\webdemo\Application\Admin\Controller\IndexController.class.php 第 140 行.
SQL: SHOW COLUMNS FROM `article` [ RunTime:0.0020s ]
SQL: SELECT * FROM `article`  [ RunTime:0.0000s ]
NOTIC: [8] Undefined index: pass G:\xampp\htdocs\webdemo\Application\Admin\Controller\IndexController.class.php 第 158 行.
NOTIC: [8] Undefined index: pass G:\xampp\htdocs\webdemo\Application\Admin\Controller\IndexController.class.php 第 162 行.
NOTIC: [8] Undefined index: status G:\xampp\htdocs\webdemo\Application\Admin\Controller\IndexController.class.php 第 166 行.
NOTIC: [8] Undefined variable: category G:\xampp\htdocs\webdemo\Application\Admin\Controller\IndexController.class.php 第 195 行.
NOTIC: [8] Undefined index: category_id G:\xampp\htdocs\webdemo\Application\Admin\Controller\IndexController.class.php 第 196 行.
INFO: [ view_parse ] --START--
INFO: [ template_filter ] --START--
INFO: Run Behavior\ContentReplaceBehavior [ RunTime:0.000000s ]
INFO: [ template_filter ] --END-- [ RunTime:0.000000s ]
INFO: Run Behavior\ParseTemplateBehavior [ RunTime:0.061003s ]
INFO: [ view_parse ] --END-- [ RunTime:0.061003s ]
INFO: [ view_filter ] --START--
INFO: Run Behavior\WriteHtmlCacheBehavior [ RunTime:0.009001s ]
INFO: [ view_filter ] --END-- [ RunTime:0.009001s ]
INFO: [ app_end ] --START--
INFO: Run Behavior\ShowPageTraceBehavior [ RunTime:0.000000s ]
INFO: [ app_end ] --END-- [ RunTime:0.000000s ]

